2024-04-21 13:06:02,583 INFO org.springframework.boot.StartupInfoLogger [main] Starting DataMigratorApplication using Java 1.8.0_111 on Anwaruls-MacBook-Pro.local with PID 43736 (/Users/anwar/Documents/Projects/KTS/SNSOP/Applications/spring-batch/target/classes started by anwar in /Users/anwar/Documents/Projects/KTS/SNSOP/Applications/spring-batch)
2024-04-21 13:06:02,589 INFO org.springframework.boot.SpringApplication [main] No active profile set, falling back to default profiles: default
2024-04-21 13:06:03,978 INFO org.springframework.data.repository.config.RepositoryConfigurationDelegate [main] Bootstrapping Spring Data JPA repositories in DEFAULT mode.
2024-04-21 13:06:04,064 INFO org.springframework.data.repository.config.RepositoryConfigurationDelegate [main] Finished Spring Data repository scanning in 77 ms. Found 1 JPA repository interfaces.
2024-04-21 13:06:05,145 INFO org.springframework.boot.web.embedded.tomcat.TomcatWebServer [main] Tomcat initialized with port(s): 8080 (http)
2024-04-21 13:06:05,157 INFO org.apache.juli.logging.DirectJDKLog [main] Initializing ProtocolHandler ["http-nio-8080"]
2024-04-21 13:06:05,159 INFO org.apache.juli.logging.DirectJDKLog [main] Starting service [Tomcat]
2024-04-21 13:06:05,159 INFO org.apache.juli.logging.DirectJDKLog [main] Starting Servlet engine: [Apache Tomcat/9.0.43]
2024-04-21 13:06:05,300 INFO org.apache.juli.logging.DirectJDKLog [main] Initializing Spring embedded WebApplicationContext
2024-04-21 13:06:05,301 INFO org.springframework.boot.web.servlet.context.ServletWebServerApplicationContext [main] Root WebApplicationContext: initialization completed in 2541 ms
2024-04-21 13:06:05,866 INFO org.hibernate.jpa.internal.util.LogHelper [main] HHH000204: Processing PersistenceUnitInfo [name: default]
2024-04-21 13:06:06,033 INFO org.hibernate.Version [main] HHH000412: Hibernate ORM core version 5.4.28.Final
2024-04-21 13:06:06,174 INFO org.hibernate.annotations.common.reflection.java.JavaReflectionManager [main] HCANN000001: Hibernate Commons Annotations {5.1.2.Final}
2024-04-21 13:06:06,273 INFO com.zaxxer.hikari.HikariDataSource [main] HikariPool-1 - Starting...
2024-04-21 13:06:08,048 INFO com.zaxxer.hikari.HikariDataSource [main] HikariPool-1 - Start completed.
2024-04-21 13:06:08,080 INFO org.hibernate.dialect.Dialect [main] HHH000400: Using dialect: org.hibernate.dialect.SQLServer2012Dialect
2024-04-21 13:06:10,213 INFO org.hibernate.engine.transaction.jta.platform.internal.JtaPlatformInitiator [main] HHH000490: Using JtaPlatform implementation: [org.hibernate.engine.transaction.jta.platform.internal.NoJtaPlatform]
2024-04-21 13:06:10,228 INFO org.springframework.orm.jpa.AbstractEntityManagerFactoryBean [main] Initialized JPA EntityManagerFactory for persistence unit 'default'
2024-04-21 13:06:11,283 WARN org.springframework.batch.core.listener.AbstractListenerFactoryBean [main] org.springframework.batch.item.ItemReader is an interface. The implementing class will not be queried for annotation based listener configurations. If using @StepScope on a @Bean method, be sure to return the implementing class so listener annotations can be used.
2024-04-21 13:06:11,414 WARN org.springframework.boot.autoconfigure.orm.jpa.JpaBaseConfiguration$JpaWebConfiguration [main] spring.jpa.open-in-view is enabled by default. Therefore, database queries may be performed during view rendering. Explicitly configure spring.jpa.open-in-view to disable this warning
2024-04-21 13:06:11,624 INFO org.springframework.scheduling.concurrent.ExecutorConfigurationSupport [main] Initializing ExecutorService 'applicationTaskExecutor'
2024-04-21 13:06:14,598 WARN org.springframework.boot.autoconfigure.batch.JpaBatchConfigurer [main] JPA does not support custom isolation levels, so locks may not be taken when launching Jobs
2024-04-21 13:06:14,606 INFO org.springframework.batch.core.repository.support.JobRepositoryFactoryBean [main] No database type set, using meta data indicating: SQLSERVER
2024-04-21 13:06:14,623 INFO org.springframework.batch.core.launch.support.SimpleJobLauncher [main] No TaskExecutor has been set, defaulting to synchronous executor.
2024-04-21 13:06:14,795 INFO org.springframework.scheduling.concurrent.ExecutorConfigurationSupport [main] Initializing ExecutorService 'taskScheduler'
2024-04-21 13:06:14,865 INFO org.apache.juli.logging.DirectJDKLog [main] Starting ProtocolHandler ["http-nio-8080"]
2024-04-21 13:06:14,890 INFO org.springframework.boot.web.embedded.tomcat.TomcatWebServer [main] Tomcat started on port(s): 8080 (http) with context path ''
2024-04-21 13:06:14,911 INFO org.springframework.boot.StartupInfoLogger [main] Started DataMigratorApplication in 12.879 seconds (JVM running for 13.6)
2024-04-21 13:06:14,930 INFO org.springframework.boot.autoconfigure.batch.JobLauncherApplicationRunner [main] Running default command line with: []
2024-04-21 13:06:20,193 INFO org.springframework.batch.core.launch.support.SimpleJobLauncher$1 [scheduling-1] Job: [SimpleJob: [name=migratorJob]] launched with the following parameters: [{FROM_DATE=1711091174905, TO_DATE=1713769574905, TRACE_ID=21d2f002-327c-4735-86d2-367cafa3fe13}]
2024-04-21 13:06:24,450 INFO org.springframework.batch.core.launch.support.SimpleJobLauncher$1 [main] Job: [SimpleJob: [name=migratorJob]] launched with the following parameters: [{}]
2024-04-21 13:06:25,222 INFO org.springframework.batch.core.job.SimpleStepHandler [scheduling-1] Executing step: [migrationStep1]
2024-04-21 13:06:29,565 INFO org.springframework.batch.core.job.SimpleStepHandler [main] Executing step: [migrationStep1]
2024-04-21 13:06:32,166 ERROR org.springframework.batch.core.step.AbstractStep [main] Encountered an error executing step migrationStep1 in job migratorJob
org.springframework.dao.InvalidDataAccessApiUsageException: Value must not be null!; nested exception is java.lang.IllegalArgumentException: Value must not be null!
	at org.springframework.orm.jpa.EntityManagerFactoryUtils.convertJpaAccessExceptionIfPossible(EntityManagerFactoryUtils.java:374)
	at org.springframework.orm.jpa.vendor.HibernateJpaDialect.translateExceptionIfPossible(HibernateJpaDialect.java:235)
	at org.springframework.orm.jpa.AbstractEntityManagerFactoryBean.translateExceptionIfPossible(AbstractEntityManagerFactoryBean.java:551)
	at org.springframework.dao.support.ChainedPersistenceExceptionTranslator.translateExceptionIfPossible(ChainedPersistenceExceptionTranslator.java:61)
	at org.springframework.dao.support.DataAccessUtils.translateIfNecessary(DataAccessUtils.java:242)
	at org.springframework.dao.support.PersistenceExceptionTranslationInterceptor.invoke(PersistenceExceptionTranslationInterceptor.java:152)
	at org.springframework.aop.framework.ReflectiveMethodInvocation.proceed(ReflectiveMethodInvocation.java:186)
	at org.springframework.data.jpa.repository.support.CrudMethodMetadataPostProcessor$CrudMethodMetadataPopulatingMethodInterceptor.invoke(CrudMethodMetadataPostProcessor.java:145)
	at org.springframework.aop.framework.ReflectiveMethodInvocation.proceed(ReflectiveMethodInvocation.java:186)
	at org.springframework.aop.interceptor.ExposeInvocationInterceptor.invoke(ExposeInvocationInterceptor.java:97)
	at org.springframework.aop.framework.ReflectiveMethodInvocation.proceed(ReflectiveMethodInvocation.java:186)
	at org.springframework.aop.framework.JdkDynamicAopProxy.invoke(JdkDynamicAopProxy.java:215)
	at com.sun.proxy.$Proxy90.findBeneficiaryByCreatedBetween(Unknown Source)
	at sun.reflect.NativeMethodAccessorImpl.invoke0(Native Method)
	at sun.reflect.NativeMethodAccessorImpl.invoke(NativeMethodAccessorImpl.java:62)
	at sun.reflect.DelegatingMethodAccessorImpl.invoke(DelegatingMethodAccessorImpl.java:43)
	at java.lang.reflect.Method.invoke(Method.java:498)
	at org.springframework.util.MethodInvoker.invoke(MethodInvoker.java:283)
	at org.springframework.batch.item.data.RepositoryItemReader.doInvoke(RepositoryItemReader.java:260)
	at org.springframework.batch.item.data.RepositoryItemReader.doPageRead(RepositoryItemReader.java:223)
	at org.springframework.batch.item.data.RepositoryItemReader.doRead(RepositoryItemReader.java:168)
	at org.springframework.batch.item.support.AbstractItemCountingItemStreamItemReader.read(AbstractItemCountingItemStreamItemReader.java:93)
	at sun.reflect.NativeMethodAccessorImpl.invoke0(Native Method)
	at sun.reflect.NativeMethodAccessorImpl.invoke(NativeMethodAccessorImpl.java:62)
	at sun.reflect.DelegatingMethodAccessorImpl.invoke(DelegatingMethodAccessorImpl.java:43)
	at java.lang.reflect.Method.invoke(Method.java:498)
	at org.springframework.aop.support.AopUtils.invokeJoinpointUsingReflection(AopUtils.java:344)
	at org.springframework.aop.framework.ReflectiveMethodInvocation.invokeJoinpoint(ReflectiveMethodInvocation.java:198)
	at org.springframework.aop.framework.ReflectiveMethodInvocation.proceed(ReflectiveMethodInvocation.java:163)
	at org.springframework.aop.support.DelegatingIntroductionInterceptor.doProceed(DelegatingIntroductionInterceptor.java:137)
	at org.springframework.aop.support.DelegatingIntroductionInterceptor.invoke(DelegatingIntroductionInterceptor.java:124)
	at org.springframework.aop.framework.ReflectiveMethodInvocation.proceed(ReflectiveMethodInvocation.java:186)
	at org.springframework.aop.framework.JdkDynamicAopProxy.invoke(JdkDynamicAopProxy.java:215)
	at com.sun.proxy.$Proxy94.read(Unknown Source)
	at org.springframework.batch.core.step.item.SimpleChunkProvider.doRead(SimpleChunkProvider.java:99)
	at org.springframework.batch.core.step.item.SimpleChunkProvider.read(SimpleChunkProvider.java:180)
	at org.springframework.batch.core.step.item.SimpleChunkProvider$1.doInIteration(SimpleChunkProvider.java:126)
	at org.springframework.batch.repeat.support.RepeatTemplate.getNextResult(RepeatTemplate.java:375)
	at org.springframework.batch.repeat.support.RepeatTemplate.executeInternal(RepeatTemplate.java:215)
	at org.springframework.batch.repeat.support.RepeatTemplate.iterate(RepeatTemplate.java:145)
	at org.springframework.batch.core.step.item.SimpleChunkProvider.provide(SimpleChunkProvider.java:118)
	at org.springframework.batch.core.step.item.ChunkOrientedTasklet.execute(ChunkOrientedTasklet.java:71)
	at org.springframework.batch.core.step.tasklet.TaskletStep$ChunkTransactionCallback.doInTransaction(TaskletStep.java:407)
	at org.springframework.batch.core.step.tasklet.TaskletStep$ChunkTransactionCallback.doInTransaction(TaskletStep.java:331)
	at org.springframework.transaction.support.TransactionTemplate.execute(TransactionTemplate.java:140)
	at org.springframework.batch.core.step.tasklet.TaskletStep$2.doInChunkContext(TaskletStep.java:273)
	at org.springframework.batch.core.scope.context.StepContextRepeatCallback.doInIteration(StepContextRepeatCallback.java:82)
	at org.springframework.batch.repeat.support.RepeatTemplate.getNextResult(RepeatTemplate.java:375)
	at org.springframework.batch.repeat.support.RepeatTemplate.executeInternal(RepeatTemplate.java:215)
	at org.springframework.batch.repeat.support.RepeatTemplate.iterate(RepeatTemplate.java:145)
	at org.springframework.batch.core.step.tasklet.TaskletStep.doExecute(TaskletStep.java:258)
	at org.springframework.batch.core.step.AbstractStep.execute(AbstractStep.java:208)
	at org.springframework.batch.core.job.SimpleStepHandler.handleStep(SimpleStepHandler.java:148)
	at org.springframework.batch.core.job.AbstractJob.handleStep(AbstractJob.java:411)
	at org.springframework.batch.core.job.SimpleJob.doExecute(SimpleJob.java:136)
	at org.springframework.batch.core.job.AbstractJob.execute(AbstractJob.java:320)
	at org.springframework.batch.core.launch.support.SimpleJobLauncher$1.run(SimpleJobLauncher.java:147)
	at org.springframework.core.task.SyncTaskExecutor.execute(SyncTaskExecutor.java:50)
	at org.springframework.batch.core.launch.support.SimpleJobLauncher.run(SimpleJobLauncher.java:140)
	at sun.reflect.NativeMethodAccessorImpl.invoke0(Native Method)
	at sun.reflect.NativeMethodAccessorImpl.invoke(NativeMethodAccessorImpl.java:62)
	at sun.reflect.DelegatingMethodAccessorImpl.invoke(DelegatingMethodAccessorImpl.java:43)
	at java.lang.reflect.Method.invoke(Method.java:498)
	at org.springframework.aop.support.AopUtils.invokeJoinpointUsingReflection(AopUtils.java:344)
	at org.springframework.aop.framework.ReflectiveMethodInvocation.invokeJoinpoint(ReflectiveMethodInvocation.java:198)
	at org.springframework.aop.framework.ReflectiveMethodInvocation.proceed(ReflectiveMethodInvocation.java:163)
	at org.springframework.batch.core.configuration.annotation.SimpleBatchConfiguration$PassthruAdvice.invoke(SimpleBatchConfiguration.java:128)
	at org.springframework.aop.framework.ReflectiveMethodInvocation.proceed(ReflectiveMethodInvocation.java:186)
	at org.springframework.aop.framework.JdkDynamicAopProxy.invoke(JdkDynamicAopProxy.java:215)
	at com.sun.proxy.$Proxy85.run(Unknown Source)
	at org.springframework.boot.autoconfigure.batch.JobLauncherApplicationRunner.execute(JobLauncherApplicationRunner.java:199)
	at org.springframework.boot.autoconfigure.batch.JobLauncherApplicationRunner.executeLocalJobs(JobLauncherApplicationRunner.java:173)
	at org.springframework.boot.autoconfigure.batch.JobLauncherApplicationRunner.launchJobFromProperties(JobLauncherApplicationRunner.java:160)
	at org.springframework.boot.autoconfigure.batch.JobLauncherApplicationRunner.run(JobLauncherApplicationRunner.java:155)
	at org.springframework.boot.autoconfigure.batch.JobLauncherApplicationRunner.run(JobLauncherApplicationRunner.java:150)
	at org.springframework.boot.SpringApplication.callRunner(SpringApplication.java:795)
	at org.springframework.boot.SpringApplication.callRunners(SpringApplication.java:785)
	at org.springframework.boot.SpringApplication.run(SpringApplication.java:333)
	at org.springframework.boot.SpringApplication.run(SpringApplication.java:1311)
	at org.springframework.boot.SpringApplication.run(SpringApplication.java:1300)
	at com.kit.migrator.datamigrator.DataMigratorApplication.main(DataMigratorApplication.java:32)
Caused by: java.lang.IllegalArgumentException: Value must not be null!
	at org.springframework.util.Assert.notNull(Assert.java:201)
	at org.springframework.data.jpa.repository.query.ParameterMetadataProvider$ParameterMetadata.prepare(ParameterMetadataProvider.java:236)
	at org.springframework.data.jpa.repository.query.QueryParameterSetterFactory$CriteriaQueryParameterSetterFactory.getAndPrepare(QueryParameterSetterFactory.java:323)
	at org.springframework.data.jpa.repository.query.QueryParameterSetterFactory$CriteriaQueryParameterSetterFactory.lambda$create$1(QueryParameterSetterFactory.java:316)
	at org.springframework.data.jpa.repository.query.QueryParameterSetter$NamedOrIndexedQueryParameterSetter.setParameter(QueryParameterSetter.java:87)
	at org.springframework.data.jpa.repository.query.ParameterBinder.bind(ParameterBinder.java:82)
	at org.springframework.data.jpa.repository.query.ParameterBinder.bind(ParameterBinder.java:74)
	at org.springframework.data.jpa.repository.query.ParameterBinder.bindAndPrepare(ParameterBinder.java:95)
	at org.springframework.data.jpa.repository.query.PartTreeJpaQuery$QueryPreparer.invokeBinding(PartTreeJpaQuery.java:324)
	at org.springframework.data.jpa.repository.query.PartTreeJpaQuery$QueryPreparer.createQuery(PartTreeJpaQuery.java:243)
	at org.springframework.data.jpa.repository.query.PartTreeJpaQuery.doCreateQuery(PartTreeJpaQuery.java:106)
	at org.springframework.data.jpa.repository.query.AbstractJpaQuery.createQuery(AbstractJpaQuery.java:227)
	at org.springframework.data.jpa.repository.query.JpaQueryExecution$PagedExecution.doExecute(JpaQueryExecution.java:175)
	at org.springframework.data.jpa.repository.query.JpaQueryExecution.execute(JpaQueryExecution.java:88)
	at org.springframework.data.jpa.repository.query.AbstractJpaQuery.doExecute(AbstractJpaQuery.java:155)
	at org.springframework.data.jpa.repository.query.AbstractJpaQuery.execute(AbstractJpaQuery.java:143)
	at org.springframework.data.repository.core.support.RepositoryMethodInvoker.doInvoke(RepositoryMethodInvoker.java:137)
	at org.springframework.data.repository.core.support.RepositoryMethodInvoker.invoke(RepositoryMethodInvoker.java:121)
	at org.springframework.data.repository.core.support.QueryExecutorMethodInterceptor.doInvoke(QueryExecutorMethodInterceptor.java:152)
	at org.springframework.data.repository.core.support.QueryExecutorMethodInterceptor.invoke(QueryExecutorMethodInterceptor.java:131)
	at org.springframework.aop.framework.ReflectiveMethodInvocation.proceed(ReflectiveMethodInvocation.java:186)
	at org.springframework.transaction.interceptor.TransactionInterceptor$1.proceedWithInvocation(TransactionInterceptor.java:123)
	at org.springframework.transaction.interceptor.TransactionAspectSupport.invokeWithinTransaction(TransactionAspectSupport.java:388)
	at org.springframework.transaction.interceptor.TransactionInterceptor.invoke(TransactionInterceptor.java:119)
	at org.springframework.aop.framework.ReflectiveMethodInvocation.proceed(ReflectiveMethodInvocation.java:186)
	at org.springframework.dao.support.PersistenceExceptionTranslationInterceptor.invoke(PersistenceExceptionTranslationInterceptor.java:137)
	... 75 common frames omitted
2024-04-21 13:06:32,988 INFO org.springframework.batch.core.step.AbstractStep [main] Step: [migrationStep1] executed in 3s413ms
2024-04-21 13:06:36,119 INFO org.springframework.batch.core.launch.support.SimpleJobLauncher$1 [main] Job: [SimpleJob: [name=migratorJob]] completed with the following parameters: [{}] and the following status: [FAILED] in 10s426ms
2024-04-21 13:07:18,699 INFO com.kit.migrator.datamigrator.service.BeneficiaryWriter [scheduling-1]  >>> cfd6ac44-60d3-40d4-a0ac-ac89caf2e92f
2024-04-21 13:07:18,702 INFO com.kit.migrator.datamigrator.service.BeneficiaryWriter [scheduling-1]  >>> 73cdb543-5747-4c5d-8128-afbcced12b4e
2024-04-21 13:07:18,702 INFO com.kit.migrator.datamigrator.service.BeneficiaryWriter [scheduling-1]  >>> e69a6b92-e920-48b0-9c7a-6e147a6bae41
2024-04-21 13:07:18,702 INFO com.kit.migrator.datamigrator.service.BeneficiaryWriter [scheduling-1]  >>> efc4b769-555f-4083-a0d9-fcd4cab0340e
2024-04-21 13:07:18,702 INFO com.kit.migrator.datamigrator.service.BeneficiaryWriter [scheduling-1]  >>> 1b960a16-4be2-4d97-97ca-3c7e9e3763e9
2024-04-21 13:07:18,703 INFO com.kit.migrator.datamigrator.service.BeneficiaryWriter [scheduling-1]  >>> dabd9223-bdad-4e45-881b-378288782cea
2024-04-21 13:07:18,703 INFO com.kit.migrator.datamigrator.service.BeneficiaryWriter [scheduling-1]  >>> 35c9f330-ff44-474b-ad33-da333d6a96a9
2024-04-21 13:07:18,703 INFO com.kit.migrator.datamigrator.service.BeneficiaryWriter [scheduling-1]  >>> 8a4e1228-11ef-4789-8431-e1470348a2ba
2024-04-21 13:07:18,703 INFO com.kit.migrator.datamigrator.service.BeneficiaryWriter [scheduling-1]  >>> deba5a13-ca9d-4749-89ab-65baa552d131
2024-04-21 13:07:18,703 INFO com.kit.migrator.datamigrator.service.BeneficiaryWriter [scheduling-1]  >>> 24e3872b-ed7a-4263-a5fe-7221d400dba8
2024-04-21 13:07:18,704 INFO com.kit.migrator.datamigrator.service.BeneficiaryWriter [scheduling-1]  >>> 92921498-a886-4371-b732-0da93c2d8ddd
2024-04-21 13:07:18,704 INFO com.kit.migrator.datamigrator.service.BeneficiaryWriter [scheduling-1]  >>> 70aa9064-2e40-4eeb-969c-f658cffc764f
2024-04-21 13:07:18,704 INFO com.kit.migrator.datamigrator.service.BeneficiaryWriter [scheduling-1]  >>> 8a25ecfa-36f7-4d94-b8b5-529e2835129c
2024-04-21 13:07:18,704 INFO com.kit.migrator.datamigrator.service.BeneficiaryWriter [scheduling-1]  >>> 7e72d5c5-02f7-4164-a188-f9100a65b849
2024-04-21 13:07:18,705 INFO com.kit.migrator.datamigrator.service.BeneficiaryWriter [scheduling-1]  >>> 5cf4a232-b90d-46e1-9690-e917cd99970d
2024-04-21 13:07:18,705 INFO com.kit.migrator.datamigrator.service.BeneficiaryWriter [scheduling-1]  >>> bc5339ac-7ca3-4a0e-9f6b-e63f73cacfc2
2024-04-21 13:07:18,705 INFO com.kit.migrator.datamigrator.service.BeneficiaryWriter [scheduling-1]  >>> ea0eef18-b6ea-4fc1-abfa-88e1caf5f58e
2024-04-21 13:07:18,705 INFO com.kit.migrator.datamigrator.service.BeneficiaryWriter [scheduling-1]  >>> 2f171f3d-9d2f-4067-b9a0-31b8cf69a035
2024-04-21 13:07:18,706 INFO com.kit.migrator.datamigrator.service.BeneficiaryWriter [scheduling-1]  >>> b521b362-2c04-4665-b09c-d951190b8660
2024-04-21 13:07:18,706 INFO com.kit.migrator.datamigrator.service.BeneficiaryWriter [scheduling-1]  >>> a45c96b7-bb72-4bfd-8fb0-5c6f42cb32aa
2024-04-21 13:08:15,920 INFO com.kit.migrator.datamigrator.service.BeneficiaryWriter [scheduling-1]  >>> dd00bd49-8eb8-4cea-bc91-1119d5de8716
2024-04-21 13:08:15,925 INFO com.kit.migrator.datamigrator.service.BeneficiaryWriter [scheduling-1]  >>> fad5d1a0-584e-4bab-92f4-6d6a11860e6e
2024-04-21 13:08:15,925 INFO com.kit.migrator.datamigrator.service.BeneficiaryWriter [scheduling-1]  >>> 586378b8-abb4-4f06-b334-925c2c1b48b8
2024-04-21 13:08:15,925 INFO com.kit.migrator.datamigrator.service.BeneficiaryWriter [scheduling-1]  >>> e13b6d68-49ad-40f8-8f37-79d4ab8de024
2024-04-21 13:08:15,926 INFO com.kit.migrator.datamigrator.service.BeneficiaryWriter [scheduling-1]  >>> 73d38b1b-ed59-4aab-80dc-22db7c8c743e
2024-04-21 13:08:15,926 INFO com.kit.migrator.datamigrator.service.BeneficiaryWriter [scheduling-1]  >>> 43cb6542-40cb-4815-ba5d-c77f9544f9c8
2024-04-21 13:08:15,926 INFO com.kit.migrator.datamigrator.service.BeneficiaryWriter [scheduling-1]  >>> b00cee6b-caed-4221-91c7-d062204c6d05
2024-04-21 13:08:15,926 INFO com.kit.migrator.datamigrator.service.BeneficiaryWriter [scheduling-1]  >>> 5cc34697-f3b6-4e12-80d9-24c95e24275f
2024-04-21 13:08:15,927 INFO com.kit.migrator.datamigrator.service.BeneficiaryWriter [scheduling-1]  >>> a675c322-52c8-4d88-811c-b766a832590a
2024-04-21 13:08:15,928 INFO com.kit.migrator.datamigrator.service.BeneficiaryWriter [scheduling-1]  >>> f3b7b957-66ec-4b5e-bd98-cbe41f766c4c
2024-04-21 13:08:15,928 INFO com.kit.migrator.datamigrator.service.BeneficiaryWriter [scheduling-1]  >>> ff97e449-c80c-4004-928d-a28604ea4123
2024-04-21 13:08:15,928 INFO com.kit.migrator.datamigrator.service.BeneficiaryWriter [scheduling-1]  >>> 7302d468-a2a0-4fdf-8ddd-169c35450de6
2024-04-21 13:08:15,929 INFO com.kit.migrator.datamigrator.service.BeneficiaryWriter [scheduling-1]  >>> dd06c258-4880-42b9-a5ac-2c594246fec7
2024-04-21 13:08:15,929 INFO com.kit.migrator.datamigrator.service.BeneficiaryWriter [scheduling-1]  >>> 421117ba-d4f6-4788-9503-db1f236edc39
2024-04-21 13:08:15,929 INFO com.kit.migrator.datamigrator.service.BeneficiaryWriter [scheduling-1]  >>> 6d87966a-6514-4f56-a3dc-030d11f3e07f
2024-04-21 13:08:15,929 INFO com.kit.migrator.datamigrator.service.BeneficiaryWriter [scheduling-1]  >>> 9272d90f-ae60-4837-ae01-469c182acd40
2024-04-21 13:08:15,930 INFO com.kit.migrator.datamigrator.service.BeneficiaryWriter [scheduling-1]  >>> 44749d05-152b-4959-9ca9-2fbcc235f7ea
2024-04-21 13:08:15,930 INFO com.kit.migrator.datamigrator.service.BeneficiaryWriter [scheduling-1]  >>> 45c5e398-f138-4ee2-b0e7-bc911f213718
2024-04-21 13:08:15,930 INFO com.kit.migrator.datamigrator.service.BeneficiaryWriter [scheduling-1]  >>> 82dc584e-9bdf-4809-8637-8172f6583718
2024-04-21 13:08:15,930 INFO com.kit.migrator.datamigrator.service.BeneficiaryWriter [scheduling-1]  >>> 17c3ac05-4b4f-4148-8234-cc9f78d73417
2024-04-21 13:09:15,929 INFO com.kit.migrator.datamigrator.service.BeneficiaryWriter [scheduling-1]  >>> 230cf7a4-9838-45cb-af0a-3529a062952e
2024-04-21 13:09:15,936 INFO com.kit.migrator.datamigrator.service.BeneficiaryWriter [scheduling-1]  >>> 31616ff9-4513-46a7-a129-1a12e0d6a0bb
2024-04-21 13:09:15,936 INFO com.kit.migrator.datamigrator.service.BeneficiaryWriter [scheduling-1]  >>> 673e3184-30bb-435f-abb2-ce2582a16d78
2024-04-21 13:09:15,936 INFO com.kit.migrator.datamigrator.service.BeneficiaryWriter [scheduling-1]  >>> f0cfd69d-4d5f-4deb-8dd6-5a55b934b330
2024-04-21 13:09:15,936 INFO com.kit.migrator.datamigrator.service.BeneficiaryWriter [scheduling-1]  >>> d6476d8e-9ddc-4285-8d87-5a0b3b7f5e61
2024-04-21 13:09:15,937 INFO com.kit.migrator.datamigrator.service.BeneficiaryWriter [scheduling-1]  >>> 812772d6-206c-455d-a416-7d33e9a1d3cf
2024-04-21 13:09:15,937 INFO com.kit.migrator.datamigrator.service.BeneficiaryWriter [scheduling-1]  >>> 72e07ce6-df5d-40bc-8973-737fb84c3aa0
2024-04-21 13:09:15,937 INFO com.kit.migrator.datamigrator.service.BeneficiaryWriter [scheduling-1]  >>> 369c46ee-db54-4dc2-98ff-68084f2f45c4
2024-04-21 13:09:15,937 INFO com.kit.migrator.datamigrator.service.BeneficiaryWriter [scheduling-1]  >>> 51ee7116-ee25-42d7-920f-cc154f77a3d5
2024-04-21 13:09:15,938 INFO com.kit.migrator.datamigrator.service.BeneficiaryWriter [scheduling-1]  >>> 9ab7620f-3baf-43b0-86dc-5f6a55e0aa5d
2024-04-21 13:09:15,938 INFO com.kit.migrator.datamigrator.service.BeneficiaryWriter [scheduling-1]  >>> c64e69a8-e6fa-4d38-bc87-f32566d00046
2024-04-21 13:09:15,938 INFO com.kit.migrator.datamigrator.service.BeneficiaryWriter [scheduling-1]  >>> 8fd5f233-b4ef-4ba5-b6b4-9e20165f90e0
2024-04-21 13:09:15,938 INFO com.kit.migrator.datamigrator.service.BeneficiaryWriter [scheduling-1]  >>> ff0339e5-f0dd-4f50-b122-db291b33bfd9
2024-04-21 13:09:15,939 INFO com.kit.migrator.datamigrator.service.BeneficiaryWriter [scheduling-1]  >>> bc76e9bd-3c8a-4b8c-adec-fcfaaffed66d
2024-04-21 13:09:15,939 INFO com.kit.migrator.datamigrator.service.BeneficiaryWriter [scheduling-1]  >>> 67030752-ecb0-4a3a-989d-9ebe94a44c60
2024-04-21 13:09:15,939 INFO com.kit.migrator.datamigrator.service.BeneficiaryWriter [scheduling-1]  >>> e751dd8f-f90c-43e0-a363-b1014bc5a371
2024-04-21 13:09:15,939 INFO com.kit.migrator.datamigrator.service.BeneficiaryWriter [scheduling-1]  >>> 60db50e7-20dc-414c-9e0f-fb6c515e636d
2024-04-21 13:09:15,939 INFO com.kit.migrator.datamigrator.service.BeneficiaryWriter [scheduling-1]  >>> 38140892-9a64-4105-82a1-d0525b9c84bf
2024-04-21 13:09:15,940 INFO com.kit.migrator.datamigrator.service.BeneficiaryWriter [scheduling-1]  >>> 18f4b40d-ca62-408e-ae59-b74fea33f003
2024-04-21 13:09:15,940 INFO com.kit.migrator.datamigrator.service.BeneficiaryWriter [scheduling-1]  >>> 75f2f5a1-20e5-459a-9d1d-d0f0758c2c95
2024-04-21 13:10:13,768 INFO com.kit.migrator.datamigrator.service.BeneficiaryWriter [scheduling-1]  >>> 1acbad75-4e5a-4682-abb0-de4c74443d67
2024-04-21 13:10:13,772 INFO com.kit.migrator.datamigrator.service.BeneficiaryWriter [scheduling-1]  >>> e6bb2f4f-a8a8-496d-844d-f985befa7aa2
2024-04-21 13:10:13,772 INFO com.kit.migrator.datamigrator.service.BeneficiaryWriter [scheduling-1]  >>> b869fbe2-a856-4818-8596-c89f6d48bde2
2024-04-21 13:10:13,772 INFO com.kit.migrator.datamigrator.service.BeneficiaryWriter [scheduling-1]  >>> 1555a244-6806-4b42-a76c-83388600a93f
2024-04-21 13:10:13,773 INFO com.kit.migrator.datamigrator.service.BeneficiaryWriter [scheduling-1]  >>> 6a58290b-c88d-4d20-9702-59a95e3d2d37
2024-04-21 13:10:13,773 INFO com.kit.migrator.datamigrator.service.BeneficiaryWriter [scheduling-1]  >>> ebb593a7-81f4-4f27-9da5-b488f26f2477
2024-04-21 13:10:13,773 INFO com.kit.migrator.datamigrator.service.BeneficiaryWriter [scheduling-1]  >>> 1d1b0336-e5aa-4cc4-b141-afbd7172984b
2024-04-21 13:10:13,773 INFO com.kit.migrator.datamigrator.service.BeneficiaryWriter [scheduling-1]  >>> 9dd2a947-d6c2-40ba-b03b-8dacb93f17b1
2024-04-21 13:10:13,774 INFO com.kit.migrator.datamigrator.service.BeneficiaryWriter [scheduling-1]  >>> a3a48b84-f6f8-4bb8-9add-d8920877dbbd
2024-04-21 13:10:13,774 INFO com.kit.migrator.datamigrator.service.BeneficiaryWriter [scheduling-1]  >>> 71b34a88-556b-4910-8753-5398a19dc015
2024-04-21 13:10:13,774 INFO com.kit.migrator.datamigrator.service.BeneficiaryWriter [scheduling-1]  >>> 3742cf5a-809d-483a-8015-925d19004482
2024-04-21 13:10:13,774 INFO com.kit.migrator.datamigrator.service.BeneficiaryWriter [scheduling-1]  >>> 07cc87c8-bf19-4a23-8961-13bb17b40713
2024-04-21 13:10:13,775 INFO com.kit.migrator.datamigrator.service.BeneficiaryWriter [scheduling-1]  >>> 75dd1e87-a5e2-44c0-a303-10e3e0867152
2024-04-21 13:10:13,776 INFO com.kit.migrator.datamigrator.service.BeneficiaryWriter [scheduling-1]  >>> 69d8a1e6-3681-41f5-9ac5-c0e8b0f4d360
2024-04-21 13:10:13,776 INFO com.kit.migrator.datamigrator.service.BeneficiaryWriter [scheduling-1]  >>> 641992eb-3d74-4f7a-943c-700d8193ee56
2024-04-21 13:10:13,776 INFO com.kit.migrator.datamigrator.service.BeneficiaryWriter [scheduling-1]  >>> de720c36-aaf9-48a9-bfd3-92336a9a6d25
2024-04-21 13:10:13,777 INFO com.kit.migrator.datamigrator.service.BeneficiaryWriter [scheduling-1]  >>> 62643805-c3b8-4287-ab13-1601c353aace
2024-04-21 13:10:13,777 INFO com.kit.migrator.datamigrator.service.BeneficiaryWriter [scheduling-1]  >>> fa930338-b416-450b-82eb-929e306261f8
2024-04-21 13:10:13,778 INFO com.kit.migrator.datamigrator.service.BeneficiaryWriter [scheduling-1]  >>> f67c48e1-29f7-4e87-aaf6-eb9fc025257b
2024-04-21 13:10:13,779 INFO com.kit.migrator.datamigrator.service.BeneficiaryWriter [scheduling-1]  >>> 2cbae858-3257-4354-b868-e98dc2e8bd0a
2024-04-21 13:11:12,351 INFO com.kit.migrator.datamigrator.service.BeneficiaryWriter [scheduling-1]  >>> e2ac8d8a-ed43-4db4-9e45-1bf2ce200c46
2024-04-21 13:11:12,358 INFO com.kit.migrator.datamigrator.service.BeneficiaryWriter [scheduling-1]  >>> 19fcb7e5-28ef-45cc-9c12-68286d1d810b
2024-04-21 13:11:12,358 INFO com.kit.migrator.datamigrator.service.BeneficiaryWriter [scheduling-1]  >>> 375889ba-fc4f-4212-a20f-1f7194ca1686
2024-04-21 13:11:12,358 INFO com.kit.migrator.datamigrator.service.BeneficiaryWriter [scheduling-1]  >>> 828b3d3f-68f4-448c-8e19-7ff003380388
2024-04-21 13:11:12,359 INFO com.kit.migrator.datamigrator.service.BeneficiaryWriter [scheduling-1]  >>> 102d2d8a-141a-4863-9c01-b5fa81a33a04
2024-04-21 13:11:12,359 INFO com.kit.migrator.datamigrator.service.BeneficiaryWriter [scheduling-1]  >>> 12518776-19ed-4276-a796-1526e7ecef6e
2024-04-21 13:11:12,360 INFO com.kit.migrator.datamigrator.service.BeneficiaryWriter [scheduling-1]  >>> 1f0775cc-ecf1-4936-aa12-3a83549b07f4
2024-04-21 13:11:12,361 INFO com.kit.migrator.datamigrator.service.BeneficiaryWriter [scheduling-1]  >>> 0d56b221-3f56-4457-baa6-6fcb7f5c0b00
2024-04-21 13:11:12,362 INFO com.kit.migrator.datamigrator.service.BeneficiaryWriter [scheduling-1]  >>> bc4e2abd-d8bb-433b-8f68-74fde9acb588
2024-04-21 13:11:12,362 INFO com.kit.migrator.datamigrator.service.BeneficiaryWriter [scheduling-1]  >>> d63a9ae9-222e-4223-98c2-a99121fb669a
2024-04-21 13:11:12,362 INFO com.kit.migrator.datamigrator.service.BeneficiaryWriter [scheduling-1]  >>> 61933a8c-3cdf-489f-8287-49b2e0c89d5f
2024-04-21 13:11:12,363 INFO com.kit.migrator.datamigrator.service.BeneficiaryWriter [scheduling-1]  >>> 675d7aed-4b47-4e63-8185-caee506efa52
2024-04-21 13:11:12,365 INFO com.kit.migrator.datamigrator.service.BeneficiaryWriter [scheduling-1]  >>> d4aca848-f83b-4630-8773-67fbc953b1cf
2024-04-21 13:11:12,366 INFO com.kit.migrator.datamigrator.service.BeneficiaryWriter [scheduling-1]  >>> df4f105b-1b96-4d70-8023-3542db367e09
2024-04-21 13:11:12,366 INFO com.kit.migrator.datamigrator.service.BeneficiaryWriter [scheduling-1]  >>> dd501a32-144d-47f3-ac3f-a2484ea196d3
2024-04-21 13:11:12,366 INFO com.kit.migrator.datamigrator.service.BeneficiaryWriter [scheduling-1]  >>> 1ff24b2c-38e0-42cf-bf7f-760e3fead39e
2024-04-21 13:11:12,366 INFO com.kit.migrator.datamigrator.service.BeneficiaryWriter [scheduling-1]  >>> 7f5719e5-dee5-489d-a106-de33e7def69b
2024-04-21 13:11:12,366 INFO com.kit.migrator.datamigrator.service.BeneficiaryWriter [scheduling-1]  >>> de308dcb-6e5a-4a82-beec-1852b65ee710
2024-04-21 13:11:12,369 INFO com.kit.migrator.datamigrator.service.BeneficiaryWriter [scheduling-1]  >>> 92c260a2-ff51-4111-90ba-f354daf1e5ca
2024-04-21 13:11:12,370 INFO com.kit.migrator.datamigrator.service.BeneficiaryWriter [scheduling-1]  >>> acb5ea94-a5d5-4a8c-b81f-6754b62207c4
2024-04-21 13:11:25,637 INFO org.springframework.scheduling.concurrent.ExecutorConfigurationSupport [SpringContextShutdownHook] Shutting down ExecutorService 'taskScheduler'
2024-04-21 13:11:25,641 INFO org.springframework.scheduling.concurrent.ExecutorConfigurationSupport [SpringContextShutdownHook] Shutting down ExecutorService 'applicationTaskExecutor'
2024-04-21 13:11:25,642 INFO org.springframework.orm.jpa.AbstractEntityManagerFactoryBean [SpringContextShutdownHook] Closing JPA EntityManagerFactory for persistence unit 'default'
2024-04-21 13:11:25,654 INFO com.zaxxer.hikari.HikariDataSource [SpringContextShutdownHook] HikariPool-1 - Shutdown initiated...
2024-04-21 13:11:25,665 ERROR org.springframework.batch.core.step.tasklet.TaskletStep$ChunkTransactionCallback [scheduling-1] Thread interrupted while locking for repository update
2024-04-21 13:11:25,677 INFO com.zaxxer.hikari.HikariDataSource [SpringContextShutdownHook] HikariPool-1 - Shutdown completed.
2024-04-21 13:11:25,680 WARN com.zaxxer.hikari.pool.ProxyConnection [scheduling-1] HikariPool-1 - Connection ConnectionID:2 ClientConnectionId: a69d7812-aeba-4969-ae7f-fdadffbc20b2 marked as broken because of SQLSTATE(08S01), ErrorCode(0)
com.microsoft.sqlserver.jdbc.SQLServerException: The connection is closed.
	at com.microsoft.sqlserver.jdbc.SQLServerException.makeFromDriverError(SQLServerException.java:234)
	at com.microsoft.sqlserver.jdbc.SQLServerConnection.checkClosed(SQLServerConnection.java:1202)
	at com.microsoft.sqlserver.jdbc.SQLServerConnection.rollback(SQLServerConnection.java:3442)
	at com.zaxxer.hikari.pool.ProxyConnection.rollback(ProxyConnection.java:396)
	at com.zaxxer.hikari.pool.HikariProxyConnection.rollback(HikariProxyConnection.java)
	at org.hibernate.resource.jdbc.internal.AbstractLogicalConnectionImplementor.rollback(AbstractLogicalConnectionImplementor.java:121)
	at org.hibernate.resource.transaction.backend.jdbc.internal.JdbcResourceLocalTransactionCoordinatorImpl$TransactionDriverControlImpl.rollback(JdbcResourceLocalTransactionCoordinatorImpl.java:304)
	at org.hibernate.engine.transaction.internal.TransactionImpl.rollback(TransactionImpl.java:142)
	at org.springframework.orm.jpa.JpaTransactionManager.doRollback(JpaTransactionManager.java:589)
	at org.springframework.transaction.support.AbstractPlatformTransactionManager.processRollback(AbstractPlatformTransactionManager.java:835)
	at org.springframework.transaction.support.AbstractPlatformTransactionManager.rollback(AbstractPlatformTransactionManager.java:809)
	at sun.reflect.NativeMethodAccessorImpl.invoke0(Native Method)
	at sun.reflect.NativeMethodAccessorImpl.invoke(NativeMethodAccessorImpl.java:62)
	at sun.reflect.DelegatingMethodAccessorImpl.invoke(DelegatingMethodAccessorImpl.java:43)
	at java.lang.reflect.Method.invoke(Method.java:498)
	at org.springframework.aop.support.AopUtils.invokeJoinpointUsingReflection(AopUtils.java:344)
	at org.springframework.aop.framework.ReflectiveMethodInvocation.invokeJoinpoint(ReflectiveMethodInvocation.java:198)
	at org.springframework.aop.framework.ReflectiveMethodInvocation.proceed(ReflectiveMethodInvocation.java:163)
	at org.springframework.batch.core.configuration.annotation.SimpleBatchConfiguration$PassthruAdvice.invoke(SimpleBatchConfiguration.java:128)
	at org.springframework.aop.framework.ReflectiveMethodInvocation.proceed(ReflectiveMethodInvocation.java:186)
	at org.springframework.aop.framework.JdkDynamicAopProxy.invoke(JdkDynamicAopProxy.java:215)
	at com.sun.proxy.$Proxy84.rollback(Unknown Source)
	at org.springframework.transaction.support.TransactionTemplate.rollbackOnException(TransactionTemplate.java:168)
	at org.springframework.transaction.support.TransactionTemplate.execute(TransactionTemplate.java:144)
	at org.springframework.batch.core.step.tasklet.TaskletStep$2.doInChunkContext(TaskletStep.java:273)
	at org.springframework.batch.core.scope.context.StepContextRepeatCallback.doInIteration(StepContextRepeatCallback.java:82)
	at org.springframework.batch.repeat.support.RepeatTemplate.getNextResult(RepeatTemplate.java:375)
	at org.springframework.batch.repeat.support.RepeatTemplate.executeInternal(RepeatTemplate.java:215)
	at org.springframework.batch.repeat.support.RepeatTemplate.iterate(RepeatTemplate.java:145)
	at org.springframework.batch.core.step.tasklet.TaskletStep.doExecute(TaskletStep.java:258)
	at org.springframework.batch.core.step.AbstractStep.execute(AbstractStep.java:208)
	at org.springframework.batch.core.job.SimpleStepHandler.handleStep(SimpleStepHandler.java:148)
	at org.springframework.batch.core.job.AbstractJob.handleStep(AbstractJob.java:411)
	at org.springframework.batch.core.job.SimpleJob.doExecute(SimpleJob.java:136)
	at org.springframework.batch.core.job.AbstractJob.execute(AbstractJob.java:320)
	at org.springframework.batch.core.launch.support.SimpleJobLauncher$1.run(SimpleJobLauncher.java:147)
	at org.springframework.core.task.SyncTaskExecutor.execute(SyncTaskExecutor.java:50)
	at org.springframework.batch.core.launch.support.SimpleJobLauncher.run(SimpleJobLauncher.java:140)
	at sun.reflect.NativeMethodAccessorImpl.invoke0(Native Method)
	at sun.reflect.NativeMethodAccessorImpl.invoke(NativeMethodAccessorImpl.java:62)
	at sun.reflect.DelegatingMethodAccessorImpl.invoke(DelegatingMethodAccessorImpl.java:43)
	at java.lang.reflect.Method.invoke(Method.java:498)
	at org.springframework.aop.support.AopUtils.invokeJoinpointUsingReflection(AopUtils.java:344)
	at org.springframework.aop.framework.ReflectiveMethodInvocation.invokeJoinpoint(ReflectiveMethodInvocation.java:198)
	at org.springframework.aop.framework.ReflectiveMethodInvocation.proceed(ReflectiveMethodInvocation.java:163)
	at org.springframework.batch.core.configuration.annotation.SimpleBatchConfiguration$PassthruAdvice.invoke(SimpleBatchConfiguration.java:128)
	at org.springframework.aop.framework.ReflectiveMethodInvocation.proceed(ReflectiveMethodInvocation.java:186)
	at org.springframework.aop.framework.JdkDynamicAopProxy.invoke(JdkDynamicAopProxy.java:215)
	at com.sun.proxy.$Proxy85.run(Unknown Source)
	at com.kit.migrator.datamigrator.DataMigratorApplication.launchJob(DataMigratorApplication.java:51)
	at com.kit.migrator.datamigrator.DataMigratorApplication.runJob(DataMigratorApplication.java:37)
	at sun.reflect.NativeMethodAccessorImpl.invoke0(Native Method)
	at sun.reflect.NativeMethodAccessorImpl.invoke(NativeMethodAccessorImpl.java:62)
	at sun.reflect.DelegatingMethodAccessorImpl.invoke(DelegatingMethodAccessorImpl.java:43)
	at java.lang.reflect.Method.invoke(Method.java:498)
	at org.springframework.scheduling.support.ScheduledMethodRunnable.run(ScheduledMethodRunnable.java:84)
	at org.springframework.scheduling.support.DelegatingErrorHandlingRunnable.run(DelegatingErrorHandlingRunnable.java:54)
	at java.util.concurrent.Executors$RunnableAdapter.call(Executors.java:511)
	at java.util.concurrent.FutureTask.runAndReset(FutureTask.java:308)
	at java.util.concurrent.ScheduledThreadPoolExecutor$ScheduledFutureTask.access$301(ScheduledThreadPoolExecutor.java:180)
	at java.util.concurrent.ScheduledThreadPoolExecutor$ScheduledFutureTask.run(ScheduledThreadPoolExecutor.java:294)
	at java.util.concurrent.ThreadPoolExecutor.runWorker(ThreadPoolExecutor.java:1142)
	at java.util.concurrent.ThreadPoolExecutor$Worker.run(ThreadPoolExecutor.java:617)
	at java.lang.Thread.run(Thread.java:745)
2024-04-21 13:11:25,684 ERROR org.springframework.batch.core.step.tasklet.TaskletStep$ChunkTransactionCallback [scheduling-1] Rolling back with transaction in unknown state
2024-04-21 13:11:25,685 ERROR org.springframework.transaction.support.TransactionTemplate [scheduling-1] Application exception overridden by rollback exception
org.springframework.dao.InvalidDataAccessApiUsageException: Session/EntityManager is closed; nested exception is java.lang.IllegalStateException: Session/EntityManager is closed
	at org.springframework.orm.jpa.EntityManagerFactoryUtils.convertJpaAccessExceptionIfPossible(EntityManagerFactoryUtils.java:371)
	at org.springframework.orm.jpa.vendor.HibernateJpaDialect.translateExceptionIfPossible(HibernateJpaDialect.java:235)
	at org.springframework.orm.jpa.AbstractEntityManagerFactoryBean.translateExceptionIfPossible(AbstractEntityManagerFactoryBean.java:551)
	at org.springframework.dao.support.ChainedPersistenceExceptionTranslator.translateExceptionIfPossible(ChainedPersistenceExceptionTranslator.java:61)
	at org.springframework.dao.support.DataAccessUtils.translateIfNecessary(DataAccessUtils.java:242)
	at org.springframework.dao.support.PersistenceExceptionTranslationInterceptor.invoke(PersistenceExceptionTranslationInterceptor.java:152)
	at org.springframework.aop.framework.ReflectiveMethodInvocation.proceed(ReflectiveMethodInvocation.java:186)
	at org.springframework.data.jpa.repository.support.CrudMethodMetadataPostProcessor$CrudMethodMetadataPopulatingMethodInterceptor.invoke(CrudMethodMetadataPostProcessor.java:145)
	at org.springframework.aop.framework.ReflectiveMethodInvocation.proceed(ReflectiveMethodInvocation.java:186)
	at org.springframework.aop.interceptor.ExposeInvocationInterceptor.invoke(ExposeInvocationInterceptor.java:97)
	at org.springframework.aop.framework.ReflectiveMethodInvocation.proceed(ReflectiveMethodInvocation.java:186)
	at org.springframework.aop.framework.JdkDynamicAopProxy.invoke(JdkDynamicAopProxy.java:215)
	at com.sun.proxy.$Proxy90.findBeneficiaryByCreatedBetween(Unknown Source)
	at sun.reflect.NativeMethodAccessorImpl.invoke0(Native Method)
	at sun.reflect.NativeMethodAccessorImpl.invoke(NativeMethodAccessorImpl.java:62)
	at sun.reflect.DelegatingMethodAccessorImpl.invoke(DelegatingMethodAccessorImpl.java:43)
	at java.lang.reflect.Method.invoke(Method.java:498)
	at org.springframework.util.MethodInvoker.invoke(MethodInvoker.java:283)
	at org.springframework.batch.item.data.RepositoryItemReader.doInvoke(RepositoryItemReader.java:260)
	at org.springframework.batch.item.data.RepositoryItemReader.doPageRead(RepositoryItemReader.java:223)
	at org.springframework.batch.item.data.RepositoryItemReader.doRead(RepositoryItemReader.java:168)
	at org.springframework.batch.item.support.AbstractItemCountingItemStreamItemReader.read(AbstractItemCountingItemStreamItemReader.java:93)
	at sun.reflect.GeneratedMethodAccessor46.invoke(Unknown Source)
	at sun.reflect.DelegatingMethodAccessorImpl.invoke(DelegatingMethodAccessorImpl.java:43)
	at java.lang.reflect.Method.invoke(Method.java:498)
	at org.springframework.aop.support.AopUtils.invokeJoinpointUsingReflection(AopUtils.java:344)
	at org.springframework.aop.framework.ReflectiveMethodInvocation.invokeJoinpoint(ReflectiveMethodInvocation.java:198)
	at org.springframework.aop.framework.ReflectiveMethodInvocation.proceed(ReflectiveMethodInvocation.java:163)
	at org.springframework.aop.support.DelegatingIntroductionInterceptor.doProceed(DelegatingIntroductionInterceptor.java:137)
	at org.springframework.aop.support.DelegatingIntroductionInterceptor.invoke(DelegatingIntroductionInterceptor.java:124)
	at org.springframework.aop.framework.ReflectiveMethodInvocation.proceed(ReflectiveMethodInvocation.java:186)
	at org.springframework.aop.framework.JdkDynamicAopProxy.invoke(JdkDynamicAopProxy.java:215)
	at com.sun.proxy.$Proxy94.read(Unknown Source)
	at org.springframework.batch.core.step.item.SimpleChunkProvider.doRead(SimpleChunkProvider.java:99)
	at org.springframework.batch.core.step.item.SimpleChunkProvider.read(SimpleChunkProvider.java:180)
	at org.springframework.batch.core.step.item.SimpleChunkProvider$1.doInIteration(SimpleChunkProvider.java:126)
	at org.springframework.batch.repeat.support.RepeatTemplate.getNextResult(RepeatTemplate.java:375)
	at org.springframework.batch.repeat.support.RepeatTemplate.executeInternal(RepeatTemplate.java:215)
	at org.springframework.batch.repeat.support.RepeatTemplate.iterate(RepeatTemplate.java:145)
	at org.springframework.batch.core.step.item.SimpleChunkProvider.provide(SimpleChunkProvider.java:118)
	at org.springframework.batch.core.step.item.ChunkOrientedTasklet.execute(ChunkOrientedTasklet.java:71)
	at org.springframework.batch.core.step.tasklet.TaskletStep$ChunkTransactionCallback.doInTransaction(TaskletStep.java:407)
	at org.springframework.batch.core.step.tasklet.TaskletStep$ChunkTransactionCallback.doInTransaction(TaskletStep.java:331)
	at org.springframework.transaction.support.TransactionTemplate.execute(TransactionTemplate.java:140)
	at org.springframework.batch.core.step.tasklet.TaskletStep$2.doInChunkContext(TaskletStep.java:273)
	at org.springframework.batch.core.scope.context.StepContextRepeatCallback.doInIteration(StepContextRepeatCallback.java:82)
	at org.springframework.batch.repeat.support.RepeatTemplate.getNextResult(RepeatTemplate.java:375)
	at org.springframework.batch.repeat.support.RepeatTemplate.executeInternal(RepeatTemplate.java:215)
	at org.springframework.batch.repeat.support.RepeatTemplate.iterate(RepeatTemplate.java:145)
	at org.springframework.batch.core.step.tasklet.TaskletStep.doExecute(TaskletStep.java:258)
	at org.springframework.batch.core.step.AbstractStep.execute(AbstractStep.java:208)
	at org.springframework.batch.core.job.SimpleStepHandler.handleStep(SimpleStepHandler.java:148)
	at org.springframework.batch.core.job.AbstractJob.handleStep(AbstractJob.java:411)
	at org.springframework.batch.core.job.SimpleJob.doExecute(SimpleJob.java:136)
	at org.springframework.batch.core.job.AbstractJob.execute(AbstractJob.java:320)
	at org.springframework.batch.core.launch.support.SimpleJobLauncher$1.run(SimpleJobLauncher.java:147)
	at org.springframework.core.task.SyncTaskExecutor.execute(SyncTaskExecutor.java:50)
	at org.springframework.batch.core.launch.support.SimpleJobLauncher.run(SimpleJobLauncher.java:140)
	at sun.reflect.NativeMethodAccessorImpl.invoke0(Native Method)
	at sun.reflect.NativeMethodAccessorImpl.invoke(NativeMethodAccessorImpl.java:62)
	at sun.reflect.DelegatingMethodAccessorImpl.invoke(DelegatingMethodAccessorImpl.java:43)
	at java.lang.reflect.Method.invoke(Method.java:498)
	at org.springframework.aop.support.AopUtils.invokeJoinpointUsingReflection(AopUtils.java:344)
	at org.springframework.aop.framework.ReflectiveMethodInvocation.invokeJoinpoint(ReflectiveMethodInvocation.java:198)
	at org.springframework.aop.framework.ReflectiveMethodInvocation.proceed(ReflectiveMethodInvocation.java:163)
	at org.springframework.batch.core.configuration.annotation.SimpleBatchConfiguration$PassthruAdvice.invoke(SimpleBatchConfiguration.java:128)
	at org.springframework.aop.framework.ReflectiveMethodInvocation.proceed(ReflectiveMethodInvocation.java:186)
	at org.springframework.aop.framework.JdkDynamicAopProxy.invoke(JdkDynamicAopProxy.java:215)
	at com.sun.proxy.$Proxy85.run(Unknown Source)
	at com.kit.migrator.datamigrator.DataMigratorApplication.launchJob(DataMigratorApplication.java:51)
	at com.kit.migrator.datamigrator.DataMigratorApplication.runJob(DataMigratorApplication.java:37)
	at sun.reflect.NativeMethodAccessorImpl.invoke0(Native Method)
	at sun.reflect.NativeMethodAccessorImpl.invoke(NativeMethodAccessorImpl.java:62)
	at sun.reflect.DelegatingMethodAccessorImpl.invoke(DelegatingMethodAccessorImpl.java:43)
	at java.lang.reflect.Method.invoke(Method.java:498)
	at org.springframework.scheduling.support.ScheduledMethodRunnable.run(ScheduledMethodRunnable.java:84)
	at org.springframework.scheduling.support.DelegatingErrorHandlingRunnable.run(DelegatingErrorHandlingRunnable.java:54)
	at java.util.concurrent.Executors$RunnableAdapter.call(Executors.java:511)
	at java.util.concurrent.FutureTask.runAndReset(FutureTask.java:308)
	at java.util.concurrent.ScheduledThreadPoolExecutor$ScheduledFutureTask.access$301(ScheduledThreadPoolExecutor.java:180)
	at java.util.concurrent.ScheduledThreadPoolExecutor$ScheduledFutureTask.run(ScheduledThreadPoolExecutor.java:294)
	at java.util.concurrent.ThreadPoolExecutor.runWorker(ThreadPoolExecutor.java:1142)
	at java.util.concurrent.ThreadPoolExecutor$Worker.run(ThreadPoolExecutor.java:617)
	at java.lang.Thread.run(Thread.java:745)
Caused by: java.lang.IllegalStateException: Session/EntityManager is closed
	at org.hibernate.internal.AbstractSharedSessionContract.checkOpen(AbstractSharedSessionContract.java:384)
	at org.hibernate.engine.spi.SharedSessionContractImplementor.checkOpen(SharedSessionContractImplementor.java:148)
	at org.hibernate.internal.AbstractSharedSessionContract.checkOpenOrWaitingForAutoClose(AbstractSharedSessionContract.java:390)
	at org.hibernate.internal.SessionImpl.getEntityUsingInterceptor(SessionImpl.java:563)
	at org.hibernate.loader.plan.exec.process.internal.EntityReferenceInitializerImpl.hydrateEntityState(EntityReferenceInitializerImpl.java:188)
	at org.hibernate.loader.plan.exec.process.internal.AbstractRowReader.readRow(AbstractRowReader.java:102)
	at org.hibernate.loader.plan.exec.internal.EntityLoadQueryDetails$EntityLoaderRowReader.readRow(EntityLoadQueryDetails.java:288)
	at org.hibernate.loader.plan.exec.process.internal.ResultSetProcessorImpl.extractRows(ResultSetProcessorImpl.java:157)
	at org.hibernate.loader.plan.exec.process.internal.ResultSetProcessorImpl.extractResults(ResultSetProcessorImpl.java:94)
	at org.hibernate.loader.plan.exec.internal.AbstractLoadPlanBasedLoader.executeLoad(AbstractLoadPlanBasedLoader.java:105)
	at org.hibernate.loader.entity.plan.AbstractLoadPlanBasedEntityLoader.load(AbstractLoadPlanBasedEntityLoader.java:285)
	at org.hibernate.persister.entity.AbstractEntityPersister.doLoad(AbstractEntityPersister.java:4442)
	at org.hibernate.persister.entity.AbstractEntityPersister.load(AbstractEntityPersister.java:4432)
	at org.hibernate.event.internal.DefaultLoadEventListener.loadFromDatasource(DefaultLoadEventListener.java:569)
	at org.hibernate.event.internal.DefaultLoadEventListener.doLoad(DefaultLoadEventListener.java:537)
	at org.hibernate.event.internal.DefaultLoadEventListener.load(DefaultLoadEventListener.java:208)
	at org.hibernate.event.internal.DefaultLoadEventListener.proxyOrLoad(DefaultLoadEventListener.java:332)
	at org.hibernate.event.internal.DefaultLoadEventListener.doOnLoad(DefaultLoadEventListener.java:108)
	at org.hibernate.event.internal.DefaultLoadEventListener.onLoad(DefaultLoadEventListener.java:74)
	at org.hibernate.event.service.internal.EventListenerGroupImpl.fireEventOnEachListener(EventListenerGroupImpl.java:104)
	at org.hibernate.internal.SessionImpl.fireLoadNoChecks(SessionImpl.java:1186)
	at org.hibernate.internal.SessionImpl.internalLoad(SessionImpl.java:1051)
	at org.hibernate.type.EntityType.resolveIdentifier(EntityType.java:697)
	at org.hibernate.type.EntityType.resolve(EntityType.java:464)
	at org.hibernate.type.ManyToOneType.resolve(ManyToOneType.java:240)
	at org.hibernate.engine.internal.TwoPhaseLoad$EntityResolver.lambda$static$0(TwoPhaseLoad.java:605)
	at org.hibernate.engine.internal.TwoPhaseLoad.initializeEntityEntryLoadedState(TwoPhaseLoad.java:248)
	at org.hibernate.engine.internal.TwoPhaseLoad.initializeEntity(TwoPhaseLoad.java:182)
	at org.hibernate.engine.internal.TwoPhaseLoad.initializeEntity(TwoPhaseLoad.java:151)
	at org.hibernate.loader.Loader.initializeEntitiesAndCollections(Loader.java:1199)
	at org.hibernate.loader.Loader.processResultSet(Loader.java:1001)
	at org.hibernate.loader.Loader.doQuery(Loader.java:959)
	at org.hibernate.loader.Loader.doQueryAndInitializeNonLazyCollections(Loader.java:349)
	at org.hibernate.loader.Loader.doList(Loader.java:2849)
	at org.hibernate.loader.Loader.doList(Loader.java:2831)
	at org.hibernate.loader.Loader.listIgnoreQueryCache(Loader.java:2663)
	at org.hibernate.loader.Loader.list(Loader.java:2658)
	at org.hibernate.loader.hql.QueryLoader.list(QueryLoader.java:506)
	at org.hibernate.hql.internal.ast.QueryTranslatorImpl.list(QueryTranslatorImpl.java:400)
	at org.hibernate.engine.query.spi.HQLQueryPlan.performList(HQLQueryPlan.java:219)
	at org.hibernate.internal.SessionImpl.list(SessionImpl.java:1414)
	at org.hibernate.query.internal.AbstractProducedQuery.doList(AbstractProducedQuery.java:1625)
	at org.hibernate.query.internal.AbstractProducedQuery.list(AbstractProducedQuery.java:1593)
	at org.hibernate.query.Query.getResultList(Query.java:165)
	at org.hibernate.query.criteria.internal.compile.CriteriaQueryTypeQueryAdapter.getResultList(CriteriaQueryTypeQueryAdapter.java:76)
	at org.springframework.data.jpa.repository.query.JpaQueryExecution$PagedExecution.doExecute(JpaQueryExecution.java:177)
	at org.springframework.data.jpa.repository.query.JpaQueryExecution.execute(JpaQueryExecution.java:88)
	at org.springframework.data.jpa.repository.query.AbstractJpaQuery.doExecute(AbstractJpaQuery.java:155)
	at org.springframework.data.jpa.repository.query.AbstractJpaQuery.execute(AbstractJpaQuery.java:143)
	at org.springframework.data.repository.core.support.RepositoryMethodInvoker.doInvoke(RepositoryMethodInvoker.java:137)
	at org.springframework.data.repository.core.support.RepositoryMethodInvoker.invoke(RepositoryMethodInvoker.java:121)
	at org.springframework.data.repository.core.support.QueryExecutorMethodInterceptor.doInvoke(QueryExecutorMethodInterceptor.java:152)
	at org.springframework.data.repository.core.support.QueryExecutorMethodInterceptor.invoke(QueryExecutorMethodInterceptor.java:131)
	at org.springframework.aop.framework.ReflectiveMethodInvocation.proceed(ReflectiveMethodInvocation.java:186)
	at org.springframework.transaction.interceptor.TransactionInterceptor$1.proceedWithInvocation(TransactionInterceptor.java:123)
	at org.springframework.transaction.interceptor.TransactionAspectSupport.invokeWithinTransaction(TransactionAspectSupport.java:388)
	at org.springframework.transaction.interceptor.TransactionInterceptor.invoke(TransactionInterceptor.java:119)
	at org.springframework.aop.framework.ReflectiveMethodInvocation.proceed(ReflectiveMethodInvocation.java:186)
	at org.springframework.dao.support.PersistenceExceptionTranslationInterceptor.invoke(PersistenceExceptionTranslationInterceptor.java:137)
	... 78 common frames omitted
2024-04-21 13:13:28,542 INFO org.springframework.boot.StartupInfoLogger [main] Starting DataMigratorApplication using Java 1.8.0_111 on Anwaruls-MacBook-Pro.local with PID 45084 (/Users/anwar/Documents/Projects/KTS/SNSOP/Applications/spring-batch/target/classes started by anwar in /Users/anwar/Documents/Projects/KTS/SNSOP/Applications/spring-batch)
2024-04-21 13:13:28,547 INFO org.springframework.boot.SpringApplication [main] No active profile set, falling back to default profiles: default
2024-04-21 13:13:29,938 INFO org.springframework.data.repository.config.RepositoryConfigurationDelegate [main] Bootstrapping Spring Data JPA repositories in DEFAULT mode.
2024-04-21 13:13:30,041 INFO org.springframework.data.repository.config.RepositoryConfigurationDelegate [main] Finished Spring Data repository scanning in 90 ms. Found 1 JPA repository interfaces.
2024-04-21 13:13:31,210 INFO org.springframework.boot.web.embedded.tomcat.TomcatWebServer [main] Tomcat initialized with port(s): 8080 (http)
2024-04-21 13:13:31,220 INFO org.apache.juli.logging.DirectJDKLog [main] Initializing ProtocolHandler ["http-nio-8080"]
2024-04-21 13:13:31,221 INFO org.apache.juli.logging.DirectJDKLog [main] Starting service [Tomcat]
2024-04-21 13:13:31,222 INFO org.apache.juli.logging.DirectJDKLog [main] Starting Servlet engine: [Apache Tomcat/9.0.43]
2024-04-21 13:13:31,371 INFO org.apache.juli.logging.DirectJDKLog [main] Initializing Spring embedded WebApplicationContext
2024-04-21 13:13:31,372 INFO org.springframework.boot.web.servlet.context.ServletWebServerApplicationContext [main] Root WebApplicationContext: initialization completed in 2655 ms
2024-04-21 13:13:31,982 INFO org.hibernate.jpa.internal.util.LogHelper [main] HHH000204: Processing PersistenceUnitInfo [name: default]
2024-04-21 13:13:32,050 INFO org.hibernate.Version [main] HHH000412: Hibernate ORM core version 5.4.28.Final
2024-04-21 13:13:32,167 INFO org.hibernate.annotations.common.reflection.java.JavaReflectionManager [main] HCANN000001: Hibernate Commons Annotations {5.1.2.Final}
2024-04-21 13:13:32,277 INFO com.zaxxer.hikari.HikariDataSource [main] HikariPool-1 - Starting...
2024-04-21 13:13:33,997 INFO com.zaxxer.hikari.HikariDataSource [main] HikariPool-1 - Start completed.
2024-04-21 13:13:34,031 INFO org.hibernate.dialect.Dialect [main] HHH000400: Using dialect: org.hibernate.dialect.SQLServer2012Dialect
2024-04-21 13:13:36,344 INFO org.hibernate.engine.transaction.jta.platform.internal.JtaPlatformInitiator [main] HHH000490: Using JtaPlatform implementation: [org.hibernate.engine.transaction.jta.platform.internal.NoJtaPlatform]
2024-04-21 13:13:36,358 INFO org.springframework.orm.jpa.AbstractEntityManagerFactoryBean [main] Initialized JPA EntityManagerFactory for persistence unit 'default'
2024-04-21 13:13:37,781 WARN org.springframework.batch.core.listener.AbstractListenerFactoryBean [main] org.springframework.batch.item.ItemReader is an interface. The implementing class will not be queried for annotation based listener configurations. If using @StepScope on a @Bean method, be sure to return the implementing class so listener annotations can be used.
2024-04-21 13:13:37,925 WARN org.springframework.boot.autoconfigure.orm.jpa.JpaBaseConfiguration$JpaWebConfiguration [main] spring.jpa.open-in-view is enabled by default. Therefore, database queries may be performed during view rendering. Explicitly configure spring.jpa.open-in-view to disable this warning
2024-04-21 13:13:38,301 INFO org.springframework.scheduling.concurrent.ExecutorConfigurationSupport [main] Initializing ExecutorService 'applicationTaskExecutor'
2024-04-21 13:13:41,593 WARN org.springframework.boot.autoconfigure.batch.JpaBatchConfigurer [main] JPA does not support custom isolation levels, so locks may not be taken when launching Jobs
2024-04-21 13:13:41,601 INFO org.springframework.batch.core.repository.support.JobRepositoryFactoryBean [main] No database type set, using meta data indicating: SQLSERVER
2024-04-21 13:13:41,618 INFO org.springframework.batch.core.launch.support.SimpleJobLauncher [main] No TaskExecutor has been set, defaulting to synchronous executor.
2024-04-21 13:13:41,771 INFO org.springframework.scheduling.concurrent.ExecutorConfigurationSupport [main] Initializing ExecutorService 'taskScheduler'
2024-04-21 13:13:41,836 INFO org.apache.juli.logging.DirectJDKLog [main] Starting ProtocolHandler ["http-nio-8080"]
2024-04-21 13:13:41,861 INFO org.springframework.boot.web.embedded.tomcat.TomcatWebServer [main] Tomcat started on port(s): 8080 (http) with context path ''
2024-04-21 13:13:41,888 INFO org.springframework.boot.StartupInfoLogger [main] Started DataMigratorApplication in 13.892 seconds (JVM running for 14.612)
2024-04-21 13:13:41,905 INFO org.springframework.boot.autoconfigure.batch.JobLauncherApplicationRunner [main] Running default command line with: []
2024-04-21 13:13:47,107 INFO org.springframework.batch.core.launch.support.SimpleJobLauncher$1 [scheduling-1] Job: [SimpleJob: [name=migratorJob]] launched with the following parameters: [{FROM_DATE=1711091621882, TO_DATE=1713770021882, TRACE_ID=67294e89-e843-4104-9cdc-8fa4e15fd475}]
2024-04-21 13:13:51,669 INFO org.springframework.batch.core.launch.support.SimpleJobLauncher$1 [main] Job: [SimpleJob: [name=migratorJob]] launched with the following parameters: [{}]
2024-04-21 13:13:52,056 INFO org.springframework.batch.core.job.SimpleStepHandler [scheduling-1] Executing step: [migrationStep1]
2024-04-21 13:13:57,349 INFO org.springframework.batch.core.job.SimpleStepHandler [main] Executing step: [migrationStep1]
2024-04-21 13:14:00,305 ERROR org.springframework.batch.core.step.AbstractStep [main] Encountered an error executing step migrationStep1 in job migratorJob
org.springframework.dao.InvalidDataAccessApiUsageException: Value must not be null!; nested exception is java.lang.IllegalArgumentException: Value must not be null!
	at org.springframework.orm.jpa.EntityManagerFactoryUtils.convertJpaAccessExceptionIfPossible(EntityManagerFactoryUtils.java:374)
	at org.springframework.orm.jpa.vendor.HibernateJpaDialect.translateExceptionIfPossible(HibernateJpaDialect.java:235)
	at org.springframework.orm.jpa.AbstractEntityManagerFactoryBean.translateExceptionIfPossible(AbstractEntityManagerFactoryBean.java:551)
	at org.springframework.dao.support.ChainedPersistenceExceptionTranslator.translateExceptionIfPossible(ChainedPersistenceExceptionTranslator.java:61)
	at org.springframework.dao.support.DataAccessUtils.translateIfNecessary(DataAccessUtils.java:242)
	at org.springframework.dao.support.PersistenceExceptionTranslationInterceptor.invoke(PersistenceExceptionTranslationInterceptor.java:152)
	at org.springframework.aop.framework.ReflectiveMethodInvocation.proceed(ReflectiveMethodInvocation.java:186)
	at org.springframework.data.jpa.repository.support.CrudMethodMetadataPostProcessor$CrudMethodMetadataPopulatingMethodInterceptor.invoke(CrudMethodMetadataPostProcessor.java:145)
	at org.springframework.aop.framework.ReflectiveMethodInvocation.proceed(ReflectiveMethodInvocation.java:186)
	at org.springframework.aop.interceptor.ExposeInvocationInterceptor.invoke(ExposeInvocationInterceptor.java:97)
	at org.springframework.aop.framework.ReflectiveMethodInvocation.proceed(ReflectiveMethodInvocation.java:186)
	at org.springframework.aop.framework.JdkDynamicAopProxy.invoke(JdkDynamicAopProxy.java:215)
	at com.sun.proxy.$Proxy90.findBeneficiaryByCreatedBetween(Unknown Source)
	at sun.reflect.NativeMethodAccessorImpl.invoke0(Native Method)
	at sun.reflect.NativeMethodAccessorImpl.invoke(NativeMethodAccessorImpl.java:62)
	at sun.reflect.DelegatingMethodAccessorImpl.invoke(DelegatingMethodAccessorImpl.java:43)
	at java.lang.reflect.Method.invoke(Method.java:498)
	at org.springframework.util.MethodInvoker.invoke(MethodInvoker.java:283)
	at org.springframework.batch.item.data.RepositoryItemReader.doInvoke(RepositoryItemReader.java:260)
	at org.springframework.batch.item.data.RepositoryItemReader.doPageRead(RepositoryItemReader.java:223)
	at org.springframework.batch.item.data.RepositoryItemReader.doRead(RepositoryItemReader.java:168)
	at org.springframework.batch.item.support.AbstractItemCountingItemStreamItemReader.read(AbstractItemCountingItemStreamItemReader.java:93)
	at sun.reflect.NativeMethodAccessorImpl.invoke0(Native Method)
	at sun.reflect.NativeMethodAccessorImpl.invoke(NativeMethodAccessorImpl.java:62)
	at sun.reflect.DelegatingMethodAccessorImpl.invoke(DelegatingMethodAccessorImpl.java:43)
	at java.lang.reflect.Method.invoke(Method.java:498)
	at org.springframework.aop.support.AopUtils.invokeJoinpointUsingReflection(AopUtils.java:344)
	at org.springframework.aop.framework.ReflectiveMethodInvocation.invokeJoinpoint(ReflectiveMethodInvocation.java:198)
	at org.springframework.aop.framework.ReflectiveMethodInvocation.proceed(ReflectiveMethodInvocation.java:163)
	at org.springframework.aop.support.DelegatingIntroductionInterceptor.doProceed(DelegatingIntroductionInterceptor.java:137)
	at org.springframework.aop.support.DelegatingIntroductionInterceptor.invoke(DelegatingIntroductionInterceptor.java:124)
	at org.springframework.aop.framework.ReflectiveMethodInvocation.proceed(ReflectiveMethodInvocation.java:186)
	at org.springframework.aop.framework.JdkDynamicAopProxy.invoke(JdkDynamicAopProxy.java:215)
	at com.sun.proxy.$Proxy94.read(Unknown Source)
	at org.springframework.batch.core.step.item.SimpleChunkProvider.doRead(SimpleChunkProvider.java:99)
	at org.springframework.batch.core.step.item.SimpleChunkProvider.read(SimpleChunkProvider.java:180)
	at org.springframework.batch.core.step.item.SimpleChunkProvider$1.doInIteration(SimpleChunkProvider.java:126)
	at org.springframework.batch.repeat.support.RepeatTemplate.getNextResult(RepeatTemplate.java:375)
	at org.springframework.batch.repeat.support.RepeatTemplate.executeInternal(RepeatTemplate.java:215)
	at org.springframework.batch.repeat.support.RepeatTemplate.iterate(RepeatTemplate.java:145)
	at org.springframework.batch.core.step.item.SimpleChunkProvider.provide(SimpleChunkProvider.java:118)
	at org.springframework.batch.core.step.item.ChunkOrientedTasklet.execute(ChunkOrientedTasklet.java:71)
	at org.springframework.batch.core.step.tasklet.TaskletStep$ChunkTransactionCallback.doInTransaction(TaskletStep.java:407)
	at org.springframework.batch.core.step.tasklet.TaskletStep$ChunkTransactionCallback.doInTransaction(TaskletStep.java:331)
	at org.springframework.transaction.support.TransactionTemplate.execute(TransactionTemplate.java:140)
	at org.springframework.batch.core.step.tasklet.TaskletStep$2.doInChunkContext(TaskletStep.java:273)
	at org.springframework.batch.core.scope.context.StepContextRepeatCallback.doInIteration(StepContextRepeatCallback.java:82)
	at org.springframework.batch.repeat.support.RepeatTemplate.getNextResult(RepeatTemplate.java:375)
	at org.springframework.batch.repeat.support.RepeatTemplate.executeInternal(RepeatTemplate.java:215)
	at org.springframework.batch.repeat.support.RepeatTemplate.iterate(RepeatTemplate.java:145)
	at org.springframework.batch.core.step.tasklet.TaskletStep.doExecute(TaskletStep.java:258)
	at org.springframework.batch.core.step.AbstractStep.execute(AbstractStep.java:208)
	at org.springframework.batch.core.job.SimpleStepHandler.handleStep(SimpleStepHandler.java:148)
	at org.springframework.batch.core.job.AbstractJob.handleStep(AbstractJob.java:411)
	at org.springframework.batch.core.job.SimpleJob.doExecute(SimpleJob.java:136)
	at org.springframework.batch.core.job.AbstractJob.execute(AbstractJob.java:320)
	at org.springframework.batch.core.launch.support.SimpleJobLauncher$1.run(SimpleJobLauncher.java:147)
	at org.springframework.core.task.SyncTaskExecutor.execute(SyncTaskExecutor.java:50)
	at org.springframework.batch.core.launch.support.SimpleJobLauncher.run(SimpleJobLauncher.java:140)
	at sun.reflect.NativeMethodAccessorImpl.invoke0(Native Method)
	at sun.reflect.NativeMethodAccessorImpl.invoke(NativeMethodAccessorImpl.java:62)
	at sun.reflect.DelegatingMethodAccessorImpl.invoke(DelegatingMethodAccessorImpl.java:43)
	at java.lang.reflect.Method.invoke(Method.java:498)
	at org.springframework.aop.support.AopUtils.invokeJoinpointUsingReflection(AopUtils.java:344)
	at org.springframework.aop.framework.ReflectiveMethodInvocation.invokeJoinpoint(ReflectiveMethodInvocation.java:198)
	at org.springframework.aop.framework.ReflectiveMethodInvocation.proceed(ReflectiveMethodInvocation.java:163)
	at org.springframework.batch.core.configuration.annotation.SimpleBatchConfiguration$PassthruAdvice.invoke(SimpleBatchConfiguration.java:128)
	at org.springframework.aop.framework.ReflectiveMethodInvocation.proceed(ReflectiveMethodInvocation.java:186)
	at org.springframework.aop.framework.JdkDynamicAopProxy.invoke(JdkDynamicAopProxy.java:215)
	at com.sun.proxy.$Proxy85.run(Unknown Source)
	at org.springframework.boot.autoconfigure.batch.JobLauncherApplicationRunner.execute(JobLauncherApplicationRunner.java:199)
	at org.springframework.boot.autoconfigure.batch.JobLauncherApplicationRunner.executeLocalJobs(JobLauncherApplicationRunner.java:173)
	at org.springframework.boot.autoconfigure.batch.JobLauncherApplicationRunner.launchJobFromProperties(JobLauncherApplicationRunner.java:160)
	at org.springframework.boot.autoconfigure.batch.JobLauncherApplicationRunner.run(JobLauncherApplicationRunner.java:155)
	at org.springframework.boot.autoconfigure.batch.JobLauncherApplicationRunner.run(JobLauncherApplicationRunner.java:150)
	at org.springframework.boot.SpringApplication.callRunner(SpringApplication.java:795)
	at org.springframework.boot.SpringApplication.callRunners(SpringApplication.java:785)
	at org.springframework.boot.SpringApplication.run(SpringApplication.java:333)
	at org.springframework.boot.SpringApplication.run(SpringApplication.java:1311)
	at org.springframework.boot.SpringApplication.run(SpringApplication.java:1300)
	at com.kit.migrator.datamigrator.DataMigratorApplication.main(DataMigratorApplication.java:32)
Caused by: java.lang.IllegalArgumentException: Value must not be null!
	at org.springframework.util.Assert.notNull(Assert.java:201)
	at org.springframework.data.jpa.repository.query.ParameterMetadataProvider$ParameterMetadata.prepare(ParameterMetadataProvider.java:236)
	at org.springframework.data.jpa.repository.query.QueryParameterSetterFactory$CriteriaQueryParameterSetterFactory.getAndPrepare(QueryParameterSetterFactory.java:323)
	at org.springframework.data.jpa.repository.query.QueryParameterSetterFactory$CriteriaQueryParameterSetterFactory.lambda$create$1(QueryParameterSetterFactory.java:316)
	at org.springframework.data.jpa.repository.query.QueryParameterSetter$NamedOrIndexedQueryParameterSetter.setParameter(QueryParameterSetter.java:87)
	at org.springframework.data.jpa.repository.query.ParameterBinder.bind(ParameterBinder.java:82)
	at org.springframework.data.jpa.repository.query.ParameterBinder.bind(ParameterBinder.java:74)
	at org.springframework.data.jpa.repository.query.ParameterBinder.bindAndPrepare(ParameterBinder.java:95)
	at org.springframework.data.jpa.repository.query.PartTreeJpaQuery$QueryPreparer.invokeBinding(PartTreeJpaQuery.java:324)
	at org.springframework.data.jpa.repository.query.PartTreeJpaQuery$QueryPreparer.createQuery(PartTreeJpaQuery.java:243)
	at org.springframework.data.jpa.repository.query.PartTreeJpaQuery.doCreateQuery(PartTreeJpaQuery.java:106)
	at org.springframework.data.jpa.repository.query.AbstractJpaQuery.createQuery(AbstractJpaQuery.java:227)
	at org.springframework.data.jpa.repository.query.JpaQueryExecution$PagedExecution.doExecute(JpaQueryExecution.java:175)
	at org.springframework.data.jpa.repository.query.JpaQueryExecution.execute(JpaQueryExecution.java:88)
	at org.springframework.data.jpa.repository.query.AbstractJpaQuery.doExecute(AbstractJpaQuery.java:155)
	at org.springframework.data.jpa.repository.query.AbstractJpaQuery.execute(AbstractJpaQuery.java:143)
	at org.springframework.data.repository.core.support.RepositoryMethodInvoker.doInvoke(RepositoryMethodInvoker.java:137)
	at org.springframework.data.repository.core.support.RepositoryMethodInvoker.invoke(RepositoryMethodInvoker.java:121)
	at org.springframework.data.repository.core.support.QueryExecutorMethodInterceptor.doInvoke(QueryExecutorMethodInterceptor.java:152)
	at org.springframework.data.repository.core.support.QueryExecutorMethodInterceptor.invoke(QueryExecutorMethodInterceptor.java:131)
	at org.springframework.aop.framework.ReflectiveMethodInvocation.proceed(ReflectiveMethodInvocation.java:186)
	at org.springframework.transaction.interceptor.TransactionInterceptor$1.proceedWithInvocation(TransactionInterceptor.java:123)
	at org.springframework.transaction.interceptor.TransactionAspectSupport.invokeWithinTransaction(TransactionAspectSupport.java:388)
	at org.springframework.transaction.interceptor.TransactionInterceptor.invoke(TransactionInterceptor.java:119)
	at org.springframework.aop.framework.ReflectiveMethodInvocation.proceed(ReflectiveMethodInvocation.java:186)
	at org.springframework.dao.support.PersistenceExceptionTranslationInterceptor.invoke(PersistenceExceptionTranslationInterceptor.java:137)
	... 75 common frames omitted
2024-04-21 13:14:01,221 INFO org.springframework.batch.core.step.AbstractStep [main] Step: [migrationStep1] executed in 3s865ms
2024-04-21 13:14:04,782 INFO org.springframework.batch.core.launch.support.SimpleJobLauncher$1 [main] Job: [SimpleJob: [name=migratorJob]] completed with the following parameters: [{}] and the following status: [FAILED] in 11s577ms
2024-04-21 13:17:53,972 INFO com.kit.migrator.datamigrator.service.BeneficiaryWriter [scheduling-1]  >>> cfd6ac44-60d3-40d4-a0ac-ac89caf2e92f
2024-04-21 13:17:53,975 INFO com.kit.migrator.datamigrator.service.BeneficiaryWriter [scheduling-1]  >>> 73cdb543-5747-4c5d-8128-afbcced12b4e
2024-04-21 13:17:53,975 INFO com.kit.migrator.datamigrator.service.BeneficiaryWriter [scheduling-1]  >>> e69a6b92-e920-48b0-9c7a-6e147a6bae41
2024-04-21 13:17:53,976 INFO com.kit.migrator.datamigrator.service.BeneficiaryWriter [scheduling-1]  >>> efc4b769-555f-4083-a0d9-fcd4cab0340e
2024-04-21 13:17:53,976 INFO com.kit.migrator.datamigrator.service.BeneficiaryWriter [scheduling-1]  >>> 1b960a16-4be2-4d97-97ca-3c7e9e3763e9
2024-04-21 13:17:53,976 INFO com.kit.migrator.datamigrator.service.BeneficiaryWriter [scheduling-1]  >>> dabd9223-bdad-4e45-881b-378288782cea
2024-04-21 13:17:53,976 INFO com.kit.migrator.datamigrator.service.BeneficiaryWriter [scheduling-1]  >>> 35c9f330-ff44-474b-ad33-da333d6a96a9
2024-04-21 13:17:53,976 INFO com.kit.migrator.datamigrator.service.BeneficiaryWriter [scheduling-1]  >>> 8a4e1228-11ef-4789-8431-e1470348a2ba
2024-04-21 13:17:53,977 INFO com.kit.migrator.datamigrator.service.BeneficiaryWriter [scheduling-1]  >>> deba5a13-ca9d-4749-89ab-65baa552d131
2024-04-21 13:17:53,977 INFO com.kit.migrator.datamigrator.service.BeneficiaryWriter [scheduling-1]  >>> 24e3872b-ed7a-4263-a5fe-7221d400dba8
2024-04-21 13:17:53,977 INFO com.kit.migrator.datamigrator.service.BeneficiaryWriter [scheduling-1]  >>> 92921498-a886-4371-b732-0da93c2d8ddd
2024-04-21 13:17:53,977 INFO com.kit.migrator.datamigrator.service.BeneficiaryWriter [scheduling-1]  >>> 70aa9064-2e40-4eeb-969c-f658cffc764f
2024-04-21 13:17:53,977 INFO com.kit.migrator.datamigrator.service.BeneficiaryWriter [scheduling-1]  >>> 8a25ecfa-36f7-4d94-b8b5-529e2835129c
2024-04-21 13:17:53,977 INFO com.kit.migrator.datamigrator.service.BeneficiaryWriter [scheduling-1]  >>> 7e72d5c5-02f7-4164-a188-f9100a65b849
2024-04-21 13:17:53,978 INFO com.kit.migrator.datamigrator.service.BeneficiaryWriter [scheduling-1]  >>> 5cf4a232-b90d-46e1-9690-e917cd99970d
2024-04-21 13:17:53,978 INFO com.kit.migrator.datamigrator.service.BeneficiaryWriter [scheduling-1]  >>> bc5339ac-7ca3-4a0e-9f6b-e63f73cacfc2
2024-04-21 13:17:53,978 INFO com.kit.migrator.datamigrator.service.BeneficiaryWriter [scheduling-1]  >>> ea0eef18-b6ea-4fc1-abfa-88e1caf5f58e
2024-04-21 13:17:53,978 INFO com.kit.migrator.datamigrator.service.BeneficiaryWriter [scheduling-1]  >>> 2f171f3d-9d2f-4067-b9a0-31b8cf69a035
2024-04-21 13:17:53,978 INFO com.kit.migrator.datamigrator.service.BeneficiaryWriter [scheduling-1]  >>> b521b362-2c04-4665-b09c-d951190b8660
2024-04-21 13:17:53,978 INFO com.kit.migrator.datamigrator.service.BeneficiaryWriter [scheduling-1]  >>> a45c96b7-bb72-4bfd-8fb0-5c6f42cb32aa
2024-04-21 13:17:55,399 INFO com.kit.migrator.datamigrator.service.BeneficiaryWriter [scheduling-1]  >>> dd00bd49-8eb8-4cea-bc91-1119d5de8716
2024-04-21 13:17:55,400 INFO com.kit.migrator.datamigrator.service.BeneficiaryWriter [scheduling-1]  >>> fad5d1a0-584e-4bab-92f4-6d6a11860e6e
2024-04-21 13:17:55,401 INFO com.kit.migrator.datamigrator.service.BeneficiaryWriter [scheduling-1]  >>> 586378b8-abb4-4f06-b334-925c2c1b48b8
2024-04-21 13:17:55,401 INFO com.kit.migrator.datamigrator.service.BeneficiaryWriter [scheduling-1]  >>> e13b6d68-49ad-40f8-8f37-79d4ab8de024
2024-04-21 13:17:55,402 INFO com.kit.migrator.datamigrator.service.BeneficiaryWriter [scheduling-1]  >>> 73d38b1b-ed59-4aab-80dc-22db7c8c743e
2024-04-21 13:17:55,403 INFO com.kit.migrator.datamigrator.service.BeneficiaryWriter [scheduling-1]  >>> 43cb6542-40cb-4815-ba5d-c77f9544f9c8
2024-04-21 13:17:55,404 INFO com.kit.migrator.datamigrator.service.BeneficiaryWriter [scheduling-1]  >>> b00cee6b-caed-4221-91c7-d062204c6d05
2024-04-21 13:17:55,404 INFO com.kit.migrator.datamigrator.service.BeneficiaryWriter [scheduling-1]  >>> 5cc34697-f3b6-4e12-80d9-24c95e24275f
2024-04-21 13:17:55,404 INFO com.kit.migrator.datamigrator.service.BeneficiaryWriter [scheduling-1]  >>> a675c322-52c8-4d88-811c-b766a832590a
2024-04-21 13:17:55,405 INFO com.kit.migrator.datamigrator.service.BeneficiaryWriter [scheduling-1]  >>> f3b7b957-66ec-4b5e-bd98-cbe41f766c4c
2024-04-21 13:17:55,405 INFO com.kit.migrator.datamigrator.service.BeneficiaryWriter [scheduling-1]  >>> ff97e449-c80c-4004-928d-a28604ea4123
2024-04-21 13:17:55,406 INFO com.kit.migrator.datamigrator.service.BeneficiaryWriter [scheduling-1]  >>> 7302d468-a2a0-4fdf-8ddd-169c35450de6
2024-04-21 13:17:55,406 INFO com.kit.migrator.datamigrator.service.BeneficiaryWriter [scheduling-1]  >>> dd06c258-4880-42b9-a5ac-2c594246fec7
2024-04-21 13:17:55,406 INFO com.kit.migrator.datamigrator.service.BeneficiaryWriter [scheduling-1]  >>> 421117ba-d4f6-4788-9503-db1f236edc39
2024-04-21 13:17:55,407 INFO com.kit.migrator.datamigrator.service.BeneficiaryWriter [scheduling-1]  >>> 6d87966a-6514-4f56-a3dc-030d11f3e07f
2024-04-21 13:17:55,407 INFO com.kit.migrator.datamigrator.service.BeneficiaryWriter [scheduling-1]  >>> 9272d90f-ae60-4837-ae01-469c182acd40
2024-04-21 13:17:55,407 INFO com.kit.migrator.datamigrator.service.BeneficiaryWriter [scheduling-1]  >>> 44749d05-152b-4959-9ca9-2fbcc235f7ea
2024-04-21 13:17:55,408 INFO com.kit.migrator.datamigrator.service.BeneficiaryWriter [scheduling-1]  >>> 45c5e398-f138-4ee2-b0e7-bc911f213718
2024-04-21 13:17:55,408 INFO com.kit.migrator.datamigrator.service.BeneficiaryWriter [scheduling-1]  >>> 82dc584e-9bdf-4809-8637-8172f6583718
2024-04-21 13:17:55,408 INFO com.kit.migrator.datamigrator.service.BeneficiaryWriter [scheduling-1]  >>> 17c3ac05-4b4f-4148-8234-cc9f78d73417
2024-04-21 13:17:57,141 INFO com.kit.migrator.datamigrator.service.BeneficiaryWriter [scheduling-1]  >>> 230cf7a4-9838-45cb-af0a-3529a062952e
2024-04-21 13:17:57,143 INFO com.kit.migrator.datamigrator.service.BeneficiaryWriter [scheduling-1]  >>> 31616ff9-4513-46a7-a129-1a12e0d6a0bb
2024-04-21 13:17:57,143 INFO com.kit.migrator.datamigrator.service.BeneficiaryWriter [scheduling-1]  >>> 673e3184-30bb-435f-abb2-ce2582a16d78
2024-04-21 13:17:57,143 INFO com.kit.migrator.datamigrator.service.BeneficiaryWriter [scheduling-1]  >>> f0cfd69d-4d5f-4deb-8dd6-5a55b934b330
2024-04-21 13:17:57,144 INFO com.kit.migrator.datamigrator.service.BeneficiaryWriter [scheduling-1]  >>> d6476d8e-9ddc-4285-8d87-5a0b3b7f5e61
2024-04-21 13:17:57,144 INFO com.kit.migrator.datamigrator.service.BeneficiaryWriter [scheduling-1]  >>> 812772d6-206c-455d-a416-7d33e9a1d3cf
2024-04-21 13:17:57,144 INFO com.kit.migrator.datamigrator.service.BeneficiaryWriter [scheduling-1]  >>> 72e07ce6-df5d-40bc-8973-737fb84c3aa0
2024-04-21 13:17:57,144 INFO com.kit.migrator.datamigrator.service.BeneficiaryWriter [scheduling-1]  >>> 369c46ee-db54-4dc2-98ff-68084f2f45c4
2024-04-21 13:17:57,145 INFO com.kit.migrator.datamigrator.service.BeneficiaryWriter [scheduling-1]  >>> 51ee7116-ee25-42d7-920f-cc154f77a3d5
2024-04-21 13:17:57,145 INFO com.kit.migrator.datamigrator.service.BeneficiaryWriter [scheduling-1]  >>> 9ab7620f-3baf-43b0-86dc-5f6a55e0aa5d
2024-04-21 13:17:57,146 INFO com.kit.migrator.datamigrator.service.BeneficiaryWriter [scheduling-1]  >>> c64e69a8-e6fa-4d38-bc87-f32566d00046
2024-04-21 13:17:57,146 INFO com.kit.migrator.datamigrator.service.BeneficiaryWriter [scheduling-1]  >>> 8fd5f233-b4ef-4ba5-b6b4-9e20165f90e0
2024-04-21 13:17:57,147 INFO com.kit.migrator.datamigrator.service.BeneficiaryWriter [scheduling-1]  >>> ff0339e5-f0dd-4f50-b122-db291b33bfd9
2024-04-21 13:17:57,147 INFO com.kit.migrator.datamigrator.service.BeneficiaryWriter [scheduling-1]  >>> bc76e9bd-3c8a-4b8c-adec-fcfaaffed66d
2024-04-21 13:17:57,147 INFO com.kit.migrator.datamigrator.service.BeneficiaryWriter [scheduling-1]  >>> 67030752-ecb0-4a3a-989d-9ebe94a44c60
2024-04-21 13:17:57,147 INFO com.kit.migrator.datamigrator.service.BeneficiaryWriter [scheduling-1]  >>> e751dd8f-f90c-43e0-a363-b1014bc5a371
2024-04-21 13:17:57,148 INFO com.kit.migrator.datamigrator.service.BeneficiaryWriter [scheduling-1]  >>> 60db50e7-20dc-414c-9e0f-fb6c515e636d
2024-04-21 13:17:57,148 INFO com.kit.migrator.datamigrator.service.BeneficiaryWriter [scheduling-1]  >>> 38140892-9a64-4105-82a1-d0525b9c84bf
2024-04-21 13:17:57,148 INFO com.kit.migrator.datamigrator.service.BeneficiaryWriter [scheduling-1]  >>> 18f4b40d-ca62-408e-ae59-b74fea33f003
2024-04-21 13:17:57,148 INFO com.kit.migrator.datamigrator.service.BeneficiaryWriter [scheduling-1]  >>> 75f2f5a1-20e5-459a-9d1d-d0f0758c2c95
2024-04-21 13:17:58,874 INFO com.kit.migrator.datamigrator.service.BeneficiaryWriter [scheduling-1]  >>> 1acbad75-4e5a-4682-abb0-de4c74443d67
2024-04-21 13:17:58,879 INFO com.kit.migrator.datamigrator.service.BeneficiaryWriter [scheduling-1]  >>> e6bb2f4f-a8a8-496d-844d-f985befa7aa2
2024-04-21 13:17:58,880 INFO com.kit.migrator.datamigrator.service.BeneficiaryWriter [scheduling-1]  >>> b869fbe2-a856-4818-8596-c89f6d48bde2
2024-04-21 13:17:58,880 INFO com.kit.migrator.datamigrator.service.BeneficiaryWriter [scheduling-1]  >>> 1555a244-6806-4b42-a76c-83388600a93f
2024-04-21 13:17:58,881 INFO com.kit.migrator.datamigrator.service.BeneficiaryWriter [scheduling-1]  >>> 6a58290b-c88d-4d20-9702-59a95e3d2d37
2024-04-21 13:17:58,881 INFO com.kit.migrator.datamigrator.service.BeneficiaryWriter [scheduling-1]  >>> ebb593a7-81f4-4f27-9da5-b488f26f2477
2024-04-21 13:17:58,881 INFO com.kit.migrator.datamigrator.service.BeneficiaryWriter [scheduling-1]  >>> 1d1b0336-e5aa-4cc4-b141-afbd7172984b
2024-04-21 13:17:58,881 INFO com.kit.migrator.datamigrator.service.BeneficiaryWriter [scheduling-1]  >>> 9dd2a947-d6c2-40ba-b03b-8dacb93f17b1
2024-04-21 13:17:58,882 INFO com.kit.migrator.datamigrator.service.BeneficiaryWriter [scheduling-1]  >>> a3a48b84-f6f8-4bb8-9add-d8920877dbbd
2024-04-21 13:17:58,882 INFO com.kit.migrator.datamigrator.service.BeneficiaryWriter [scheduling-1]  >>> 71b34a88-556b-4910-8753-5398a19dc015
2024-04-21 13:17:58,882 INFO com.kit.migrator.datamigrator.service.BeneficiaryWriter [scheduling-1]  >>> 3742cf5a-809d-483a-8015-925d19004482
2024-04-21 13:17:58,883 INFO com.kit.migrator.datamigrator.service.BeneficiaryWriter [scheduling-1]  >>> 07cc87c8-bf19-4a23-8961-13bb17b40713
2024-04-21 13:17:58,883 INFO com.kit.migrator.datamigrator.service.BeneficiaryWriter [scheduling-1]  >>> 75dd1e87-a5e2-44c0-a303-10e3e0867152
2024-04-21 13:17:58,884 INFO com.kit.migrator.datamigrator.service.BeneficiaryWriter [scheduling-1]  >>> 69d8a1e6-3681-41f5-9ac5-c0e8b0f4d360
2024-04-21 13:17:58,884 INFO com.kit.migrator.datamigrator.service.BeneficiaryWriter [scheduling-1]  >>> 641992eb-3d74-4f7a-943c-700d8193ee56
2024-04-21 13:17:58,884 INFO com.kit.migrator.datamigrator.service.BeneficiaryWriter [scheduling-1]  >>> de720c36-aaf9-48a9-bfd3-92336a9a6d25
2024-04-21 13:17:58,884 INFO com.kit.migrator.datamigrator.service.BeneficiaryWriter [scheduling-1]  >>> 62643805-c3b8-4287-ab13-1601c353aace
2024-04-21 13:17:58,885 INFO com.kit.migrator.datamigrator.service.BeneficiaryWriter [scheduling-1]  >>> fa930338-b416-450b-82eb-929e306261f8
2024-04-21 13:17:58,885 INFO com.kit.migrator.datamigrator.service.BeneficiaryWriter [scheduling-1]  >>> f67c48e1-29f7-4e87-aaf6-eb9fc025257b
2024-04-21 13:17:58,886 INFO com.kit.migrator.datamigrator.service.BeneficiaryWriter [scheduling-1]  >>> 2cbae858-3257-4354-b868-e98dc2e8bd0a
2024-04-21 13:18:00,406 INFO com.kit.migrator.datamigrator.service.BeneficiaryWriter [scheduling-1]  >>> e2ac8d8a-ed43-4db4-9e45-1bf2ce200c46
2024-04-21 13:18:00,409 INFO com.kit.migrator.datamigrator.service.BeneficiaryWriter [scheduling-1]  >>> 19fcb7e5-28ef-45cc-9c12-68286d1d810b
2024-04-21 13:18:00,410 INFO com.kit.migrator.datamigrator.service.BeneficiaryWriter [scheduling-1]  >>> 375889ba-fc4f-4212-a20f-1f7194ca1686
2024-04-21 13:18:00,410 INFO com.kit.migrator.datamigrator.service.BeneficiaryWriter [scheduling-1]  >>> 828b3d3f-68f4-448c-8e19-7ff003380388
2024-04-21 13:18:00,411 INFO com.kit.migrator.datamigrator.service.BeneficiaryWriter [scheduling-1]  >>> 102d2d8a-141a-4863-9c01-b5fa81a33a04
2024-04-21 13:18:00,411 INFO com.kit.migrator.datamigrator.service.BeneficiaryWriter [scheduling-1]  >>> 12518776-19ed-4276-a796-1526e7ecef6e
2024-04-21 13:18:00,412 INFO com.kit.migrator.datamigrator.service.BeneficiaryWriter [scheduling-1]  >>> 1f0775cc-ecf1-4936-aa12-3a83549b07f4
2024-04-21 13:18:00,413 INFO com.kit.migrator.datamigrator.service.BeneficiaryWriter [scheduling-1]  >>> 0d56b221-3f56-4457-baa6-6fcb7f5c0b00
2024-04-21 13:18:00,413 INFO com.kit.migrator.datamigrator.service.BeneficiaryWriter [scheduling-1]  >>> bc4e2abd-d8bb-433b-8f68-74fde9acb588
2024-04-21 13:18:00,413 INFO com.kit.migrator.datamigrator.service.BeneficiaryWriter [scheduling-1]  >>> d63a9ae9-222e-4223-98c2-a99121fb669a
2024-04-21 13:18:00,413 INFO com.kit.migrator.datamigrator.service.BeneficiaryWriter [scheduling-1]  >>> 61933a8c-3cdf-489f-8287-49b2e0c89d5f
2024-04-21 13:18:00,414 INFO com.kit.migrator.datamigrator.service.BeneficiaryWriter [scheduling-1]  >>> 675d7aed-4b47-4e63-8185-caee506efa52
2024-04-21 13:18:00,416 INFO com.kit.migrator.datamigrator.service.BeneficiaryWriter [scheduling-1]  >>> d4aca848-f83b-4630-8773-67fbc953b1cf
2024-04-21 13:18:00,419 INFO com.kit.migrator.datamigrator.service.BeneficiaryWriter [scheduling-1]  >>> df4f105b-1b96-4d70-8023-3542db367e09
2024-04-21 13:18:00,419 INFO com.kit.migrator.datamigrator.service.BeneficiaryWriter [scheduling-1]  >>> dd501a32-144d-47f3-ac3f-a2484ea196d3
2024-04-21 13:18:00,419 INFO com.kit.migrator.datamigrator.service.BeneficiaryWriter [scheduling-1]  >>> 1ff24b2c-38e0-42cf-bf7f-760e3fead39e
2024-04-21 13:18:00,420 INFO com.kit.migrator.datamigrator.service.BeneficiaryWriter [scheduling-1]  >>> 7f5719e5-dee5-489d-a106-de33e7def69b
2024-04-21 13:18:00,420 INFO com.kit.migrator.datamigrator.service.BeneficiaryWriter [scheduling-1]  >>> de308dcb-6e5a-4a82-beec-1852b65ee710
2024-04-21 13:18:00,422 INFO com.kit.migrator.datamigrator.service.BeneficiaryWriter [scheduling-1]  >>> 92c260a2-ff51-4111-90ba-f354daf1e5ca
2024-04-21 13:18:00,423 INFO com.kit.migrator.datamigrator.service.BeneficiaryWriter [scheduling-1]  >>> acb5ea94-a5d5-4a8c-b81f-6754b62207c4
2024-04-21 13:19:36,135 INFO org.springframework.scheduling.concurrent.ExecutorConfigurationSupport [SpringContextShutdownHook] Shutting down ExecutorService 'taskScheduler'
2024-04-21 13:19:36,140 INFO org.springframework.scheduling.concurrent.ExecutorConfigurationSupport [SpringContextShutdownHook] Shutting down ExecutorService 'applicationTaskExecutor'
2024-04-21 13:19:36,141 INFO org.springframework.orm.jpa.AbstractEntityManagerFactoryBean [SpringContextShutdownHook] Closing JPA EntityManagerFactory for persistence unit 'default'
2024-04-21 13:19:36,155 INFO com.zaxxer.hikari.HikariDataSource [SpringContextShutdownHook] HikariPool-1 - Shutdown initiated...
2024-04-21 13:19:36,179 INFO com.zaxxer.hikari.HikariDataSource [SpringContextShutdownHook] HikariPool-1 - Shutdown completed.
2024-04-21 13:19:36,184 WARN com.zaxxer.hikari.pool.ProxyConnection [scheduling-1] HikariPool-1 - Connection ConnectionID:2 ClientConnectionId: 50f2aaf6-9352-41a0-9193-800d41f81d68 marked as broken because of SQLSTATE(08S01), ErrorCode(0)
com.microsoft.sqlserver.jdbc.SQLServerException: The connection is closed.
	at com.microsoft.sqlserver.jdbc.SQLServerException.makeFromDriverError(SQLServerException.java:234)
	at com.microsoft.sqlserver.jdbc.SQLServerConnection.checkClosed(SQLServerConnection.java:1202)
	at com.microsoft.sqlserver.jdbc.SQLServerStatement.checkClosed(SQLServerStatement.java:1063)
	at com.microsoft.sqlserver.jdbc.SQLServerStatement.getMaxRows(SQLServerStatement.java:1096)
	at com.zaxxer.hikari.pool.HikariProxyPreparedStatement.getMaxRows(HikariProxyPreparedStatement.java)
	at org.hibernate.resource.jdbc.internal.ResourceRegistryStandardImpl.close(ResourceRegistryStandardImpl.java:183)
	at org.hibernate.resource.jdbc.internal.ResourceRegistryStandardImpl.release(ResourceRegistryStandardImpl.java:109)
	at org.hibernate.loader.plan.exec.internal.AbstractLoadPlanBasedLoader.executeLoad(AbstractLoadPlanBasedLoader.java:125)
	at org.hibernate.loader.entity.plan.AbstractLoadPlanBasedEntityLoader.load(AbstractLoadPlanBasedEntityLoader.java:285)
	at org.hibernate.persister.entity.AbstractEntityPersister.doLoad(AbstractEntityPersister.java:4442)
	at org.hibernate.persister.entity.AbstractEntityPersister.load(AbstractEntityPersister.java:4432)
	at org.hibernate.event.internal.DefaultLoadEventListener.loadFromDatasource(DefaultLoadEventListener.java:569)
	at org.hibernate.event.internal.DefaultLoadEventListener.doLoad(DefaultLoadEventListener.java:537)
	at org.hibernate.event.internal.DefaultLoadEventListener.load(DefaultLoadEventListener.java:208)
	at org.hibernate.event.internal.DefaultLoadEventListener.proxyOrLoad(DefaultLoadEventListener.java:332)
	at org.hibernate.event.internal.DefaultLoadEventListener.doOnLoad(DefaultLoadEventListener.java:108)
	at org.hibernate.event.internal.DefaultLoadEventListener.onLoad(DefaultLoadEventListener.java:74)
	at org.hibernate.event.service.internal.EventListenerGroupImpl.fireEventOnEachListener(EventListenerGroupImpl.java:104)
	at org.hibernate.internal.SessionImpl.fireLoadNoChecks(SessionImpl.java:1186)
	at org.hibernate.internal.SessionImpl.internalLoad(SessionImpl.java:1051)
	at org.hibernate.type.EntityType.resolveIdentifier(EntityType.java:697)
	at org.hibernate.type.EntityType.resolve(EntityType.java:464)
	at org.hibernate.type.ManyToOneType.resolve(ManyToOneType.java:240)
	at org.hibernate.engine.internal.TwoPhaseLoad$EntityResolver.lambda$static$0(TwoPhaseLoad.java:605)
	at org.hibernate.engine.internal.TwoPhaseLoad.initializeEntityEntryLoadedState(TwoPhaseLoad.java:248)
	at org.hibernate.engine.internal.TwoPhaseLoad.initializeEntity(TwoPhaseLoad.java:182)
	at org.hibernate.engine.internal.TwoPhaseLoad.initializeEntity(TwoPhaseLoad.java:151)
	at org.hibernate.loader.Loader.initializeEntitiesAndCollections(Loader.java:1199)
	at org.hibernate.loader.Loader.processResultSet(Loader.java:1001)
	at org.hibernate.loader.Loader.doQuery(Loader.java:959)
	at org.hibernate.loader.Loader.doQueryAndInitializeNonLazyCollections(Loader.java:349)
	at org.hibernate.loader.Loader.doList(Loader.java:2849)
	at org.hibernate.loader.Loader.doList(Loader.java:2831)
	at org.hibernate.loader.Loader.listIgnoreQueryCache(Loader.java:2663)
	at org.hibernate.loader.Loader.list(Loader.java:2658)
	at org.hibernate.loader.hql.QueryLoader.list(QueryLoader.java:506)
	at org.hibernate.hql.internal.ast.QueryTranslatorImpl.list(QueryTranslatorImpl.java:400)
	at org.hibernate.engine.query.spi.HQLQueryPlan.performList(HQLQueryPlan.java:219)
	at org.hibernate.internal.SessionImpl.list(SessionImpl.java:1414)
	at org.hibernate.query.internal.AbstractProducedQuery.doList(AbstractProducedQuery.java:1625)
	at org.hibernate.query.internal.AbstractProducedQuery.list(AbstractProducedQuery.java:1593)
	at org.hibernate.query.Query.getResultList(Query.java:165)
	at org.hibernate.query.criteria.internal.compile.CriteriaQueryTypeQueryAdapter.getResultList(CriteriaQueryTypeQueryAdapter.java:76)
	at org.springframework.data.jpa.repository.query.JpaQueryExecution$PagedExecution.doExecute(JpaQueryExecution.java:177)
	at org.springframework.data.jpa.repository.query.JpaQueryExecution.execute(JpaQueryExecution.java:88)
	at org.springframework.data.jpa.repository.query.AbstractJpaQuery.doExecute(AbstractJpaQuery.java:155)
	at org.springframework.data.jpa.repository.query.AbstractJpaQuery.execute(AbstractJpaQuery.java:143)
	at org.springframework.data.repository.core.support.RepositoryMethodInvoker.doInvoke(RepositoryMethodInvoker.java:137)
	at org.springframework.data.repository.core.support.RepositoryMethodInvoker.invoke(RepositoryMethodInvoker.java:121)
	at org.springframework.data.repository.core.support.QueryExecutorMethodInterceptor.doInvoke(QueryExecutorMethodInterceptor.java:152)
	at org.springframework.data.repository.core.support.QueryExecutorMethodInterceptor.invoke(QueryExecutorMethodInterceptor.java:131)
	at org.springframework.aop.framework.ReflectiveMethodInvocation.proceed(ReflectiveMethodInvocation.java:186)
	at org.springframework.transaction.interceptor.TransactionInterceptor$1.proceedWithInvocation(TransactionInterceptor.java:123)
	at org.springframework.transaction.interceptor.TransactionAspectSupport.invokeWithinTransaction(TransactionAspectSupport.java:388)
	at org.springframework.transaction.interceptor.TransactionInterceptor.invoke(TransactionInterceptor.java:119)
	at org.springframework.aop.framework.ReflectiveMethodInvocation.proceed(ReflectiveMethodInvocation.java:186)
	at org.springframework.dao.support.PersistenceExceptionTranslationInterceptor.invoke(PersistenceExceptionTranslationInterceptor.java:137)
	at org.springframework.aop.framework.ReflectiveMethodInvocation.proceed(ReflectiveMethodInvocation.java:186)
	at org.springframework.data.jpa.repository.support.CrudMethodMetadataPostProcessor$CrudMethodMetadataPopulatingMethodInterceptor.invoke(CrudMethodMetadataPostProcessor.java:145)
	at org.springframework.aop.framework.ReflectiveMethodInvocation.proceed(ReflectiveMethodInvocation.java:186)
	at org.springframework.aop.interceptor.ExposeInvocationInterceptor.invoke(ExposeInvocationInterceptor.java:97)
	at org.springframework.aop.framework.ReflectiveMethodInvocation.proceed(ReflectiveMethodInvocation.java:186)
	at org.springframework.aop.framework.JdkDynamicAopProxy.invoke(JdkDynamicAopProxy.java:215)
	at com.sun.proxy.$Proxy90.findBeneficiaryByCreatedBetween(Unknown Source)
	at sun.reflect.NativeMethodAccessorImpl.invoke0(Native Method)
	at sun.reflect.NativeMethodAccessorImpl.invoke(NativeMethodAccessorImpl.java:62)
	at sun.reflect.DelegatingMethodAccessorImpl.invoke(DelegatingMethodAccessorImpl.java:43)
	at java.lang.reflect.Method.invoke(Method.java:498)
	at org.springframework.util.MethodInvoker.invoke(MethodInvoker.java:283)
	at org.springframework.batch.item.data.RepositoryItemReader.doInvoke(RepositoryItemReader.java:260)
	at org.springframework.batch.item.data.RepositoryItemReader.doPageRead(RepositoryItemReader.java:223)
	at org.springframework.batch.item.data.RepositoryItemReader.doRead(RepositoryItemReader.java:168)
	at org.springframework.batch.item.support.AbstractItemCountingItemStreamItemReader.read(AbstractItemCountingItemStreamItemReader.java:93)
	at sun.reflect.GeneratedMethodAccessor46.invoke(Unknown Source)
	at sun.reflect.DelegatingMethodAccessorImpl.invoke(DelegatingMethodAccessorImpl.java:43)
	at java.lang.reflect.Method.invoke(Method.java:498)
	at org.springframework.aop.support.AopUtils.invokeJoinpointUsingReflection(AopUtils.java:344)
	at org.springframework.aop.framework.ReflectiveMethodInvocation.invokeJoinpoint(ReflectiveMethodInvocation.java:198)
	at org.springframework.aop.framework.ReflectiveMethodInvocation.proceed(ReflectiveMethodInvocation.java:163)
	at org.springframework.aop.support.DelegatingIntroductionInterceptor.doProceed(DelegatingIntroductionInterceptor.java:137)
	at org.springframework.aop.support.DelegatingIntroductionInterceptor.invoke(DelegatingIntroductionInterceptor.java:124)
	at org.springframework.aop.framework.ReflectiveMethodInvocation.proceed(ReflectiveMethodInvocation.java:186)
	at org.springframework.aop.framework.JdkDynamicAopProxy.invoke(JdkDynamicAopProxy.java:215)
	at com.sun.proxy.$Proxy94.read(Unknown Source)
	at org.springframework.batch.core.step.item.SimpleChunkProvider.doRead(SimpleChunkProvider.java:99)
	at org.springframework.batch.core.step.item.SimpleChunkProvider.read(SimpleChunkProvider.java:180)
	at org.springframework.batch.core.step.item.SimpleChunkProvider$1.doInIteration(SimpleChunkProvider.java:126)
	at org.springframework.batch.repeat.support.RepeatTemplate.getNextResult(RepeatTemplate.java:375)
	at org.springframework.batch.repeat.support.RepeatTemplate.executeInternal(RepeatTemplate.java:215)
	at org.springframework.batch.repeat.support.RepeatTemplate.iterate(RepeatTemplate.java:145)
	at org.springframework.batch.core.step.item.SimpleChunkProvider.provide(SimpleChunkProvider.java:118)
	at org.springframework.batch.core.step.item.ChunkOrientedTasklet.execute(ChunkOrientedTasklet.java:71)
	at org.springframework.batch.core.step.tasklet.TaskletStep$ChunkTransactionCallback.doInTransaction(TaskletStep.java:407)
	at org.springframework.batch.core.step.tasklet.TaskletStep$ChunkTransactionCallback.doInTransaction(TaskletStep.java:331)
	at org.springframework.transaction.support.TransactionTemplate.execute(TransactionTemplate.java:140)
	at org.springframework.batch.core.step.tasklet.TaskletStep$2.doInChunkContext(TaskletStep.java:273)
	at org.springframework.batch.core.scope.context.StepContextRepeatCallback.doInIteration(StepContextRepeatCallback.java:82)
	at org.springframework.batch.repeat.support.RepeatTemplate.getNextResult(RepeatTemplate.java:375)
	at org.springframework.batch.repeat.support.RepeatTemplate.executeInternal(RepeatTemplate.java:215)
	at org.springframework.batch.repeat.support.RepeatTemplate.iterate(RepeatTemplate.java:145)
	at org.springframework.batch.core.step.tasklet.TaskletStep.doExecute(TaskletStep.java:258)
	at org.springframework.batch.core.step.AbstractStep.execute(AbstractStep.java:208)
	at org.springframework.batch.core.job.SimpleStepHandler.handleStep(SimpleStepHandler.java:148)
	at org.springframework.batch.core.job.AbstractJob.handleStep(AbstractJob.java:411)
	at org.springframework.batch.core.job.SimpleJob.doExecute(SimpleJob.java:136)
	at org.springframework.batch.core.job.AbstractJob.execute(AbstractJob.java:320)
	at org.springframework.batch.core.launch.support.SimpleJobLauncher$1.run(SimpleJobLauncher.java:147)
	at org.springframework.core.task.SyncTaskExecutor.execute(SyncTaskExecutor.java:50)
	at org.springframework.batch.core.launch.support.SimpleJobLauncher.run(SimpleJobLauncher.java:140)
	at sun.reflect.NativeMethodAccessorImpl.invoke0(Native Method)
	at sun.reflect.NativeMethodAccessorImpl.invoke(NativeMethodAccessorImpl.java:62)
	at sun.reflect.DelegatingMethodAccessorImpl.invoke(DelegatingMethodAccessorImpl.java:43)
	at java.lang.reflect.Method.invoke(Method.java:498)
	at org.springframework.aop.support.AopUtils.invokeJoinpointUsingReflection(AopUtils.java:344)
	at org.springframework.aop.framework.ReflectiveMethodInvocation.invokeJoinpoint(ReflectiveMethodInvocation.java:198)
	at org.springframework.aop.framework.ReflectiveMethodInvocation.proceed(ReflectiveMethodInvocation.java:163)
	at org.springframework.batch.core.configuration.annotation.SimpleBatchConfiguration$PassthruAdvice.invoke(SimpleBatchConfiguration.java:128)
	at org.springframework.aop.framework.ReflectiveMethodInvocation.proceed(ReflectiveMethodInvocation.java:186)
	at org.springframework.aop.framework.JdkDynamicAopProxy.invoke(JdkDynamicAopProxy.java:215)
	at com.sun.proxy.$Proxy85.run(Unknown Source)
	at com.kit.migrator.datamigrator.DataMigratorApplication.launchJob(DataMigratorApplication.java:51)
	at com.kit.migrator.datamigrator.DataMigratorApplication.runJob(DataMigratorApplication.java:37)
	at sun.reflect.NativeMethodAccessorImpl.invoke0(Native Method)
	at sun.reflect.NativeMethodAccessorImpl.invoke(NativeMethodAccessorImpl.java:62)
	at sun.reflect.DelegatingMethodAccessorImpl.invoke(DelegatingMethodAccessorImpl.java:43)
	at java.lang.reflect.Method.invoke(Method.java:498)
	at org.springframework.scheduling.support.ScheduledMethodRunnable.run(ScheduledMethodRunnable.java:84)
	at org.springframework.scheduling.support.DelegatingErrorHandlingRunnable.run(DelegatingErrorHandlingRunnable.java:54)
	at java.util.concurrent.Executors$RunnableAdapter.call(Executors.java:511)
	at java.util.concurrent.FutureTask.runAndReset(FutureTask.java:308)
	at java.util.concurrent.ScheduledThreadPoolExecutor$ScheduledFutureTask.access$301(ScheduledThreadPoolExecutor.java:180)
	at java.util.concurrent.ScheduledThreadPoolExecutor$ScheduledFutureTask.run(ScheduledThreadPoolExecutor.java:294)
	at java.util.concurrent.ThreadPoolExecutor.runWorker(ThreadPoolExecutor.java:1142)
	at java.util.concurrent.ThreadPoolExecutor$Worker.run(ThreadPoolExecutor.java:617)
	at java.lang.Thread.run(Thread.java:745)
