2024-04-17 23:22:54,836 INFO org.springframework.boot.StartupInfoLogger [main] Starting DataMigratorApplication using Java 1.8.0_111 on Anwaruls-MacBook-Pro.local with PID 79463 (/Users/anwar/Documents/Projects/KTS/SNSOP/Applications/DataMigrator/target/classes started by anwar in /Users/anwar/Documents/Projects/KTS/SNSOP/Applications/DataMigrator)
2024-04-17 23:22:54,840 INFO org.springframework.boot.SpringApplication [main] No active profile set, falling back to default profiles: default
2024-04-17 23:22:55,453 INFO org.springframework.data.repository.config.RepositoryConfigurationDelegate [main] Multiple Spring Data modules found, entering strict repository configuration mode!
2024-04-17 23:22:55,455 INFO org.springframework.data.repository.config.RepositoryConfigurationDelegate [main] Bootstrapping Spring Data Elasticsearch repositories in DEFAULT mode.
2024-04-17 23:22:55,523 INFO org.springframework.data.repository.config.RepositoryConfigurationExtensionSupport [main] Spring Data Elasticsearch - Could not safely identify store assignment for repository candidate interface com.kit.migrator.datamigrator.repository.BeneficiaryRepository. If you want this repository to be a Elasticsearch repository, consider annotating your entities with one of these annotations: org.springframework.data.elasticsearch.annotations.Document (preferred), or consider extending one of the following types with your repository: org.springframework.data.elasticsearch.repository.ElasticsearchRepository, org.springframework.data.elasticsearch.repository.ElasticsearchRepository.
2024-04-17 23:22:55,524 INFO org.springframework.data.repository.config.RepositoryConfigurationDelegate [main] Finished Spring Data repository scanning in 63 ms. Found 0 Elasticsearch repository interfaces.
2024-04-17 23:22:55,603 INFO org.springframework.data.repository.config.RepositoryConfigurationDelegate [main] Multiple Spring Data modules found, entering strict repository configuration mode!
2024-04-17 23:22:55,605 INFO org.springframework.data.repository.config.RepositoryConfigurationDelegate [main] Bootstrapping Spring Data Reactive Elasticsearch repositories in DEFAULT mode.
2024-04-17 23:22:55,622 INFO org.springframework.data.repository.config.RepositoryConfigurationExtensionSupport [main] Spring Data Reactive Elasticsearch - Could not safely identify store assignment for repository candidate interface com.kit.migrator.datamigrator.repository.BeneficiaryRepository. If you want this repository to be a Reactive Elasticsearch repository, consider annotating your entities with one of these annotations: org.springframework.data.elasticsearch.annotations.Document (preferred), or consider extending one of the following types with your repository: org.springframework.data.elasticsearch.repository.ReactiveElasticsearchRepository.
2024-04-17 23:22:55,626 INFO org.springframework.data.repository.config.RepositoryConfigurationDelegate [main] Finished Spring Data repository scanning in 20 ms. Found 0 Reactive Elasticsearch repository interfaces.
2024-04-17 23:22:55,650 INFO org.springframework.data.repository.config.RepositoryConfigurationDelegate [main] Multiple Spring Data modules found, entering strict repository configuration mode!
2024-04-17 23:22:55,651 INFO org.springframework.data.repository.config.RepositoryConfigurationDelegate [main] Bootstrapping Spring Data JPA repositories in DEFAULT mode.
2024-04-17 23:22:55,687 INFO org.springframework.data.repository.config.RepositoryConfigurationDelegate [main] Finished Spring Data repository scanning in 26 ms. Found 1 JPA repository interfaces.
2024-04-17 23:22:56,268 INFO org.hibernate.jpa.internal.util.LogHelper [main] HHH000204: Processing PersistenceUnitInfo [name: default]
2024-04-17 23:22:56,302 INFO org.hibernate.Version [main] HHH000412: Hibernate ORM core version 5.4.28.Final
2024-04-17 23:22:56,398 INFO org.hibernate.annotations.common.reflection.java.JavaReflectionManager [main] HCANN000001: Hibernate Commons Annotations {5.1.2.Final}
2024-04-17 23:22:56,478 INFO com.zaxxer.hikari.HikariDataSource [main] HikariPool-1 - Starting...
2024-04-17 23:22:57,993 INFO com.zaxxer.hikari.HikariDataSource [main] HikariPool-1 - Start completed.
2024-04-17 23:22:58,012 INFO org.hibernate.dialect.Dialect [main] HHH000400: Using dialect: org.hibernate.dialect.SQLServer2012Dialect
2024-04-17 23:23:06,809 INFO org.hibernate.engine.transaction.jta.platform.internal.JtaPlatformInitiator [main] HHH000490: Using JtaPlatform implementation: [org.hibernate.engine.transaction.jta.platform.internal.NoJtaPlatform]
2024-04-17 23:23:06,836 INFO org.springframework.orm.jpa.AbstractEntityManagerFactoryBean [main] Initialized JPA EntityManagerFactory for persistence unit 'default'
2024-04-17 23:23:06,907 WARN org.springframework.context.support.AbstractApplicationContext [main] Exception encountered during context initialization - cancelling refresh attempt: org.springframework.beans.factory.UnsatisfiedDependencyException: Error creating bean with name 'dataMigratorApplication': Unsatisfied dependency expressed through field 'jobLauncher'; nested exception is org.springframework.beans.factory.NoSuchBeanDefinitionException: No qualifying bean of type 'org.springframework.batch.core.launch.JobLauncher' available: expected at least 1 bean which qualifies as autowire candidate. Dependency annotations: {@org.springframework.beans.factory.annotation.Autowired(required=true)}
2024-04-17 23:23:06,907 INFO org.springframework.orm.jpa.AbstractEntityManagerFactoryBean [main] Closing JPA EntityManagerFactory for persistence unit 'default'
2024-04-17 23:23:06,912 INFO com.zaxxer.hikari.HikariDataSource [main] HikariPool-1 - Shutdown initiated...
2024-04-17 23:23:07,569 INFO com.zaxxer.hikari.HikariDataSource [main] HikariPool-1 - Shutdown completed.
2024-04-17 23:23:07,599 INFO org.springframework.boot.autoconfigure.logging.ConditionEvaluationReportLoggingListener [main] 

Error starting ApplicationContext. To display the conditions report re-run your application with 'debug' enabled.
2024-04-17 23:23:07,622 ERROR org.springframework.boot.diagnostics.LoggingFailureAnalysisReporter [main] 

***************************
APPLICATION FAILED TO START
***************************

Description:

Field jobLauncher in com.kit.migrator.datamigrator.DataMigratorApplication required a bean of type 'org.springframework.batch.core.launch.JobLauncher' that could not be found.

The injection point has the following annotations:
	- @org.springframework.beans.factory.annotation.Autowired(required=true)


Action:

Consider defining a bean of type 'org.springframework.batch.core.launch.JobLauncher' in your configuration.

2024-04-17 23:27:03,829 INFO org.springframework.boot.StartupInfoLogger [main] Starting DataMigratorApplication using Java 1.8.0_111 on Anwaruls-MacBook-Pro.local with PID 80216 (/Users/anwar/Documents/Projects/KTS/SNSOP/Applications/DataMigrator/target/classes started by anwar in /Users/anwar/Documents/Projects/KTS/SNSOP/Applications/DataMigrator)
2024-04-17 23:27:03,832 INFO org.springframework.boot.SpringApplication [main] No active profile set, falling back to default profiles: default
2024-04-17 23:27:04,429 INFO org.springframework.data.repository.config.RepositoryConfigurationDelegate [main] Multiple Spring Data modules found, entering strict repository configuration mode!
2024-04-17 23:27:04,432 INFO org.springframework.data.repository.config.RepositoryConfigurationDelegate [main] Bootstrapping Spring Data Elasticsearch repositories in DEFAULT mode.
2024-04-17 23:27:04,562 INFO org.springframework.data.repository.config.RepositoryConfigurationExtensionSupport [main] Spring Data Elasticsearch - Could not safely identify store assignment for repository candidate interface com.kit.migrator.datamigrator.repository.BeneficiaryRepository. If you want this repository to be a Elasticsearch repository, consider annotating your entities with one of these annotations: org.springframework.data.elasticsearch.annotations.Document (preferred), or consider extending one of the following types with your repository: org.springframework.data.elasticsearch.repository.ElasticsearchRepository, org.springframework.data.elasticsearch.repository.ElasticsearchRepository.
2024-04-17 23:27:04,567 INFO org.springframework.data.repository.config.RepositoryConfigurationDelegate [main] Finished Spring Data repository scanning in 124 ms. Found 0 Elasticsearch repository interfaces.
2024-04-17 23:27:04,582 INFO org.springframework.data.repository.config.RepositoryConfigurationDelegate [main] Multiple Spring Data modules found, entering strict repository configuration mode!
2024-04-17 23:27:04,583 INFO org.springframework.data.repository.config.RepositoryConfigurationDelegate [main] Bootstrapping Spring Data Reactive Elasticsearch repositories in DEFAULT mode.
2024-04-17 23:27:04,593 INFO org.springframework.data.repository.config.RepositoryConfigurationExtensionSupport [main] Spring Data Reactive Elasticsearch - Could not safely identify store assignment for repository candidate interface com.kit.migrator.datamigrator.repository.BeneficiaryRepository. If you want this repository to be a Reactive Elasticsearch repository, consider annotating your entities with one of these annotations: org.springframework.data.elasticsearch.annotations.Document (preferred), or consider extending one of the following types with your repository: org.springframework.data.elasticsearch.repository.ReactiveElasticsearchRepository.
2024-04-17 23:27:04,593 INFO org.springframework.data.repository.config.RepositoryConfigurationDelegate [main] Finished Spring Data repository scanning in 9 ms. Found 0 Reactive Elasticsearch repository interfaces.
2024-04-17 23:27:04,613 INFO org.springframework.data.repository.config.RepositoryConfigurationDelegate [main] Multiple Spring Data modules found, entering strict repository configuration mode!
2024-04-17 23:27:04,614 INFO org.springframework.data.repository.config.RepositoryConfigurationDelegate [main] Bootstrapping Spring Data JPA repositories in DEFAULT mode.
2024-04-17 23:27:04,650 INFO org.springframework.data.repository.config.RepositoryConfigurationDelegate [main] Finished Spring Data repository scanning in 30 ms. Found 1 JPA repository interfaces.
2024-04-17 23:27:05,192 INFO org.hibernate.jpa.internal.util.LogHelper [main] HHH000204: Processing PersistenceUnitInfo [name: default]
2024-04-17 23:27:05,222 INFO org.hibernate.Version [main] HHH000412: Hibernate ORM core version 5.4.28.Final
2024-04-17 23:27:05,314 INFO org.hibernate.annotations.common.reflection.java.JavaReflectionManager [main] HCANN000001: Hibernate Commons Annotations {5.1.2.Final}
2024-04-17 23:27:05,388 INFO com.zaxxer.hikari.HikariDataSource [main] HikariPool-1 - Starting...
2024-04-17 23:27:06,957 INFO com.zaxxer.hikari.HikariDataSource [main] HikariPool-1 - Start completed.
2024-04-17 23:27:06,977 INFO org.hibernate.dialect.Dialect [main] HHH000400: Using dialect: org.hibernate.dialect.SQLServer2012Dialect
2024-04-17 23:27:15,394 INFO org.hibernate.engine.transaction.jta.platform.internal.JtaPlatformInitiator [main] HHH000490: Using JtaPlatform implementation: [org.hibernate.engine.transaction.jta.platform.internal.NoJtaPlatform]
2024-04-17 23:27:15,423 INFO org.springframework.orm.jpa.AbstractEntityManagerFactoryBean [main] Initialized JPA EntityManagerFactory for persistence unit 'default'
2024-04-17 23:27:15,817 WARN org.springframework.context.support.AbstractApplicationContext [main] Exception encountered during context initialization - cancelling refresh attempt: org.springframework.beans.factory.UnsatisfiedDependencyException: Error creating bean with name 'dataMigratorApplication': Unsatisfied dependency expressed through field 'job'; nested exception is org.springframework.beans.factory.UnsatisfiedDependencyException: Error creating bean with name 'migratorJob' defined in class path resource [com/kit/migrator/datamigrator/config/BatchConfig.class]: Unsatisfied dependency expressed through method 'job' parameter 0; nested exception is org.springframework.beans.factory.UnsatisfiedDependencyException: Error creating bean with name 'migrationStep1' defined in class path resource [com/kit/migrator/datamigrator/config/BatchConfig.class]: Unsatisfied dependency expressed through method 'migrationStep1' parameter 0; nested exception is org.springframework.beans.factory.UnsatisfiedDependencyException: Error creating bean with name 'itemReader' defined in class path resource [com/kit/migrator/datamigrator/config/BatchConfig.class]: Unsatisfied dependency expressed through method 'itemReader' parameter 0; nested exception is org.springframework.beans.factory.BeanExpressionException: Expression parsing failed; nested exception is org.springframework.expression.spel.SpelEvaluationException: EL1008E: Property or field 'jobParameters' cannot be found on object of type 'org.springframework.beans.factory.config.BeanExpressionContext' - maybe not public or not valid?
2024-04-17 23:27:15,817 INFO org.springframework.orm.jpa.AbstractEntityManagerFactoryBean [main] Closing JPA EntityManagerFactory for persistence unit 'default'
2024-04-17 23:27:15,821 INFO com.zaxxer.hikari.HikariDataSource [main] HikariPool-1 - Shutdown initiated...
2024-04-17 23:27:16,406 INFO com.zaxxer.hikari.HikariDataSource [main] HikariPool-1 - Shutdown completed.
2024-04-17 23:27:16,437 INFO org.springframework.boot.autoconfigure.logging.ConditionEvaluationReportLoggingListener [main] 

Error starting ApplicationContext. To display the conditions report re-run your application with 'debug' enabled.
2024-04-17 23:27:16,461 ERROR org.springframework.boot.SpringApplication [main] Application run failed
org.springframework.beans.factory.UnsatisfiedDependencyException: Error creating bean with name 'dataMigratorApplication': Unsatisfied dependency expressed through field 'job'; nested exception is org.springframework.beans.factory.UnsatisfiedDependencyException: Error creating bean with name 'migratorJob' defined in class path resource [com/kit/migrator/datamigrator/config/BatchConfig.class]: Unsatisfied dependency expressed through method 'job' parameter 0; nested exception is org.springframework.beans.factory.UnsatisfiedDependencyException: Error creating bean with name 'migrationStep1' defined in class path resource [com/kit/migrator/datamigrator/config/BatchConfig.class]: Unsatisfied dependency expressed through method 'migrationStep1' parameter 0; nested exception is org.springframework.beans.factory.UnsatisfiedDependencyException: Error creating bean with name 'itemReader' defined in class path resource [com/kit/migrator/datamigrator/config/BatchConfig.class]: Unsatisfied dependency expressed through method 'itemReader' parameter 0; nested exception is org.springframework.beans.factory.BeanExpressionException: Expression parsing failed; nested exception is org.springframework.expression.spel.SpelEvaluationException: EL1008E: Property or field 'jobParameters' cannot be found on object of type 'org.springframework.beans.factory.config.BeanExpressionContext' - maybe not public or not valid?
	at org.springframework.beans.factory.annotation.AutowiredAnnotationBeanPostProcessor$AutowiredFieldElement.resolveFieldValue(AutowiredAnnotationBeanPostProcessor.java:660)
	at org.springframework.beans.factory.annotation.AutowiredAnnotationBeanPostProcessor$AutowiredFieldElement.inject(AutowiredAnnotationBeanPostProcessor.java:640)
	at org.springframework.beans.factory.annotation.InjectionMetadata.inject(InjectionMetadata.java:119)
	at org.springframework.beans.factory.annotation.AutowiredAnnotationBeanPostProcessor.postProcessProperties(AutowiredAnnotationBeanPostProcessor.java:399)
	at org.springframework.beans.factory.support.AbstractAutowireCapableBeanFactory.populateBean(AbstractAutowireCapableBeanFactory.java:1413)
	at org.springframework.beans.factory.support.AbstractAutowireCapableBeanFactory.doCreateBean(AbstractAutowireCapableBeanFactory.java:601)
	at org.springframework.beans.factory.support.AbstractAutowireCapableBeanFactory.createBean(AbstractAutowireCapableBeanFactory.java:524)
	at org.springframework.beans.factory.support.AbstractBeanFactory.lambda$doGetBean$0(AbstractBeanFactory.java:335)
	at org.springframework.beans.factory.support.DefaultSingletonBeanRegistry.getSingleton(DefaultSingletonBeanRegistry.java:234)
	at org.springframework.beans.factory.support.AbstractBeanFactory.doGetBean(AbstractBeanFactory.java:333)
	at org.springframework.beans.factory.support.AbstractBeanFactory.getBean(AbstractBeanFactory.java:208)
	at org.springframework.beans.factory.support.DefaultListableBeanFactory.preInstantiateSingletons(DefaultListableBeanFactory.java:944)
	at org.springframework.context.support.AbstractApplicationContext.finishBeanFactoryInitialization(AbstractApplicationContext.java:917)
	at org.springframework.context.support.AbstractApplicationContext.refresh(AbstractApplicationContext.java:582)
	at org.springframework.boot.SpringApplication.refresh(SpringApplication.java:767)
	at org.springframework.boot.SpringApplication.refresh(SpringApplication.java:759)
	at org.springframework.boot.SpringApplication.refreshContext(SpringApplication.java:426)
	at org.springframework.boot.SpringApplication.run(SpringApplication.java:326)
	at org.springframework.boot.SpringApplication.run(SpringApplication.java:1311)
	at org.springframework.boot.SpringApplication.run(SpringApplication.java:1300)
	at com.kit.migrator.datamigrator.DataMigratorApplication.main(DataMigratorApplication.java:31)
Caused by: org.springframework.beans.factory.UnsatisfiedDependencyException: Error creating bean with name 'migratorJob' defined in class path resource [com/kit/migrator/datamigrator/config/BatchConfig.class]: Unsatisfied dependency expressed through method 'job' parameter 0; nested exception is org.springframework.beans.factory.UnsatisfiedDependencyException: Error creating bean with name 'migrationStep1' defined in class path resource [com/kit/migrator/datamigrator/config/BatchConfig.class]: Unsatisfied dependency expressed through method 'migrationStep1' parameter 0; nested exception is org.springframework.beans.factory.UnsatisfiedDependencyException: Error creating bean with name 'itemReader' defined in class path resource [com/kit/migrator/datamigrator/config/BatchConfig.class]: Unsatisfied dependency expressed through method 'itemReader' parameter 0; nested exception is org.springframework.beans.factory.BeanExpressionException: Expression parsing failed; nested exception is org.springframework.expression.spel.SpelEvaluationException: EL1008E: Property or field 'jobParameters' cannot be found on object of type 'org.springframework.beans.factory.config.BeanExpressionContext' - maybe not public or not valid?
	at org.springframework.beans.factory.support.ConstructorResolver.createArgumentArray(ConstructorResolver.java:800)
	at org.springframework.beans.factory.support.ConstructorResolver.instantiateUsingFactoryMethod(ConstructorResolver.java:541)
	at org.springframework.beans.factory.support.AbstractAutowireCapableBeanFactory.instantiateUsingFactoryMethod(AbstractAutowireCapableBeanFactory.java:1334)
	at org.springframework.beans.factory.support.AbstractAutowireCapableBeanFactory.createBeanInstance(AbstractAutowireCapableBeanFactory.java:1177)
	at org.springframework.beans.factory.support.AbstractAutowireCapableBeanFactory.doCreateBean(AbstractAutowireCapableBeanFactory.java:564)
	at org.springframework.beans.factory.support.AbstractAutowireCapableBeanFactory.createBean(AbstractAutowireCapableBeanFactory.java:524)
	at org.springframework.beans.factory.support.AbstractBeanFactory.lambda$doGetBean$0(AbstractBeanFactory.java:335)
	at org.springframework.beans.factory.support.DefaultSingletonBeanRegistry.getSingleton(DefaultSingletonBeanRegistry.java:234)
	at org.springframework.beans.factory.support.AbstractBeanFactory.doGetBean(AbstractBeanFactory.java:333)
	at org.springframework.beans.factory.support.AbstractBeanFactory.getBean(AbstractBeanFactory.java:208)
	at org.springframework.beans.factory.config.DependencyDescriptor.resolveCandidate(DependencyDescriptor.java:276)
	at org.springframework.beans.factory.support.DefaultListableBeanFactory.doResolveDependency(DefaultListableBeanFactory.java:1380)
	at org.springframework.beans.factory.support.DefaultListableBeanFactory.resolveDependency(DefaultListableBeanFactory.java:1300)
	at org.springframework.beans.factory.annotation.AutowiredAnnotationBeanPostProcessor$AutowiredFieldElement.resolveFieldValue(AutowiredAnnotationBeanPostProcessor.java:657)
	... 20 common frames omitted
Caused by: org.springframework.beans.factory.UnsatisfiedDependencyException: Error creating bean with name 'migrationStep1' defined in class path resource [com/kit/migrator/datamigrator/config/BatchConfig.class]: Unsatisfied dependency expressed through method 'migrationStep1' parameter 0; nested exception is org.springframework.beans.factory.UnsatisfiedDependencyException: Error creating bean with name 'itemReader' defined in class path resource [com/kit/migrator/datamigrator/config/BatchConfig.class]: Unsatisfied dependency expressed through method 'itemReader' parameter 0; nested exception is org.springframework.beans.factory.BeanExpressionException: Expression parsing failed; nested exception is org.springframework.expression.spel.SpelEvaluationException: EL1008E: Property or field 'jobParameters' cannot be found on object of type 'org.springframework.beans.factory.config.BeanExpressionContext' - maybe not public or not valid?
	at org.springframework.beans.factory.support.ConstructorResolver.createArgumentArray(ConstructorResolver.java:800)
	at org.springframework.beans.factory.support.ConstructorResolver.instantiateUsingFactoryMethod(ConstructorResolver.java:541)
	at org.springframework.beans.factory.support.AbstractAutowireCapableBeanFactory.instantiateUsingFactoryMethod(AbstractAutowireCapableBeanFactory.java:1334)
	at org.springframework.beans.factory.support.AbstractAutowireCapableBeanFactory.createBeanInstance(AbstractAutowireCapableBeanFactory.java:1177)
	at org.springframework.beans.factory.support.AbstractAutowireCapableBeanFactory.doCreateBean(AbstractAutowireCapableBeanFactory.java:564)
	at org.springframework.beans.factory.support.AbstractAutowireCapableBeanFactory.createBean(AbstractAutowireCapableBeanFactory.java:524)
	at org.springframework.beans.factory.support.AbstractBeanFactory.lambda$doGetBean$0(AbstractBeanFactory.java:335)
	at org.springframework.beans.factory.support.DefaultSingletonBeanRegistry.getSingleton(DefaultSingletonBeanRegistry.java:234)
	at org.springframework.beans.factory.support.AbstractBeanFactory.doGetBean(AbstractBeanFactory.java:333)
	at org.springframework.beans.factory.support.AbstractBeanFactory.getBean(AbstractBeanFactory.java:208)
	at org.springframework.beans.factory.config.DependencyDescriptor.resolveCandidate(DependencyDescriptor.java:276)
	at org.springframework.beans.factory.support.DefaultListableBeanFactory.doResolveDependency(DefaultListableBeanFactory.java:1380)
	at org.springframework.beans.factory.support.DefaultListableBeanFactory.resolveDependency(DefaultListableBeanFactory.java:1300)
	at org.springframework.beans.factory.support.ConstructorResolver.resolveAutowiredArgument(ConstructorResolver.java:887)
	at org.springframework.beans.factory.support.ConstructorResolver.createArgumentArray(ConstructorResolver.java:791)
	... 33 common frames omitted
Caused by: org.springframework.beans.factory.UnsatisfiedDependencyException: Error creating bean with name 'itemReader' defined in class path resource [com/kit/migrator/datamigrator/config/BatchConfig.class]: Unsatisfied dependency expressed through method 'itemReader' parameter 0; nested exception is org.springframework.beans.factory.BeanExpressionException: Expression parsing failed; nested exception is org.springframework.expression.spel.SpelEvaluationException: EL1008E: Property or field 'jobParameters' cannot be found on object of type 'org.springframework.beans.factory.config.BeanExpressionContext' - maybe not public or not valid?
	at org.springframework.beans.factory.support.ConstructorResolver.createArgumentArray(ConstructorResolver.java:800)
	at org.springframework.beans.factory.support.ConstructorResolver.instantiateUsingFactoryMethod(ConstructorResolver.java:541)
	at org.springframework.beans.factory.support.AbstractAutowireCapableBeanFactory.instantiateUsingFactoryMethod(AbstractAutowireCapableBeanFactory.java:1334)
	at org.springframework.beans.factory.support.AbstractAutowireCapableBeanFactory.createBeanInstance(AbstractAutowireCapableBeanFactory.java:1177)
	at org.springframework.beans.factory.support.AbstractAutowireCapableBeanFactory.doCreateBean(AbstractAutowireCapableBeanFactory.java:564)
	at org.springframework.beans.factory.support.AbstractAutowireCapableBeanFactory.createBean(AbstractAutowireCapableBeanFactory.java:524)
	at org.springframework.beans.factory.support.AbstractBeanFactory.lambda$doGetBean$0(AbstractBeanFactory.java:335)
	at org.springframework.beans.factory.support.DefaultSingletonBeanRegistry.getSingleton(DefaultSingletonBeanRegistry.java:234)
	at org.springframework.beans.factory.support.AbstractBeanFactory.doGetBean(AbstractBeanFactory.java:333)
	at org.springframework.beans.factory.support.AbstractBeanFactory.getBean(AbstractBeanFactory.java:208)
	at org.springframework.beans.factory.config.DependencyDescriptor.resolveCandidate(DependencyDescriptor.java:276)
	at org.springframework.beans.factory.support.DefaultListableBeanFactory.doResolveDependency(DefaultListableBeanFactory.java:1380)
	at org.springframework.beans.factory.support.DefaultListableBeanFactory.resolveDependency(DefaultListableBeanFactory.java:1300)
	at org.springframework.beans.factory.support.ConstructorResolver.resolveAutowiredArgument(ConstructorResolver.java:887)
	at org.springframework.beans.factory.support.ConstructorResolver.createArgumentArray(ConstructorResolver.java:791)
	... 47 common frames omitted
Caused by: org.springframework.beans.factory.BeanExpressionException: Expression parsing failed; nested exception is org.springframework.expression.spel.SpelEvaluationException: EL1008E: Property or field 'jobParameters' cannot be found on object of type 'org.springframework.beans.factory.config.BeanExpressionContext' - maybe not public or not valid?
	at org.springframework.context.expression.StandardBeanExpressionResolver.evaluate(StandardBeanExpressionResolver.java:169)
	at org.springframework.beans.factory.support.AbstractBeanFactory.evaluateBeanDefinitionString(AbstractBeanFactory.java:1631)
	at org.springframework.beans.factory.support.DefaultListableBeanFactory.doResolveDependency(DefaultListableBeanFactory.java:1324)
	at org.springframework.beans.factory.support.DefaultListableBeanFactory.resolveDependency(DefaultListableBeanFactory.java:1300)
	at org.springframework.beans.factory.support.ConstructorResolver.resolveAutowiredArgument(ConstructorResolver.java:887)
	at org.springframework.beans.factory.support.ConstructorResolver.createArgumentArray(ConstructorResolver.java:791)
	... 61 common frames omitted
Caused by: org.springframework.expression.spel.SpelEvaluationException: EL1008E: Property or field 'jobParameters' cannot be found on object of type 'org.springframework.beans.factory.config.BeanExpressionContext' - maybe not public or not valid?
	at org.springframework.expression.spel.ast.PropertyOrFieldReference.readProperty(PropertyOrFieldReference.java:217)
	at org.springframework.expression.spel.ast.PropertyOrFieldReference.getValueInternal(PropertyOrFieldReference.java:104)
	at org.springframework.expression.spel.ast.PropertyOrFieldReference.getValueInternal(PropertyOrFieldReference.java:91)
	at org.springframework.expression.spel.ast.SpelNodeImpl.getValue(SpelNodeImpl.java:112)
	at org.springframework.expression.spel.standard.SpelExpression.getValue(SpelExpression.java:272)
	at org.springframework.context.expression.StandardBeanExpressionResolver.evaluate(StandardBeanExpressionResolver.java:166)
	... 66 common frames omitted
2024-04-17 23:38:33,942 INFO org.springframework.boot.StartupInfoLogger [main] Starting DataMigratorApplication using Java 1.8.0_111 on Anwaruls-MacBook-Pro.local with PID 82338 (/Users/anwar/Documents/Projects/KTS/SNSOP/Applications/DataMigrator/target/classes started by anwar in /Users/anwar/Documents/Projects/KTS/SNSOP/Applications/DataMigrator)
2024-04-17 23:38:33,945 INFO org.springframework.boot.SpringApplication [main] No active profile set, falling back to default profiles: default
2024-04-17 23:38:34,538 INFO org.springframework.data.repository.config.RepositoryConfigurationDelegate [main] Multiple Spring Data modules found, entering strict repository configuration mode!
2024-04-17 23:38:34,539 INFO org.springframework.data.repository.config.RepositoryConfigurationDelegate [main] Bootstrapping Spring Data Elasticsearch repositories in DEFAULT mode.
2024-04-17 23:38:34,656 INFO org.springframework.data.repository.config.RepositoryConfigurationExtensionSupport [main] Spring Data Elasticsearch - Could not safely identify store assignment for repository candidate interface com.kit.migrator.datamigrator.repository.BeneficiaryRepository. If you want this repository to be a Elasticsearch repository, consider annotating your entities with one of these annotations: org.springframework.data.elasticsearch.annotations.Document (preferred), or consider extending one of the following types with your repository: org.springframework.data.elasticsearch.repository.ElasticsearchRepository, org.springframework.data.elasticsearch.repository.ElasticsearchRepository.
2024-04-17 23:38:34,659 INFO org.springframework.data.repository.config.RepositoryConfigurationDelegate [main] Finished Spring Data repository scanning in 61 ms. Found 0 Elasticsearch repository interfaces.
2024-04-17 23:38:34,675 INFO org.springframework.data.repository.config.RepositoryConfigurationDelegate [main] Multiple Spring Data modules found, entering strict repository configuration mode!
2024-04-17 23:38:34,676 INFO org.springframework.data.repository.config.RepositoryConfigurationDelegate [main] Bootstrapping Spring Data Reactive Elasticsearch repositories in DEFAULT mode.
2024-04-17 23:38:34,684 INFO org.springframework.data.repository.config.RepositoryConfigurationExtensionSupport [main] Spring Data Reactive Elasticsearch - Could not safely identify store assignment for repository candidate interface com.kit.migrator.datamigrator.repository.BeneficiaryRepository. If you want this repository to be a Reactive Elasticsearch repository, consider annotating your entities with one of these annotations: org.springframework.data.elasticsearch.annotations.Document (preferred), or consider extending one of the following types with your repository: org.springframework.data.elasticsearch.repository.ReactiveElasticsearchRepository.
2024-04-17 23:38:34,685 INFO org.springframework.data.repository.config.RepositoryConfigurationDelegate [main] Finished Spring Data repository scanning in 8 ms. Found 0 Reactive Elasticsearch repository interfaces.
2024-04-17 23:38:34,704 INFO org.springframework.data.repository.config.RepositoryConfigurationDelegate [main] Multiple Spring Data modules found, entering strict repository configuration mode!
2024-04-17 23:38:34,704 INFO org.springframework.data.repository.config.RepositoryConfigurationDelegate [main] Bootstrapping Spring Data JPA repositories in DEFAULT mode.
2024-04-17 23:38:34,740 INFO org.springframework.data.repository.config.RepositoryConfigurationDelegate [main] Finished Spring Data repository scanning in 29 ms. Found 1 JPA repository interfaces.
2024-04-17 23:38:35,220 INFO org.hibernate.jpa.internal.util.LogHelper [main] HHH000204: Processing PersistenceUnitInfo [name: default]
2024-04-17 23:38:35,250 INFO org.hibernate.Version [main] HHH000412: Hibernate ORM core version 5.4.28.Final
2024-04-17 23:38:35,334 INFO org.hibernate.annotations.common.reflection.java.JavaReflectionManager [main] HCANN000001: Hibernate Commons Annotations {5.1.2.Final}
2024-04-17 23:38:35,394 INFO com.zaxxer.hikari.HikariDataSource [main] HikariPool-1 - Starting...
2024-04-17 23:38:36,858 INFO com.zaxxer.hikari.HikariDataSource [main] HikariPool-1 - Start completed.
2024-04-17 23:38:36,876 INFO org.hibernate.dialect.Dialect [main] HHH000400: Using dialect: org.hibernate.dialect.SQLServer2012Dialect
2024-04-17 23:38:46,956 INFO org.hibernate.engine.transaction.jta.platform.internal.JtaPlatformInitiator [main] HHH000490: Using JtaPlatform implementation: [org.hibernate.engine.transaction.jta.platform.internal.NoJtaPlatform]
2024-04-17 23:38:46,988 INFO org.springframework.orm.jpa.AbstractEntityManagerFactoryBean [main] Initialized JPA EntityManagerFactory for persistence unit 'default'
2024-04-17 23:38:47,425 WARN org.springframework.batch.core.listener.AbstractListenerFactoryBean [main] org.springframework.batch.item.ItemReader is an interface. The implementing class will not be queried for annotation based listener configurations. If using @StepScope on a @Bean method, be sure to return the implementing class so listener annotations can be used.
2024-04-17 23:38:47,433 WARN org.springframework.context.support.AbstractApplicationContext [main] Exception encountered during context initialization - cancelling refresh attempt: org.springframework.beans.factory.UnsatisfiedDependencyException: Error creating bean with name 'dataMigratorApplication': Unsatisfied dependency expressed through field 'job'; nested exception is org.springframework.beans.factory.UnsatisfiedDependencyException: Error creating bean with name 'migratorJob' defined in class path resource [com/kit/migrator/datamigrator/config/BatchConfig.class]: Unsatisfied dependency expressed through method 'job' parameter 0; nested exception is org.springframework.beans.factory.BeanCreationException: Error creating bean with name 'migrationStep1' defined in class path resource [com/kit/migrator/datamigrator/config/BatchConfig.class]: Bean instantiation via factory method failed; nested exception is org.springframework.beans.BeanInstantiationException: Failed to instantiate [org.springframework.batch.core.Step]: Factory method 'migrationStep1' threw exception; nested exception is org.springframework.batch.core.step.builder.StepBuilderException: java.lang.IllegalStateException: JobRepository is mandatory
2024-04-17 23:38:47,433 INFO org.springframework.orm.jpa.AbstractEntityManagerFactoryBean [main] Closing JPA EntityManagerFactory for persistence unit 'default'
2024-04-17 23:38:47,437 INFO com.zaxxer.hikari.HikariDataSource [main] HikariPool-1 - Shutdown initiated...
2024-04-17 23:38:48,159 INFO com.zaxxer.hikari.HikariDataSource [main] HikariPool-1 - Shutdown completed.
2024-04-17 23:38:48,194 INFO org.springframework.boot.autoconfigure.logging.ConditionEvaluationReportLoggingListener [main] 

Error starting ApplicationContext. To display the conditions report re-run your application with 'debug' enabled.
2024-04-17 23:38:48,219 ERROR org.springframework.boot.SpringApplication [main] Application run failed
org.springframework.beans.factory.UnsatisfiedDependencyException: Error creating bean with name 'dataMigratorApplication': Unsatisfied dependency expressed through field 'job'; nested exception is org.springframework.beans.factory.UnsatisfiedDependencyException: Error creating bean with name 'migratorJob' defined in class path resource [com/kit/migrator/datamigrator/config/BatchConfig.class]: Unsatisfied dependency expressed through method 'job' parameter 0; nested exception is org.springframework.beans.factory.BeanCreationException: Error creating bean with name 'migrationStep1' defined in class path resource [com/kit/migrator/datamigrator/config/BatchConfig.class]: Bean instantiation via factory method failed; nested exception is org.springframework.beans.BeanInstantiationException: Failed to instantiate [org.springframework.batch.core.Step]: Factory method 'migrationStep1' threw exception; nested exception is org.springframework.batch.core.step.builder.StepBuilderException: java.lang.IllegalStateException: JobRepository is mandatory
	at org.springframework.beans.factory.annotation.AutowiredAnnotationBeanPostProcessor$AutowiredFieldElement.resolveFieldValue(AutowiredAnnotationBeanPostProcessor.java:660)
	at org.springframework.beans.factory.annotation.AutowiredAnnotationBeanPostProcessor$AutowiredFieldElement.inject(AutowiredAnnotationBeanPostProcessor.java:640)
	at org.springframework.beans.factory.annotation.InjectionMetadata.inject(InjectionMetadata.java:119)
	at org.springframework.beans.factory.annotation.AutowiredAnnotationBeanPostProcessor.postProcessProperties(AutowiredAnnotationBeanPostProcessor.java:399)
	at org.springframework.beans.factory.support.AbstractAutowireCapableBeanFactory.populateBean(AbstractAutowireCapableBeanFactory.java:1413)
	at org.springframework.beans.factory.support.AbstractAutowireCapableBeanFactory.doCreateBean(AbstractAutowireCapableBeanFactory.java:601)
	at org.springframework.beans.factory.support.AbstractAutowireCapableBeanFactory.createBean(AbstractAutowireCapableBeanFactory.java:524)
	at org.springframework.beans.factory.support.AbstractBeanFactory.lambda$doGetBean$0(AbstractBeanFactory.java:335)
	at org.springframework.beans.factory.support.DefaultSingletonBeanRegistry.getSingleton(DefaultSingletonBeanRegistry.java:234)
	at org.springframework.beans.factory.support.AbstractBeanFactory.doGetBean(AbstractBeanFactory.java:333)
	at org.springframework.beans.factory.support.AbstractBeanFactory.getBean(AbstractBeanFactory.java:208)
	at org.springframework.beans.factory.support.DefaultListableBeanFactory.preInstantiateSingletons(DefaultListableBeanFactory.java:944)
	at org.springframework.context.support.AbstractApplicationContext.finishBeanFactoryInitialization(AbstractApplicationContext.java:917)
	at org.springframework.context.support.AbstractApplicationContext.refresh(AbstractApplicationContext.java:582)
	at org.springframework.boot.SpringApplication.refresh(SpringApplication.java:767)
	at org.springframework.boot.SpringApplication.refresh(SpringApplication.java:759)
	at org.springframework.boot.SpringApplication.refreshContext(SpringApplication.java:426)
	at org.springframework.boot.SpringApplication.run(SpringApplication.java:326)
	at org.springframework.boot.SpringApplication.run(SpringApplication.java:1311)
	at org.springframework.boot.SpringApplication.run(SpringApplication.java:1300)
	at com.kit.migrator.datamigrator.DataMigratorApplication.main(DataMigratorApplication.java:31)
Caused by: org.springframework.beans.factory.UnsatisfiedDependencyException: Error creating bean with name 'migratorJob' defined in class path resource [com/kit/migrator/datamigrator/config/BatchConfig.class]: Unsatisfied dependency expressed through method 'job' parameter 0; nested exception is org.springframework.beans.factory.BeanCreationException: Error creating bean with name 'migrationStep1' defined in class path resource [com/kit/migrator/datamigrator/config/BatchConfig.class]: Bean instantiation via factory method failed; nested exception is org.springframework.beans.BeanInstantiationException: Failed to instantiate [org.springframework.batch.core.Step]: Factory method 'migrationStep1' threw exception; nested exception is org.springframework.batch.core.step.builder.StepBuilderException: java.lang.IllegalStateException: JobRepository is mandatory
	at org.springframework.beans.factory.support.ConstructorResolver.createArgumentArray(ConstructorResolver.java:800)
	at org.springframework.beans.factory.support.ConstructorResolver.instantiateUsingFactoryMethod(ConstructorResolver.java:541)
	at org.springframework.beans.factory.support.AbstractAutowireCapableBeanFactory.instantiateUsingFactoryMethod(AbstractAutowireCapableBeanFactory.java:1334)
	at org.springframework.beans.factory.support.AbstractAutowireCapableBeanFactory.createBeanInstance(AbstractAutowireCapableBeanFactory.java:1177)
	at org.springframework.beans.factory.support.AbstractAutowireCapableBeanFactory.doCreateBean(AbstractAutowireCapableBeanFactory.java:564)
	at org.springframework.beans.factory.support.AbstractAutowireCapableBeanFactory.createBean(AbstractAutowireCapableBeanFactory.java:524)
	at org.springframework.beans.factory.support.AbstractBeanFactory.lambda$doGetBean$0(AbstractBeanFactory.java:335)
	at org.springframework.beans.factory.support.DefaultSingletonBeanRegistry.getSingleton(DefaultSingletonBeanRegistry.java:234)
	at org.springframework.beans.factory.support.AbstractBeanFactory.doGetBean(AbstractBeanFactory.java:333)
	at org.springframework.beans.factory.support.AbstractBeanFactory.getBean(AbstractBeanFactory.java:208)
	at org.springframework.beans.factory.config.DependencyDescriptor.resolveCandidate(DependencyDescriptor.java:276)
	at org.springframework.beans.factory.support.DefaultListableBeanFactory.doResolveDependency(DefaultListableBeanFactory.java:1380)
	at org.springframework.beans.factory.support.DefaultListableBeanFactory.resolveDependency(DefaultListableBeanFactory.java:1300)
	at org.springframework.beans.factory.annotation.AutowiredAnnotationBeanPostProcessor$AutowiredFieldElement.resolveFieldValue(AutowiredAnnotationBeanPostProcessor.java:657)
	... 20 common frames omitted
Caused by: org.springframework.beans.factory.BeanCreationException: Error creating bean with name 'migrationStep1' defined in class path resource [com/kit/migrator/datamigrator/config/BatchConfig.class]: Bean instantiation via factory method failed; nested exception is org.springframework.beans.BeanInstantiationException: Failed to instantiate [org.springframework.batch.core.Step]: Factory method 'migrationStep1' threw exception; nested exception is org.springframework.batch.core.step.builder.StepBuilderException: java.lang.IllegalStateException: JobRepository is mandatory
	at org.springframework.beans.factory.support.ConstructorResolver.instantiate(ConstructorResolver.java:658)
	at org.springframework.beans.factory.support.ConstructorResolver.instantiateUsingFactoryMethod(ConstructorResolver.java:638)
	at org.springframework.beans.factory.support.AbstractAutowireCapableBeanFactory.instantiateUsingFactoryMethod(AbstractAutowireCapableBeanFactory.java:1334)
	at org.springframework.beans.factory.support.AbstractAutowireCapableBeanFactory.createBeanInstance(AbstractAutowireCapableBeanFactory.java:1177)
	at org.springframework.beans.factory.support.AbstractAutowireCapableBeanFactory.doCreateBean(AbstractAutowireCapableBeanFactory.java:564)
	at org.springframework.beans.factory.support.AbstractAutowireCapableBeanFactory.createBean(AbstractAutowireCapableBeanFactory.java:524)
	at org.springframework.beans.factory.support.AbstractBeanFactory.lambda$doGetBean$0(AbstractBeanFactory.java:335)
	at org.springframework.beans.factory.support.DefaultSingletonBeanRegistry.getSingleton(DefaultSingletonBeanRegistry.java:234)
	at org.springframework.beans.factory.support.AbstractBeanFactory.doGetBean(AbstractBeanFactory.java:333)
	at org.springframework.beans.factory.support.AbstractBeanFactory.getBean(AbstractBeanFactory.java:208)
	at org.springframework.beans.factory.config.DependencyDescriptor.resolveCandidate(DependencyDescriptor.java:276)
	at org.springframework.beans.factory.support.DefaultListableBeanFactory.doResolveDependency(DefaultListableBeanFactory.java:1380)
	at org.springframework.beans.factory.support.DefaultListableBeanFactory.resolveDependency(DefaultListableBeanFactory.java:1300)
	at org.springframework.beans.factory.support.ConstructorResolver.resolveAutowiredArgument(ConstructorResolver.java:887)
	at org.springframework.beans.factory.support.ConstructorResolver.createArgumentArray(ConstructorResolver.java:791)
	... 33 common frames omitted
Caused by: org.springframework.beans.BeanInstantiationException: Failed to instantiate [org.springframework.batch.core.Step]: Factory method 'migrationStep1' threw exception; nested exception is org.springframework.batch.core.step.builder.StepBuilderException: java.lang.IllegalStateException: JobRepository is mandatory
	at org.springframework.beans.factory.support.SimpleInstantiationStrategy.instantiate(SimpleInstantiationStrategy.java:185)
	at org.springframework.beans.factory.support.ConstructorResolver.instantiate(ConstructorResolver.java:653)
	... 47 common frames omitted
Caused by: org.springframework.batch.core.step.builder.StepBuilderException: java.lang.IllegalStateException: JobRepository is mandatory
	at org.springframework.batch.core.step.builder.AbstractTaskletStepBuilder.build(AbstractTaskletStepBuilder.java:121)
	at org.springframework.batch.core.step.builder.SimpleStepBuilder.build(SimpleStepBuilder.java:132)
	at com.kit.migrator.datamigrator.config.BatchConfig.migrationStep1(BatchConfig.java:67)
	at com.kit.migrator.datamigrator.config.BatchConfig$$EnhancerBySpringCGLIB$$d37a80ba.CGLIB$migrationStep1$4(<generated>)
	at com.kit.migrator.datamigrator.config.BatchConfig$$EnhancerBySpringCGLIB$$d37a80ba$$FastClassBySpringCGLIB$$63ad827e.invoke(<generated>)
	at org.springframework.cglib.proxy.MethodProxy.invokeSuper(MethodProxy.java:244)
	at org.springframework.context.annotation.ConfigurationClassEnhancer$BeanMethodInterceptor.intercept(ConfigurationClassEnhancer.java:331)
	at com.kit.migrator.datamigrator.config.BatchConfig$$EnhancerBySpringCGLIB$$d37a80ba.migrationStep1(<generated>)
	at sun.reflect.NativeMethodAccessorImpl.invoke0(Native Method)
	at sun.reflect.NativeMethodAccessorImpl.invoke(NativeMethodAccessorImpl.java:62)
	at sun.reflect.DelegatingMethodAccessorImpl.invoke(DelegatingMethodAccessorImpl.java:43)
	at java.lang.reflect.Method.invoke(Method.java:498)
	at org.springframework.beans.factory.support.SimpleInstantiationStrategy.instantiate(SimpleInstantiationStrategy.java:154)
	... 48 common frames omitted
Caused by: java.lang.IllegalStateException: JobRepository is mandatory
	at org.springframework.util.Assert.state(Assert.java:76)
	at org.springframework.batch.core.step.AbstractStep.afterPropertiesSet(AbstractStep.java:81)
	at org.springframework.batch.core.step.tasklet.TaskletStep.afterPropertiesSet(TaskletStep.java:128)
	at org.springframework.batch.core.step.builder.AbstractTaskletStepBuilder.build(AbstractTaskletStepBuilder.java:118)
	... 60 common frames omitted
2024-04-17 23:43:42,120 INFO org.springframework.boot.StartupInfoLogger [main] Starting DataMigratorApplication using Java 1.8.0_111 on Anwaruls-MacBook-Pro.local with PID 83261 (/Users/anwar/Documents/Projects/KTS/SNSOP/Applications/DataMigrator/target/classes started by anwar in /Users/anwar/Documents/Projects/KTS/SNSOP/Applications/DataMigrator)
2024-04-17 23:43:42,124 INFO org.springframework.boot.SpringApplication [main] No active profile set, falling back to default profiles: default
2024-04-17 23:43:42,690 INFO org.springframework.data.repository.config.RepositoryConfigurationDelegate [main] Multiple Spring Data modules found, entering strict repository configuration mode!
2024-04-17 23:43:42,691 INFO org.springframework.data.repository.config.RepositoryConfigurationDelegate [main] Bootstrapping Spring Data Elasticsearch repositories in DEFAULT mode.
2024-04-17 23:43:42,808 INFO org.springframework.data.repository.config.RepositoryConfigurationExtensionSupport [main] Spring Data Elasticsearch - Could not safely identify store assignment for repository candidate interface com.kit.migrator.datamigrator.repository.BeneficiaryRepository. If you want this repository to be a Elasticsearch repository, consider annotating your entities with one of these annotations: org.springframework.data.elasticsearch.annotations.Document (preferred), or consider extending one of the following types with your repository: org.springframework.data.elasticsearch.repository.ElasticsearchRepository, org.springframework.data.elasticsearch.repository.ElasticsearchRepository.
2024-04-17 23:43:42,809 INFO org.springframework.data.repository.config.RepositoryConfigurationDelegate [main] Finished Spring Data repository scanning in 49 ms. Found 0 Elasticsearch repository interfaces.
2024-04-17 23:43:42,822 INFO org.springframework.data.repository.config.RepositoryConfigurationDelegate [main] Multiple Spring Data modules found, entering strict repository configuration mode!
2024-04-17 23:43:42,822 INFO org.springframework.data.repository.config.RepositoryConfigurationDelegate [main] Bootstrapping Spring Data Reactive Elasticsearch repositories in DEFAULT mode.
2024-04-17 23:43:42,829 INFO org.springframework.data.repository.config.RepositoryConfigurationExtensionSupport [main] Spring Data Reactive Elasticsearch - Could not safely identify store assignment for repository candidate interface com.kit.migrator.datamigrator.repository.BeneficiaryRepository. If you want this repository to be a Reactive Elasticsearch repository, consider annotating your entities with one of these annotations: org.springframework.data.elasticsearch.annotations.Document (preferred), or consider extending one of the following types with your repository: org.springframework.data.elasticsearch.repository.ReactiveElasticsearchRepository.
2024-04-17 23:43:42,832 INFO org.springframework.data.repository.config.RepositoryConfigurationDelegate [main] Finished Spring Data repository scanning in 9 ms. Found 0 Reactive Elasticsearch repository interfaces.
2024-04-17 23:43:42,847 INFO org.springframework.data.repository.config.RepositoryConfigurationDelegate [main] Multiple Spring Data modules found, entering strict repository configuration mode!
2024-04-17 23:43:42,848 INFO org.springframework.data.repository.config.RepositoryConfigurationDelegate [main] Bootstrapping Spring Data JPA repositories in DEFAULT mode.
2024-04-17 23:43:42,882 INFO org.springframework.data.repository.config.RepositoryConfigurationDelegate [main] Finished Spring Data repository scanning in 30 ms. Found 1 JPA repository interfaces.
2024-04-17 23:43:43,450 INFO org.hibernate.jpa.internal.util.LogHelper [main] HHH000204: Processing PersistenceUnitInfo [name: default]
2024-04-17 23:43:43,479 INFO org.hibernate.Version [main] HHH000412: Hibernate ORM core version 5.4.28.Final
2024-04-17 23:43:43,573 INFO org.hibernate.annotations.common.reflection.java.JavaReflectionManager [main] HCANN000001: Hibernate Commons Annotations {5.1.2.Final}
2024-04-17 23:43:43,637 INFO com.zaxxer.hikari.HikariDataSource [main] HikariPool-1 - Starting...
2024-04-17 23:43:45,154 INFO com.zaxxer.hikari.HikariDataSource [main] HikariPool-1 - Start completed.
2024-04-17 23:43:45,171 INFO org.hibernate.dialect.Dialect [main] HHH000400: Using dialect: org.hibernate.dialect.SQLServer2012Dialect
2024-04-17 23:43:53,998 INFO org.hibernate.engine.transaction.jta.platform.internal.JtaPlatformInitiator [main] HHH000490: Using JtaPlatform implementation: [org.hibernate.engine.transaction.jta.platform.internal.NoJtaPlatform]
2024-04-17 23:43:54,034 INFO org.springframework.orm.jpa.AbstractEntityManagerFactoryBean [main] Initialized JPA EntityManagerFactory for persistence unit 'default'
2024-04-17 23:43:54,532 WARN org.springframework.batch.core.listener.AbstractListenerFactoryBean [main] org.springframework.batch.item.ItemReader is an interface. The implementing class will not be queried for annotation based listener configurations. If using @StepScope on a @Bean method, be sure to return the implementing class so listener annotations can be used.
2024-04-17 23:43:54,542 WARN org.springframework.context.support.AbstractApplicationContext [main] Exception encountered during context initialization - cancelling refresh attempt: org.springframework.beans.factory.UnsatisfiedDependencyException: Error creating bean with name 'dataMigratorApplication': Unsatisfied dependency expressed through field 'job'; nested exception is org.springframework.beans.factory.UnsatisfiedDependencyException: Error creating bean with name 'migratorJob' defined in class path resource [com/kit/migrator/datamigrator/config/BatchConfig.class]: Unsatisfied dependency expressed through method 'job' parameter 1; nested exception is org.springframework.beans.factory.BeanCreationException: Error creating bean with name 'migrationStep1' defined in class path resource [com/kit/migrator/datamigrator/config/BatchConfig.class]: Bean instantiation via factory method failed; nested exception is org.springframework.beans.BeanInstantiationException: Failed to instantiate [org.springframework.batch.core.Step]: Factory method 'migrationStep1' threw exception; nested exception is org.springframework.batch.core.step.builder.StepBuilderException: java.lang.IllegalStateException: JobRepository is mandatory
2024-04-17 23:43:54,543 INFO org.springframework.orm.jpa.AbstractEntityManagerFactoryBean [main] Closing JPA EntityManagerFactory for persistence unit 'default'
2024-04-17 23:43:54,547 INFO com.zaxxer.hikari.HikariDataSource [main] HikariPool-1 - Shutdown initiated...
2024-04-17 23:43:54,559 INFO com.zaxxer.hikari.HikariDataSource [main] HikariPool-1 - Shutdown completed.
2024-04-17 23:43:54,570 INFO org.springframework.boot.autoconfigure.logging.ConditionEvaluationReportLoggingListener [main] 

Error starting ApplicationContext. To display the conditions report re-run your application with 'debug' enabled.
2024-04-17 23:43:54,600 ERROR org.springframework.boot.SpringApplication [main] Application run failed
org.springframework.beans.factory.UnsatisfiedDependencyException: Error creating bean with name 'dataMigratorApplication': Unsatisfied dependency expressed through field 'job'; nested exception is org.springframework.beans.factory.UnsatisfiedDependencyException: Error creating bean with name 'migratorJob' defined in class path resource [com/kit/migrator/datamigrator/config/BatchConfig.class]: Unsatisfied dependency expressed through method 'job' parameter 1; nested exception is org.springframework.beans.factory.BeanCreationException: Error creating bean with name 'migrationStep1' defined in class path resource [com/kit/migrator/datamigrator/config/BatchConfig.class]: Bean instantiation via factory method failed; nested exception is org.springframework.beans.BeanInstantiationException: Failed to instantiate [org.springframework.batch.core.Step]: Factory method 'migrationStep1' threw exception; nested exception is org.springframework.batch.core.step.builder.StepBuilderException: java.lang.IllegalStateException: JobRepository is mandatory
	at org.springframework.beans.factory.annotation.AutowiredAnnotationBeanPostProcessor$AutowiredFieldElement.resolveFieldValue(AutowiredAnnotationBeanPostProcessor.java:660)
	at org.springframework.beans.factory.annotation.AutowiredAnnotationBeanPostProcessor$AutowiredFieldElement.inject(AutowiredAnnotationBeanPostProcessor.java:640)
	at org.springframework.beans.factory.annotation.InjectionMetadata.inject(InjectionMetadata.java:119)
	at org.springframework.beans.factory.annotation.AutowiredAnnotationBeanPostProcessor.postProcessProperties(AutowiredAnnotationBeanPostProcessor.java:399)
	at org.springframework.beans.factory.support.AbstractAutowireCapableBeanFactory.populateBean(AbstractAutowireCapableBeanFactory.java:1413)
	at org.springframework.beans.factory.support.AbstractAutowireCapableBeanFactory.doCreateBean(AbstractAutowireCapableBeanFactory.java:601)
	at org.springframework.beans.factory.support.AbstractAutowireCapableBeanFactory.createBean(AbstractAutowireCapableBeanFactory.java:524)
	at org.springframework.beans.factory.support.AbstractBeanFactory.lambda$doGetBean$0(AbstractBeanFactory.java:335)
	at org.springframework.beans.factory.support.DefaultSingletonBeanRegistry.getSingleton(DefaultSingletonBeanRegistry.java:234)
	at org.springframework.beans.factory.support.AbstractBeanFactory.doGetBean(AbstractBeanFactory.java:333)
	at org.springframework.beans.factory.support.AbstractBeanFactory.getBean(AbstractBeanFactory.java:208)
	at org.springframework.beans.factory.support.DefaultListableBeanFactory.preInstantiateSingletons(DefaultListableBeanFactory.java:944)
	at org.springframework.context.support.AbstractApplicationContext.finishBeanFactoryInitialization(AbstractApplicationContext.java:917)
	at org.springframework.context.support.AbstractApplicationContext.refresh(AbstractApplicationContext.java:582)
	at org.springframework.boot.SpringApplication.refresh(SpringApplication.java:767)
	at org.springframework.boot.SpringApplication.refresh(SpringApplication.java:759)
	at org.springframework.boot.SpringApplication.refreshContext(SpringApplication.java:426)
	at org.springframework.boot.SpringApplication.run(SpringApplication.java:326)
	at org.springframework.boot.SpringApplication.run(SpringApplication.java:1311)
	at org.springframework.boot.SpringApplication.run(SpringApplication.java:1300)
	at com.kit.migrator.datamigrator.DataMigratorApplication.main(DataMigratorApplication.java:31)
Caused by: org.springframework.beans.factory.UnsatisfiedDependencyException: Error creating bean with name 'migratorJob' defined in class path resource [com/kit/migrator/datamigrator/config/BatchConfig.class]: Unsatisfied dependency expressed through method 'job' parameter 1; nested exception is org.springframework.beans.factory.BeanCreationException: Error creating bean with name 'migrationStep1' defined in class path resource [com/kit/migrator/datamigrator/config/BatchConfig.class]: Bean instantiation via factory method failed; nested exception is org.springframework.beans.BeanInstantiationException: Failed to instantiate [org.springframework.batch.core.Step]: Factory method 'migrationStep1' threw exception; nested exception is org.springframework.batch.core.step.builder.StepBuilderException: java.lang.IllegalStateException: JobRepository is mandatory
	at org.springframework.beans.factory.support.ConstructorResolver.createArgumentArray(ConstructorResolver.java:800)
	at org.springframework.beans.factory.support.ConstructorResolver.instantiateUsingFactoryMethod(ConstructorResolver.java:541)
	at org.springframework.beans.factory.support.AbstractAutowireCapableBeanFactory.instantiateUsingFactoryMethod(AbstractAutowireCapableBeanFactory.java:1334)
	at org.springframework.beans.factory.support.AbstractAutowireCapableBeanFactory.createBeanInstance(AbstractAutowireCapableBeanFactory.java:1177)
	at org.springframework.beans.factory.support.AbstractAutowireCapableBeanFactory.doCreateBean(AbstractAutowireCapableBeanFactory.java:564)
	at org.springframework.beans.factory.support.AbstractAutowireCapableBeanFactory.createBean(AbstractAutowireCapableBeanFactory.java:524)
	at org.springframework.beans.factory.support.AbstractBeanFactory.lambda$doGetBean$0(AbstractBeanFactory.java:335)
	at org.springframework.beans.factory.support.DefaultSingletonBeanRegistry.getSingleton(DefaultSingletonBeanRegistry.java:234)
	at org.springframework.beans.factory.support.AbstractBeanFactory.doGetBean(AbstractBeanFactory.java:333)
	at org.springframework.beans.factory.support.AbstractBeanFactory.getBean(AbstractBeanFactory.java:208)
	at org.springframework.beans.factory.config.DependencyDescriptor.resolveCandidate(DependencyDescriptor.java:276)
	at org.springframework.beans.factory.support.DefaultListableBeanFactory.doResolveDependency(DefaultListableBeanFactory.java:1380)
	at org.springframework.beans.factory.support.DefaultListableBeanFactory.resolveDependency(DefaultListableBeanFactory.java:1300)
	at org.springframework.beans.factory.annotation.AutowiredAnnotationBeanPostProcessor$AutowiredFieldElement.resolveFieldValue(AutowiredAnnotationBeanPostProcessor.java:657)
	... 20 common frames omitted
Caused by: org.springframework.beans.factory.BeanCreationException: Error creating bean with name 'migrationStep1' defined in class path resource [com/kit/migrator/datamigrator/config/BatchConfig.class]: Bean instantiation via factory method failed; nested exception is org.springframework.beans.BeanInstantiationException: Failed to instantiate [org.springframework.batch.core.Step]: Factory method 'migrationStep1' threw exception; nested exception is org.springframework.batch.core.step.builder.StepBuilderException: java.lang.IllegalStateException: JobRepository is mandatory
	at org.springframework.beans.factory.support.ConstructorResolver.instantiate(ConstructorResolver.java:658)
	at org.springframework.beans.factory.support.ConstructorResolver.instantiateUsingFactoryMethod(ConstructorResolver.java:638)
	at org.springframework.beans.factory.support.AbstractAutowireCapableBeanFactory.instantiateUsingFactoryMethod(AbstractAutowireCapableBeanFactory.java:1334)
	at org.springframework.beans.factory.support.AbstractAutowireCapableBeanFactory.createBeanInstance(AbstractAutowireCapableBeanFactory.java:1177)
	at org.springframework.beans.factory.support.AbstractAutowireCapableBeanFactory.doCreateBean(AbstractAutowireCapableBeanFactory.java:564)
	at org.springframework.beans.factory.support.AbstractAutowireCapableBeanFactory.createBean(AbstractAutowireCapableBeanFactory.java:524)
	at org.springframework.beans.factory.support.AbstractBeanFactory.lambda$doGetBean$0(AbstractBeanFactory.java:335)
	at org.springframework.beans.factory.support.DefaultSingletonBeanRegistry.getSingleton(DefaultSingletonBeanRegistry.java:234)
	at org.springframework.beans.factory.support.AbstractBeanFactory.doGetBean(AbstractBeanFactory.java:333)
	at org.springframework.beans.factory.support.AbstractBeanFactory.getBean(AbstractBeanFactory.java:208)
	at org.springframework.beans.factory.config.DependencyDescriptor.resolveCandidate(DependencyDescriptor.java:276)
	at org.springframework.beans.factory.support.DefaultListableBeanFactory.doResolveDependency(DefaultListableBeanFactory.java:1380)
	at org.springframework.beans.factory.support.DefaultListableBeanFactory.resolveDependency(DefaultListableBeanFactory.java:1300)
	at org.springframework.beans.factory.support.ConstructorResolver.resolveAutowiredArgument(ConstructorResolver.java:887)
	at org.springframework.beans.factory.support.ConstructorResolver.createArgumentArray(ConstructorResolver.java:791)
	... 33 common frames omitted
Caused by: org.springframework.beans.BeanInstantiationException: Failed to instantiate [org.springframework.batch.core.Step]: Factory method 'migrationStep1' threw exception; nested exception is org.springframework.batch.core.step.builder.StepBuilderException: java.lang.IllegalStateException: JobRepository is mandatory
	at org.springframework.beans.factory.support.SimpleInstantiationStrategy.instantiate(SimpleInstantiationStrategy.java:185)
	at org.springframework.beans.factory.support.ConstructorResolver.instantiate(ConstructorResolver.java:653)
	... 47 common frames omitted
Caused by: org.springframework.batch.core.step.builder.StepBuilderException: java.lang.IllegalStateException: JobRepository is mandatory
	at org.springframework.batch.core.step.builder.AbstractTaskletStepBuilder.build(AbstractTaskletStepBuilder.java:121)
	at org.springframework.batch.core.step.builder.SimpleStepBuilder.build(SimpleStepBuilder.java:132)
	at com.kit.migrator.datamigrator.config.BatchConfig.migrationStep1(BatchConfig.java:71)
	at com.kit.migrator.datamigrator.config.BatchConfig$$EnhancerBySpringCGLIB$$b1b5090e.CGLIB$migrationStep1$4(<generated>)
	at com.kit.migrator.datamigrator.config.BatchConfig$$EnhancerBySpringCGLIB$$b1b5090e$$FastClassBySpringCGLIB$$710f838e.invoke(<generated>)
	at org.springframework.cglib.proxy.MethodProxy.invokeSuper(MethodProxy.java:244)
	at org.springframework.context.annotation.ConfigurationClassEnhancer$BeanMethodInterceptor.intercept(ConfigurationClassEnhancer.java:331)
	at com.kit.migrator.datamigrator.config.BatchConfig$$EnhancerBySpringCGLIB$$b1b5090e.migrationStep1(<generated>)
	at sun.reflect.NativeMethodAccessorImpl.invoke0(Native Method)
	at sun.reflect.NativeMethodAccessorImpl.invoke(NativeMethodAccessorImpl.java:62)
	at sun.reflect.DelegatingMethodAccessorImpl.invoke(DelegatingMethodAccessorImpl.java:43)
	at java.lang.reflect.Method.invoke(Method.java:498)
	at org.springframework.beans.factory.support.SimpleInstantiationStrategy.instantiate(SimpleInstantiationStrategy.java:154)
	... 48 common frames omitted
Caused by: java.lang.IllegalStateException: JobRepository is mandatory
	at org.springframework.util.Assert.state(Assert.java:76)
	at org.springframework.batch.core.step.AbstractStep.afterPropertiesSet(AbstractStep.java:81)
	at org.springframework.batch.core.step.tasklet.TaskletStep.afterPropertiesSet(TaskletStep.java:128)
	at org.springframework.batch.core.step.builder.AbstractTaskletStepBuilder.build(AbstractTaskletStepBuilder.java:118)
	... 60 common frames omitted
2024-04-17 23:52:17,495 INFO org.springframework.boot.StartupInfoLogger [main] Starting DataMigratorApplication using Java 1.8.0_111 on Anwaruls-MacBook-Pro.local with PID 84836 (/Users/anwar/Documents/Projects/KTS/SNSOP/Applications/DataMigrator/target/classes started by anwar in /Users/anwar/Documents/Projects/KTS/SNSOP/Applications/DataMigrator)
2024-04-17 23:52:17,499 INFO org.springframework.boot.SpringApplication [main] No active profile set, falling back to default profiles: default
2024-04-17 23:52:18,185 INFO org.springframework.data.repository.config.RepositoryConfigurationDelegate [main] Multiple Spring Data modules found, entering strict repository configuration mode!
2024-04-17 23:52:18,187 INFO org.springframework.data.repository.config.RepositoryConfigurationDelegate [main] Bootstrapping Spring Data Elasticsearch repositories in DEFAULT mode.
2024-04-17 23:52:18,306 INFO org.springframework.data.repository.config.RepositoryConfigurationExtensionSupport [main] Spring Data Elasticsearch - Could not safely identify store assignment for repository candidate interface com.kit.migrator.datamigrator.repository.BeneficiaryRepository. If you want this repository to be a Elasticsearch repository, consider annotating your entities with one of these annotations: org.springframework.data.elasticsearch.annotations.Document (preferred), or consider extending one of the following types with your repository: org.springframework.data.elasticsearch.repository.ElasticsearchRepository, org.springframework.data.elasticsearch.repository.ElasticsearchRepository.
2024-04-17 23:52:18,308 INFO org.springframework.data.repository.config.RepositoryConfigurationDelegate [main] Finished Spring Data repository scanning in 59 ms. Found 0 Elasticsearch repository interfaces.
2024-04-17 23:52:18,321 INFO org.springframework.data.repository.config.RepositoryConfigurationDelegate [main] Multiple Spring Data modules found, entering strict repository configuration mode!
2024-04-17 23:52:18,322 INFO org.springframework.data.repository.config.RepositoryConfigurationDelegate [main] Bootstrapping Spring Data Reactive Elasticsearch repositories in DEFAULT mode.
2024-04-17 23:52:18,329 INFO org.springframework.data.repository.config.RepositoryConfigurationExtensionSupport [main] Spring Data Reactive Elasticsearch - Could not safely identify store assignment for repository candidate interface com.kit.migrator.datamigrator.repository.BeneficiaryRepository. If you want this repository to be a Reactive Elasticsearch repository, consider annotating your entities with one of these annotations: org.springframework.data.elasticsearch.annotations.Document (preferred), or consider extending one of the following types with your repository: org.springframework.data.elasticsearch.repository.ReactiveElasticsearchRepository.
2024-04-17 23:52:18,332 INFO org.springframework.data.repository.config.RepositoryConfigurationDelegate [main] Finished Spring Data repository scanning in 9 ms. Found 0 Reactive Elasticsearch repository interfaces.
2024-04-17 23:52:18,351 INFO org.springframework.data.repository.config.RepositoryConfigurationDelegate [main] Multiple Spring Data modules found, entering strict repository configuration mode!
2024-04-17 23:52:18,352 INFO org.springframework.data.repository.config.RepositoryConfigurationDelegate [main] Bootstrapping Spring Data JPA repositories in DEFAULT mode.
2024-04-17 23:52:18,399 INFO org.springframework.data.repository.config.RepositoryConfigurationDelegate [main] Finished Spring Data repository scanning in 39 ms. Found 1 JPA repository interfaces.
2024-04-17 23:52:19,093 INFO org.hibernate.jpa.internal.util.LogHelper [main] HHH000204: Processing PersistenceUnitInfo [name: default]
2024-04-17 23:52:19,138 INFO org.hibernate.Version [main] HHH000412: Hibernate ORM core version 5.4.28.Final
2024-04-17 23:52:19,251 INFO org.hibernate.annotations.common.reflection.java.JavaReflectionManager [main] HCANN000001: Hibernate Commons Annotations {5.1.2.Final}
2024-04-17 23:52:19,348 INFO com.zaxxer.hikari.HikariDataSource [main] HikariPool-1 - Starting...
2024-04-17 23:52:21,158 INFO com.zaxxer.hikari.HikariDataSource [main] HikariPool-1 - Start completed.
2024-04-17 23:52:21,177 INFO org.hibernate.dialect.Dialect [main] HHH000400: Using dialect: org.hibernate.dialect.SQLServer2012Dialect
2024-04-17 23:52:32,988 INFO org.hibernate.engine.transaction.jta.platform.internal.JtaPlatformInitiator [main] HHH000490: Using JtaPlatform implementation: [org.hibernate.engine.transaction.jta.platform.internal.NoJtaPlatform]
2024-04-17 23:52:33,021 INFO org.springframework.orm.jpa.AbstractEntityManagerFactoryBean [main] Initialized JPA EntityManagerFactory for persistence unit 'default'
2024-04-17 23:52:33,548 WARN org.springframework.batch.core.listener.AbstractListenerFactoryBean [main] org.springframework.batch.item.ItemReader is an interface. The implementing class will not be queried for annotation based listener configurations. If using @StepScope on a @Bean method, be sure to return the implementing class so listener annotations can be used.
2024-04-17 23:52:33,883 WARN org.springframework.boot.autoconfigure.batch.JpaBatchConfigurer [main] JPA does not support custom isolation levels, so locks may not be taken when launching Jobs
2024-04-17 23:52:33,895 INFO org.springframework.batch.core.repository.support.JobRepositoryFactoryBean [main] No database type set, using meta data indicating: SQLSERVER
2024-04-17 23:52:33,961 INFO org.springframework.batch.core.launch.support.SimpleJobLauncher [main] No TaskExecutor has been set, defaulting to synchronous executor.
2024-04-17 23:52:34,300 WARN org.springframework.data.convert.CustomConversions [main] Registering converter from class org.springframework.data.geo.Point to interface java.util.Map as writing converter although it doesn't convert to a store-supported type! You might want to check your annotation setup at the converter implementation.
2024-04-17 23:52:34,302 WARN org.springframework.data.convert.CustomConversions [main] Registering converter from interface java.util.Map to class org.springframework.data.geo.Point as reading converter although it doesn't convert from a store-supported type! You might want to check your annotation setup at the converter implementation.
2024-04-17 23:52:34,302 WARN org.springframework.data.convert.CustomConversions [main] Registering converter from class org.springframework.data.elasticsearch.core.geo.GeoPoint to interface java.util.Map as writing converter although it doesn't convert to a store-supported type! You might want to check your annotation setup at the converter implementation.
2024-04-17 23:52:34,302 WARN org.springframework.data.convert.CustomConversions [main] Registering converter from interface java.util.Map to class org.springframework.data.elasticsearch.core.geo.GeoPoint as reading converter although it doesn't convert from a store-supported type! You might want to check your annotation setup at the converter implementation.
2024-04-17 23:52:34,302 WARN org.springframework.data.convert.CustomConversions [main] Registering converter from interface org.springframework.data.elasticsearch.core.geo.GeoJson to interface java.util.Map as writing converter although it doesn't convert to a store-supported type! You might want to check your annotation setup at the converter implementation.
2024-04-17 23:52:34,302 WARN org.springframework.data.convert.CustomConversions [main] Registering converter from interface java.util.Map to interface org.springframework.data.elasticsearch.core.geo.GeoJson as reading converter although it doesn't convert from a store-supported type! You might want to check your annotation setup at the converter implementation.
2024-04-17 23:52:34,302 WARN org.springframework.data.convert.CustomConversions [main] Registering converter from class org.springframework.data.elasticsearch.core.geo.GeoJsonPoint to interface java.util.Map as writing converter although it doesn't convert to a store-supported type! You might want to check your annotation setup at the converter implementation.
2024-04-17 23:52:34,303 WARN org.springframework.data.convert.CustomConversions [main] Registering converter from interface java.util.Map to class org.springframework.data.elasticsearch.core.geo.GeoJsonPoint as reading converter although it doesn't convert from a store-supported type! You might want to check your annotation setup at the converter implementation.
2024-04-17 23:52:34,303 WARN org.springframework.data.convert.CustomConversions [main] Registering converter from class org.springframework.data.elasticsearch.core.geo.GeoJsonMultiPoint to interface java.util.Map as writing converter although it doesn't convert to a store-supported type! You might want to check your annotation setup at the converter implementation.
2024-04-17 23:52:34,303 WARN org.springframework.data.convert.CustomConversions [main] Registering converter from interface java.util.Map to class org.springframework.data.elasticsearch.core.geo.GeoJsonMultiPoint as reading converter although it doesn't convert from a store-supported type! You might want to check your annotation setup at the converter implementation.
2024-04-17 23:52:34,303 WARN org.springframework.data.convert.CustomConversions [main] Registering converter from class org.springframework.data.elasticsearch.core.geo.GeoJsonLineString to interface java.util.Map as writing converter although it doesn't convert to a store-supported type! You might want to check your annotation setup at the converter implementation.
2024-04-17 23:52:34,303 WARN org.springframework.data.convert.CustomConversions [main] Registering converter from interface java.util.Map to class org.springframework.data.elasticsearch.core.geo.GeoJsonLineString as reading converter although it doesn't convert from a store-supported type! You might want to check your annotation setup at the converter implementation.
2024-04-17 23:52:34,303 WARN org.springframework.data.convert.CustomConversions [main] Registering converter from class org.springframework.data.elasticsearch.core.geo.GeoJsonMultiLineString to interface java.util.Map as writing converter although it doesn't convert to a store-supported type! You might want to check your annotation setup at the converter implementation.
2024-04-17 23:52:34,304 WARN org.springframework.data.convert.CustomConversions [main] Registering converter from interface java.util.Map to class org.springframework.data.elasticsearch.core.geo.GeoJsonMultiLineString as reading converter although it doesn't convert from a store-supported type! You might want to check your annotation setup at the converter implementation.
2024-04-17 23:52:34,304 WARN org.springframework.data.convert.CustomConversions [main] Registering converter from class org.springframework.data.elasticsearch.core.geo.GeoJsonPolygon to interface java.util.Map as writing converter although it doesn't convert to a store-supported type! You might want to check your annotation setup at the converter implementation.
2024-04-17 23:52:34,304 WARN org.springframework.data.convert.CustomConversions [main] Registering converter from interface java.util.Map to class org.springframework.data.elasticsearch.core.geo.GeoJsonPolygon as reading converter although it doesn't convert from a store-supported type! You might want to check your annotation setup at the converter implementation.
2024-04-17 23:52:34,304 WARN org.springframework.data.convert.CustomConversions [main] Registering converter from class org.springframework.data.elasticsearch.core.geo.GeoJsonMultiPolygon to interface java.util.Map as writing converter although it doesn't convert to a store-supported type! You might want to check your annotation setup at the converter implementation.
2024-04-17 23:52:34,304 WARN org.springframework.data.convert.CustomConversions [main] Registering converter from interface java.util.Map to class org.springframework.data.elasticsearch.core.geo.GeoJsonMultiPolygon as reading converter although it doesn't convert from a store-supported type! You might want to check your annotation setup at the converter implementation.
2024-04-17 23:52:34,304 WARN org.springframework.data.convert.CustomConversions [main] Registering converter from class org.springframework.data.elasticsearch.core.geo.GeoJsonGeometryCollection to interface java.util.Map as writing converter although it doesn't convert to a store-supported type! You might want to check your annotation setup at the converter implementation.
2024-04-17 23:52:34,304 WARN org.springframework.data.convert.CustomConversions [main] Registering converter from interface java.util.Map to class org.springframework.data.elasticsearch.core.geo.GeoJsonGeometryCollection as reading converter although it doesn't convert from a store-supported type! You might want to check your annotation setup at the converter implementation.
2024-04-17 23:52:34,363 INFO org.springframework.data.elasticsearch.support.VersionInfo [main] Version Spring Data Elasticsearch: 4.1.5
2024-04-17 23:52:34,364 INFO org.springframework.data.elasticsearch.support.VersionInfo [main] Version Elasticsearch Client in build: 7.9.3
2024-04-17 23:52:34,364 INFO org.springframework.data.elasticsearch.support.VersionInfo [main] Version Elasticsearch Client used: 7.9.3
2024-04-17 23:52:34,419 INFO org.springframework.scheduling.concurrent.ExecutorConfigurationSupport [main] Initializing ExecutorService 'taskScheduler'
2024-04-17 23:52:34,454 INFO org.springframework.boot.StartupInfoLogger [main] Started DataMigratorApplication in 17.323 seconds (JVM running for 18.01)
2024-04-17 23:52:34,459 INFO org.springframework.boot.autoconfigure.batch.JobLauncherApplicationRunner [main] Running default command line with: []
2024-04-17 23:52:35,689 ERROR com.kit.migrator.datamigrator.DataMigratorApplication [scheduling-1] Failed to run
org.springframework.jdbc.BadSqlGrammarException: PreparedStatementCallback; bad SQL grammar [SELECT JOB_INSTANCE_ID, JOB_NAME from BATCH_JOB_INSTANCE where JOB_NAME = ? and JOB_KEY = ?]; nested exception is com.microsoft.sqlserver.jdbc.SQLServerException: Invalid object name 'BATCH_JOB_INSTANCE'.
	at org.springframework.jdbc.support.SQLErrorCodeSQLExceptionTranslator.doTranslate(SQLErrorCodeSQLExceptionTranslator.java:239)
	at org.springframework.jdbc.support.AbstractFallbackSQLExceptionTranslator.translate(AbstractFallbackSQLExceptionTranslator.java:70)
	at org.springframework.jdbc.core.JdbcTemplate.translateException(JdbcTemplate.java:1541)
	at org.springframework.jdbc.core.JdbcTemplate.execute(JdbcTemplate.java:667)
	at org.springframework.jdbc.core.JdbcTemplate.query(JdbcTemplate.java:713)
	at org.springframework.jdbc.core.JdbcTemplate.query(JdbcTemplate.java:744)
	at org.springframework.jdbc.core.JdbcTemplate.query(JdbcTemplate.java:757)
	at org.springframework.jdbc.core.JdbcTemplate.query(JdbcTemplate.java:815)
	at org.springframework.batch.core.repository.dao.JdbcJobInstanceDao.getJobInstance(JdbcJobInstanceDao.java:151)
	at org.springframework.batch.core.repository.support.SimpleJobRepository.getLastJobExecution(SimpleJobRepository.java:266)
	at sun.reflect.NativeMethodAccessorImpl.invoke0(Native Method)
	at sun.reflect.NativeMethodAccessorImpl.invoke(NativeMethodAccessorImpl.java:62)
	at sun.reflect.DelegatingMethodAccessorImpl.invoke(DelegatingMethodAccessorImpl.java:43)
	at java.lang.reflect.Method.invoke(Method.java:498)
	at org.springframework.aop.support.AopUtils.invokeJoinpointUsingReflection(AopUtils.java:344)
	at org.springframework.aop.framework.ReflectiveMethodInvocation.invokeJoinpoint(ReflectiveMethodInvocation.java:198)
	at org.springframework.aop.framework.ReflectiveMethodInvocation.proceed(ReflectiveMethodInvocation.java:163)
	at org.springframework.transaction.interceptor.TransactionInterceptor$1.proceedWithInvocation(TransactionInterceptor.java:123)
	at org.springframework.transaction.interceptor.TransactionAspectSupport.invokeWithinTransaction(TransactionAspectSupport.java:388)
	at org.springframework.transaction.interceptor.TransactionInterceptor.invoke(TransactionInterceptor.java:119)
	at org.springframework.aop.framework.ReflectiveMethodInvocation.proceed(ReflectiveMethodInvocation.java:186)
	at org.springframework.aop.framework.JdkDynamicAopProxy.invoke(JdkDynamicAopProxy.java:215)
	at com.sun.proxy.$Proxy77.getLastJobExecution(Unknown Source)
	at org.springframework.batch.core.launch.support.SimpleJobLauncher.run(SimpleJobLauncher.java:104)
	at sun.reflect.NativeMethodAccessorImpl.invoke0(Native Method)
	at sun.reflect.NativeMethodAccessorImpl.invoke(NativeMethodAccessorImpl.java:62)
	at sun.reflect.DelegatingMethodAccessorImpl.invoke(DelegatingMethodAccessorImpl.java:43)
	at java.lang.reflect.Method.invoke(Method.java:498)
	at org.springframework.aop.support.AopUtils.invokeJoinpointUsingReflection(AopUtils.java:344)
	at org.springframework.aop.framework.ReflectiveMethodInvocation.invokeJoinpoint(ReflectiveMethodInvocation.java:198)
	at org.springframework.aop.framework.ReflectiveMethodInvocation.proceed(ReflectiveMethodInvocation.java:163)
	at org.springframework.batch.core.configuration.annotation.SimpleBatchConfiguration$PassthruAdvice.invoke(SimpleBatchConfiguration.java:128)
	at org.springframework.aop.framework.ReflectiveMethodInvocation.proceed(ReflectiveMethodInvocation.java:186)
	at org.springframework.aop.framework.JdkDynamicAopProxy.invoke(JdkDynamicAopProxy.java:215)
	at com.sun.proxy.$Proxy79.run(Unknown Source)
	at com.kit.migrator.datamigrator.DataMigratorApplication.launchJob(DataMigratorApplication.java:50)
	at com.kit.migrator.datamigrator.DataMigratorApplication.runJob(DataMigratorApplication.java:36)
	at sun.reflect.NativeMethodAccessorImpl.invoke0(Native Method)
	at sun.reflect.NativeMethodAccessorImpl.invoke(NativeMethodAccessorImpl.java:62)
	at sun.reflect.DelegatingMethodAccessorImpl.invoke(DelegatingMethodAccessorImpl.java:43)
	at java.lang.reflect.Method.invoke(Method.java:498)
	at org.springframework.scheduling.support.ScheduledMethodRunnable.run(ScheduledMethodRunnable.java:84)
	at org.springframework.scheduling.support.DelegatingErrorHandlingRunnable.run(DelegatingErrorHandlingRunnable.java:54)
	at java.util.concurrent.Executors$RunnableAdapter.call(Executors.java:511)
	at java.util.concurrent.FutureTask.runAndReset(FutureTask.java:308)
	at java.util.concurrent.ScheduledThreadPoolExecutor$ScheduledFutureTask.access$301(ScheduledThreadPoolExecutor.java:180)
	at java.util.concurrent.ScheduledThreadPoolExecutor$ScheduledFutureTask.run(ScheduledThreadPoolExecutor.java:294)
	at java.util.concurrent.ThreadPoolExecutor.runWorker(ThreadPoolExecutor.java:1142)
	at java.util.concurrent.ThreadPoolExecutor$Worker.run(ThreadPoolExecutor.java:617)
	at java.lang.Thread.run(Thread.java:745)
Caused by: com.microsoft.sqlserver.jdbc.SQLServerException: Invalid object name 'BATCH_JOB_INSTANCE'.
	at com.microsoft.sqlserver.jdbc.SQLServerException.makeFromDatabaseError(SQLServerException.java:262)
	at com.microsoft.sqlserver.jdbc.SQLServerStatement.getNextResult(SQLServerStatement.java:1632)
	at com.microsoft.sqlserver.jdbc.SQLServerPreparedStatement.doExecutePreparedStatement(SQLServerPreparedStatement.java:602)
	at com.microsoft.sqlserver.jdbc.SQLServerPreparedStatement$PrepStmtExecCmd.doExecute(SQLServerPreparedStatement.java:524)
	at com.microsoft.sqlserver.jdbc.TDSCommand.execute(IOBuffer.java:7375)
	at com.microsoft.sqlserver.jdbc.SQLServerConnection.executeCommand(SQLServerConnection.java:3206)
	at com.microsoft.sqlserver.jdbc.SQLServerStatement.executeCommand(SQLServerStatement.java:247)
	at com.microsoft.sqlserver.jdbc.SQLServerStatement.executeStatement(SQLServerStatement.java:222)
	at com.microsoft.sqlserver.jdbc.SQLServerPreparedStatement.executeQuery(SQLServerPreparedStatement.java:446)
	at com.zaxxer.hikari.pool.ProxyPreparedStatement.executeQuery(ProxyPreparedStatement.java:52)
	at com.zaxxer.hikari.pool.HikariProxyPreparedStatement.executeQuery(HikariProxyPreparedStatement.java)
	at org.springframework.jdbc.core.JdbcTemplate$1.doInPreparedStatement(JdbcTemplate.java:722)
	at org.springframework.jdbc.core.JdbcTemplate.execute(JdbcTemplate.java:651)
	... 46 common frames omitted
2024-04-17 23:52:35,726 INFO org.springframework.boot.autoconfigure.logging.ConditionEvaluationReportLoggingListener [main] 

Error starting ApplicationContext. To display the conditions report re-run your application with 'debug' enabled.
2024-04-17 23:52:35,761 ERROR org.springframework.boot.SpringApplication [main] Application run failed
java.lang.IllegalStateException: Failed to execute ApplicationRunner
	at org.springframework.boot.SpringApplication.callRunner(SpringApplication.java:798)
	at org.springframework.boot.SpringApplication.callRunners(SpringApplication.java:785)
	at org.springframework.boot.SpringApplication.run(SpringApplication.java:333)
	at org.springframework.boot.SpringApplication.run(SpringApplication.java:1311)
	at org.springframework.boot.SpringApplication.run(SpringApplication.java:1300)
	at com.kit.migrator.datamigrator.DataMigratorApplication.main(DataMigratorApplication.java:31)
Caused by: org.springframework.jdbc.BadSqlGrammarException: PreparedStatementCallback; bad SQL grammar [SELECT JOB_INSTANCE_ID, JOB_NAME from BATCH_JOB_INSTANCE where JOB_NAME = ? and JOB_KEY = ?]; nested exception is com.microsoft.sqlserver.jdbc.SQLServerException: Invalid object name 'BATCH_JOB_INSTANCE'.
	at org.springframework.jdbc.support.SQLErrorCodeSQLExceptionTranslator.doTranslate(SQLErrorCodeSQLExceptionTranslator.java:239)
	at org.springframework.jdbc.support.AbstractFallbackSQLExceptionTranslator.translate(AbstractFallbackSQLExceptionTranslator.java:70)
	at org.springframework.jdbc.core.JdbcTemplate.translateException(JdbcTemplate.java:1541)
	at org.springframework.jdbc.core.JdbcTemplate.execute(JdbcTemplate.java:667)
	at org.springframework.jdbc.core.JdbcTemplate.query(JdbcTemplate.java:713)
	at org.springframework.jdbc.core.JdbcTemplate.query(JdbcTemplate.java:744)
	at org.springframework.jdbc.core.JdbcTemplate.query(JdbcTemplate.java:757)
	at org.springframework.jdbc.core.JdbcTemplate.query(JdbcTemplate.java:815)
	at org.springframework.batch.core.repository.dao.JdbcJobInstanceDao.getJobInstance(JdbcJobInstanceDao.java:151)
	at org.springframework.batch.core.repository.support.SimpleJobRepository.isJobInstanceExists(SimpleJobRepository.java:92)
	at sun.reflect.NativeMethodAccessorImpl.invoke0(Native Method)
	at sun.reflect.NativeMethodAccessorImpl.invoke(NativeMethodAccessorImpl.java:62)
	at sun.reflect.DelegatingMethodAccessorImpl.invoke(DelegatingMethodAccessorImpl.java:43)
	at java.lang.reflect.Method.invoke(Method.java:498)
	at org.springframework.aop.support.AopUtils.invokeJoinpointUsingReflection(AopUtils.java:344)
	at org.springframework.aop.framework.ReflectiveMethodInvocation.invokeJoinpoint(ReflectiveMethodInvocation.java:198)
	at org.springframework.aop.framework.ReflectiveMethodInvocation.proceed(ReflectiveMethodInvocation.java:163)
	at org.springframework.transaction.interceptor.TransactionInterceptor$1.proceedWithInvocation(TransactionInterceptor.java:123)
	at org.springframework.transaction.interceptor.TransactionAspectSupport.invokeWithinTransaction(TransactionAspectSupport.java:388)
	at org.springframework.transaction.interceptor.TransactionInterceptor.invoke(TransactionInterceptor.java:119)
	at org.springframework.aop.framework.ReflectiveMethodInvocation.proceed(ReflectiveMethodInvocation.java:186)
	at org.springframework.aop.framework.JdkDynamicAopProxy.invoke(JdkDynamicAopProxy.java:215)
	at com.sun.proxy.$Proxy77.isJobInstanceExists(Unknown Source)
	at sun.reflect.NativeMethodAccessorImpl.invoke0(Native Method)
	at sun.reflect.NativeMethodAccessorImpl.invoke(NativeMethodAccessorImpl.java:62)
	at sun.reflect.DelegatingMethodAccessorImpl.invoke(DelegatingMethodAccessorImpl.java:43)
	at java.lang.reflect.Method.invoke(Method.java:498)
	at org.springframework.aop.support.AopUtils.invokeJoinpointUsingReflection(AopUtils.java:344)
	at org.springframework.aop.framework.ReflectiveMethodInvocation.invokeJoinpoint(ReflectiveMethodInvocation.java:198)
	at org.springframework.aop.framework.ReflectiveMethodInvocation.proceed(ReflectiveMethodInvocation.java:163)
	at org.springframework.batch.core.configuration.annotation.SimpleBatchConfiguration$PassthruAdvice.invoke(SimpleBatchConfiguration.java:128)
	at org.springframework.aop.framework.ReflectiveMethodInvocation.proceed(ReflectiveMethodInvocation.java:186)
	at org.springframework.aop.framework.JdkDynamicAopProxy.invoke(JdkDynamicAopProxy.java:215)
	at com.sun.proxy.$Proxy77.isJobInstanceExists(Unknown Source)
	at org.springframework.boot.autoconfigure.batch.JobLauncherApplicationRunner.getNextJobParameters(JobLauncherApplicationRunner.java:206)
	at org.springframework.boot.autoconfigure.batch.JobLauncherApplicationRunner.execute(JobLauncherApplicationRunner.java:198)
	at org.springframework.boot.autoconfigure.batch.JobLauncherApplicationRunner.executeLocalJobs(JobLauncherApplicationRunner.java:173)
	at org.springframework.boot.autoconfigure.batch.JobLauncherApplicationRunner.launchJobFromProperties(JobLauncherApplicationRunner.java:160)
	at org.springframework.boot.autoconfigure.batch.JobLauncherApplicationRunner.run(JobLauncherApplicationRunner.java:155)
	at org.springframework.boot.autoconfigure.batch.JobLauncherApplicationRunner.run(JobLauncherApplicationRunner.java:150)
	at org.springframework.boot.SpringApplication.callRunner(SpringApplication.java:795)
	... 5 common frames omitted
Caused by: com.microsoft.sqlserver.jdbc.SQLServerException: Invalid object name 'BATCH_JOB_INSTANCE'.
	at com.microsoft.sqlserver.jdbc.SQLServerException.makeFromDatabaseError(SQLServerException.java:262)
	at com.microsoft.sqlserver.jdbc.SQLServerStatement.getNextResult(SQLServerStatement.java:1632)
	at com.microsoft.sqlserver.jdbc.SQLServerPreparedStatement.doExecutePreparedStatement(SQLServerPreparedStatement.java:602)
	at com.microsoft.sqlserver.jdbc.SQLServerPreparedStatement$PrepStmtExecCmd.doExecute(SQLServerPreparedStatement.java:524)
	at com.microsoft.sqlserver.jdbc.TDSCommand.execute(IOBuffer.java:7375)
	at com.microsoft.sqlserver.jdbc.SQLServerConnection.executeCommand(SQLServerConnection.java:3206)
	at com.microsoft.sqlserver.jdbc.SQLServerStatement.executeCommand(SQLServerStatement.java:247)
	at com.microsoft.sqlserver.jdbc.SQLServerStatement.executeStatement(SQLServerStatement.java:222)
	at com.microsoft.sqlserver.jdbc.SQLServerPreparedStatement.executeQuery(SQLServerPreparedStatement.java:446)
	at com.zaxxer.hikari.pool.ProxyPreparedStatement.executeQuery(ProxyPreparedStatement.java:52)
	at com.zaxxer.hikari.pool.HikariProxyPreparedStatement.executeQuery(HikariProxyPreparedStatement.java)
	at org.springframework.jdbc.core.JdbcTemplate$1.doInPreparedStatement(JdbcTemplate.java:722)
	at org.springframework.jdbc.core.JdbcTemplate.execute(JdbcTemplate.java:651)
	... 42 common frames omitted
2024-04-17 23:52:35,769 INFO org.springframework.scheduling.concurrent.ExecutorConfigurationSupport [main] Shutting down ExecutorService 'taskScheduler'
2024-04-17 23:52:35,776 INFO org.springframework.orm.jpa.AbstractEntityManagerFactoryBean [main] Closing JPA EntityManagerFactory for persistence unit 'default'
2024-04-17 23:52:35,787 INFO com.zaxxer.hikari.HikariDataSource [main] HikariPool-1 - Shutdown initiated...
2024-04-17 23:52:35,796 INFO com.zaxxer.hikari.HikariDataSource [main] HikariPool-1 - Shutdown completed.
2024-04-17 23:59:47,870 INFO org.springframework.boot.StartupInfoLogger [main] Starting DataMigratorApplication using Java 1.8.0_111 on Anwaruls-MacBook-Pro.local with PID 86309 (/Users/anwar/Documents/Projects/KTS/SNSOP/Applications/DataMigrator/target/classes started by anwar in /Users/anwar/Documents/Projects/KTS/SNSOP/Applications/DataMigrator)
2024-04-17 23:59:47,875 INFO org.springframework.boot.SpringApplication [main] No active profile set, falling back to default profiles: default
2024-04-17 23:59:48,489 INFO org.springframework.data.repository.config.RepositoryConfigurationDelegate [main] Multiple Spring Data modules found, entering strict repository configuration mode!
2024-04-17 23:59:48,490 INFO org.springframework.data.repository.config.RepositoryConfigurationDelegate [main] Bootstrapping Spring Data Elasticsearch repositories in DEFAULT mode.
2024-04-17 23:59:48,641 INFO org.springframework.data.repository.config.RepositoryConfigurationExtensionSupport [main] Spring Data Elasticsearch - Could not safely identify store assignment for repository candidate interface com.kit.migrator.datamigrator.repository.BeneficiaryRepository. If you want this repository to be a Elasticsearch repository, consider annotating your entities with one of these annotations: org.springframework.data.elasticsearch.annotations.Document (preferred), or consider extending one of the following types with your repository: org.springframework.data.elasticsearch.repository.ElasticsearchRepository, org.springframework.data.elasticsearch.repository.ElasticsearchRepository.
2024-04-17 23:59:48,642 INFO org.springframework.data.repository.config.RepositoryConfigurationDelegate [main] Finished Spring Data repository scanning in 83 ms. Found 0 Elasticsearch repository interfaces.
2024-04-17 23:59:48,660 INFO org.springframework.data.repository.config.RepositoryConfigurationDelegate [main] Multiple Spring Data modules found, entering strict repository configuration mode!
2024-04-17 23:59:48,660 INFO org.springframework.data.repository.config.RepositoryConfigurationDelegate [main] Bootstrapping Spring Data Reactive Elasticsearch repositories in DEFAULT mode.
2024-04-17 23:59:48,670 INFO org.springframework.data.repository.config.RepositoryConfigurationExtensionSupport [main] Spring Data Reactive Elasticsearch - Could not safely identify store assignment for repository candidate interface com.kit.migrator.datamigrator.repository.BeneficiaryRepository. If you want this repository to be a Reactive Elasticsearch repository, consider annotating your entities with one of these annotations: org.springframework.data.elasticsearch.annotations.Document (preferred), or consider extending one of the following types with your repository: org.springframework.data.elasticsearch.repository.ReactiveElasticsearchRepository.
2024-04-17 23:59:48,673 INFO org.springframework.data.repository.config.RepositoryConfigurationDelegate [main] Finished Spring Data repository scanning in 11 ms. Found 0 Reactive Elasticsearch repository interfaces.
2024-04-17 23:59:48,693 INFO org.springframework.data.repository.config.RepositoryConfigurationDelegate [main] Multiple Spring Data modules found, entering strict repository configuration mode!
2024-04-17 23:59:48,694 INFO org.springframework.data.repository.config.RepositoryConfigurationDelegate [main] Bootstrapping Spring Data JPA repositories in DEFAULT mode.
2024-04-17 23:59:48,746 INFO org.springframework.data.repository.config.RepositoryConfigurationDelegate [main] Finished Spring Data repository scanning in 44 ms. Found 1 JPA repository interfaces.
2024-04-17 23:59:49,333 INFO org.hibernate.jpa.internal.util.LogHelper [main] HHH000204: Processing PersistenceUnitInfo [name: default]
2024-04-17 23:59:49,369 INFO org.hibernate.Version [main] HHH000412: Hibernate ORM core version 5.4.28.Final
2024-04-17 23:59:49,473 INFO org.hibernate.annotations.common.reflection.java.JavaReflectionManager [main] HCANN000001: Hibernate Commons Annotations {5.1.2.Final}
2024-04-17 23:59:49,559 INFO com.zaxxer.hikari.HikariDataSource [main] HikariPool-1 - Starting...
2024-04-17 23:59:51,089 INFO com.zaxxer.hikari.HikariDataSource [main] HikariPool-1 - Start completed.
2024-04-17 23:59:51,110 INFO org.hibernate.dialect.Dialect [main] HHH000400: Using dialect: org.hibernate.dialect.SQLServer2012Dialect
2024-04-17 23:59:59,491 INFO org.hibernate.engine.transaction.jta.platform.internal.JtaPlatformInitiator [main] HHH000490: Using JtaPlatform implementation: [org.hibernate.engine.transaction.jta.platform.internal.NoJtaPlatform]
2024-04-17 23:59:59,520 INFO org.springframework.orm.jpa.AbstractEntityManagerFactoryBean [main] Initialized JPA EntityManagerFactory for persistence unit 'default'
2024-04-17 23:59:59,956 WARN org.springframework.batch.core.listener.AbstractListenerFactoryBean [main] org.springframework.batch.item.ItemReader is an interface. The implementing class will not be queried for annotation based listener configurations. If using @StepScope on a @Bean method, be sure to return the implementing class so listener annotations can be used.
